[ 2018-05-18T01:25:44+08:00 ] [ sql ] [ DB ] CONNECT:[ UseTime:0.000000s ] mysql:dbname=yuxin;host=127.0.0.1;port=3306;charset=utf8
[ sql ] [ SQL ] SHOW COLUMNS FROM `tc_config` [ RunTime:0.015624s ]
[ sql ] [ SQL ] SELECT * FROM `tc_config` WHERE  `cate` = 'SEO' [ RunTime:0.000000s ]
[ sql ] [ SQL ] SELECT * FROM `tc_config` WHERE  `cate` = '网站' [ RunTime:0.000000s ]
[ sql ] [ SQL ] SHOW COLUMNS FROM `tc_news_article` [ RunTime:0.015625s ]
[ sql ] [ SQL ] SELECT * FROM `tc_news_article` WHERE  `cate_id` = 24 ORDER BY `update_time`  desc LIMIT 0,11 [ RunTime:0.000000s ]
[ sql ] [ SQL ] SELECT * FROM `tc_news_article` WHERE  `cate_id` = 25 ORDER BY `update_time`  desc LIMIT 0,9 [ RunTime:0.000000s ]

---------------------------------------------------------------
[ 2018-05-18T13:36:00+08:00 ] [ sql ] [ DB ] CONNECT:[ UseTime:0.000000s ] mysql:dbname=yuxin;host=127.0.0.1;port=3306;charset=utf8
[ sql ] [ SQL ] SHOW COLUMNS FROM `tc_config` [ RunTime:0.015625s ]
[ sql ] [ SQL ] SELECT * FROM `tc_config` WHERE  `cate` = 'SEO' [ RunTime:0.000000s ]
[ sql ] [ SQL ] SELECT * FROM `tc_config` WHERE  `cate` = '网站' [ RunTime:0.000000s ]
[ sql ] [ SQL ] SHOW COLUMNS FROM `tc_news_article` [ RunTime:0.015625s ]
[ sql ] [ SQL ] SELECT * FROM `tc_news_article` WHERE  `display` = 'Y' ORDER BY `add_time`  desc [ RunTime:0.000000s ]

---------------------------------------------------------------
[ 2018-05-18T13:36:11+08:00 ] [ sql ] [ DB ] CONNECT:[ UseTime:0.000000s ] mysql:dbname=yuxin;host=127.0.0.1;port=3306;charset=utf8
[ sql ] [ SQL ] SHOW COLUMNS FROM `tc_config` [ RunTime:0.015625s ]
[ sql ] [ SQL ] SELECT * FROM `tc_config` WHERE  `cate` = 'SEO' [ RunTime:0.000000s ]
[ sql ] [ SQL ] SELECT * FROM `tc_config` WHERE  `cate` = '网站' [ RunTime:0.000000s ]
[ sql ] [ SQL ] SHOW COLUMNS FROM `tc_news_article` [ RunTime:0.015625s ]
[ sql ] [ SQL ] SELECT * FROM `tc_news_article` WHERE  `id` = 27 LIMIT 1 [ RunTime:0.000000s ]

---------------------------------------------------------------
