[ 2018-04-26T00:59:35+08:00 ] [ sql ] [ DB ] CONNECT:[ UseTime:0.000000s ] mysql:dbname=yuxin;host=127.0.0.1;port=3306;charset=utf8
[ sql ] [ SQL ] SHOW COLUMNS FROM `tc_config` [ RunTime:0.015624s ]
[ sql ] [ SQL ] SELECT * FROM `tc_config` WHERE  `cate` = 'SEO' [ RunTime:0.000000s ]
[ sql ] [ SQL ] SELECT * FROM `tc_config` WHERE  `cate` = '网站' [ RunTime:0.000000s ]
[ sql ] [ SQL ] SHOW COLUMNS FROM `tc_news_article` [ RunTime:0.015624s ]
[ sql ] [ SQL ] SELECT * FROM `tc_news_article` WHERE  `id` IS NULL LIMIT 1 [ RunTime:0.000000s ]

---------------------------------------------------------------
[ 2018-04-26T02:20:52+08:00 ] [ sql ] [ DB ] CONNECT:[ UseTime:0.000000s ] mysql:dbname=yuxin;host=127.0.0.1;port=3306;charset=utf8
[ sql ] [ SQL ] SHOW COLUMNS FROM `tc_config` [ RunTime:0.000000s ]
[ sql ] [ SQL ] SELECT * FROM `tc_config` WHERE  `cate` = 'SEO' [ RunTime:0.000000s ]
[ sql ] [ SQL ] SELECT * FROM `tc_config` WHERE  `cate` = '网站' [ RunTime:0.000000s ]
[ sql ] [ SQL ] SHOW COLUMNS FROM `tc_news_article` [ RunTime:0.015628s ]
[ sql ] [ SQL ] SELECT * FROM `tc_news_article` WHERE  `cate_id` = 24 ORDER BY `update_time`  desc LIMIT 0,11 [ RunTime:0.000000s ]
[ sql ] [ SQL ] SELECT * FROM `tc_news_article` WHERE  `cate_id` = 25 ORDER BY `update_time`  desc LIMIT 0,9 [ RunTime:0.000000s ]

---------------------------------------------------------------
[ 2018-04-26T03:06:17+08:00 ] [ sql ] [ DB ] CONNECT:[ UseTime:0.000000s ] mysql:dbname=yuxin;host=127.0.0.1;port=3306;charset=utf8
[ sql ] [ SQL ] SHOW COLUMNS FROM `tc_config` [ RunTime:0.015628s ]
[ sql ] [ SQL ] SELECT * FROM `tc_config` WHERE  `cate` = 'SEO' [ RunTime:0.000000s ]
[ sql ] [ SQL ] SELECT * FROM `tc_config` WHERE  `cate` = '网站' [ RunTime:0.000000s ]
[ sql ] [ SQL ] SHOW COLUMNS FROM `tc_news_article` [ RunTime:0.000000s ]
[ sql ] [ SQL ] SELECT * FROM `tc_news_article` WHERE  `id` IS NULL LIMIT 1 [ RunTime:0.000000s ]

---------------------------------------------------------------
[ 2018-04-26T03:21:23+08:00 ] [ sql ] [ DB ] CONNECT:[ UseTime:0.015626s ] mysql:dbname=yuxin;host=127.0.0.1;port=3306;charset=utf8
[ sql ] [ SQL ] SHOW COLUMNS FROM `tc_config` [ RunTime:0.015625s ]
[ sql ] [ SQL ] SELECT * FROM `tc_config` WHERE  `cate` = 'SEO' [ RunTime:0.000000s ]
[ sql ] [ SQL ] SELECT * FROM `tc_config` WHERE  `cate` = '网站' [ RunTime:0.000000s ]
[ sql ] [ SQL ] SHOW COLUMNS FROM `tc_news_article` [ RunTime:0.015625s ]
[ sql ] [ SQL ] SELECT * FROM `tc_news_article` WHERE  `cate_id` = 24 ORDER BY `update_time`  desc LIMIT 0,11 [ RunTime:0.000000s ]
[ sql ] [ SQL ] SELECT * FROM `tc_news_article` WHERE  `cate_id` = 25 ORDER BY `update_time`  desc LIMIT 0,9 [ RunTime:0.000000s ]

---------------------------------------------------------------
[ 2018-04-26T03:30:16+08:00 ] [ error ] [0]MissingPhoneNumbers PhoneNumbers is mandatory for this action. HTTP Status: 400 RequestID: 1C168E3D-5B40-4489-8C54-CD8C37B2C501

---------------------------------------------------------------
[ 2018-04-26T03:30:26+08:00 ] [ sql ] [ DB ] CONNECT:[ UseTime:0.015625s ] mysql:dbname=yuxin;host=127.0.0.1;port=3306;charset=utf8
[ sql ] [ SQL ] SHOW COLUMNS FROM `tc_config` [ RunTime:0.000000s ]
[ sql ] [ SQL ] SELECT * FROM `tc_config` WHERE  `cate` = 'SEO' [ RunTime:0.000000s ]
[ sql ] [ SQL ] SELECT * FROM `tc_config` WHERE  `cate` = '网站' [ RunTime:0.000000s ]
[ sql ] [ SQL ] SHOW COLUMNS FROM `tc_news_article` [ RunTime:0.015625s ]
[ sql ] [ SQL ] SELECT * FROM `tc_news_article` WHERE  `cate_id` = 24 ORDER BY `update_time`  desc LIMIT 0,5 [ RunTime:0.000000s ]
[ sql ] [ SQL ] SELECT * FROM `tc_news_article` WHERE  `cate_id` = 25 ORDER BY `update_time`  desc LIMIT 0,5 [ RunTime:0.000000s ]

---------------------------------------------------------------
[ 2018-04-26T07:33:47+08:00 ] [ sql ] [ DB ] CONNECT:[ UseTime:0.015624s ] mysql:dbname=yuxin;host=127.0.0.1;port=3306;charset=utf8
[ sql ] [ SQL ] SHOW COLUMNS FROM `tc_config` [ RunTime:0.000000s ]
[ sql ] [ SQL ] SELECT * FROM `tc_config` WHERE  `cate` = 'SEO' [ RunTime:0.000000s ]
[ sql ] [ SQL ] SELECT * FROM `tc_config` WHERE  `cate` = '网站' [ RunTime:0.000000s ]
[ sql ] [ SQL ] SHOW COLUMNS FROM `tc_news_article` [ RunTime:0.000000s ]
[ sql ] [ SQL ] SELECT * FROM `tc_news_article` WHERE  `cate_id` = 24 ORDER BY `update_time`  desc LIMIT 0,11 [ RunTime:0.000000s ]
[ sql ] [ SQL ] SELECT * FROM `tc_news_article` WHERE  `cate_id` = 25 ORDER BY `update_time`  desc LIMIT 0,9 [ RunTime:0.000000s ]

---------------------------------------------------------------
[ 2018-04-26T08:44:35+08:00 ] [ sql ] [ DB ] CONNECT:[ UseTime:0.000000s ] mysql:dbname=yuxin;host=127.0.0.1;port=3306;charset=utf8
[ sql ] [ SQL ] SHOW COLUMNS FROM `tc_config` [ RunTime:0.015624s ]
[ sql ] [ SQL ] SELECT * FROM `tc_config` WHERE  `cate` = 'SEO' [ RunTime:0.000000s ]
[ sql ] [ SQL ] SELECT * FROM `tc_config` WHERE  `cate` = '网站' [ RunTime:0.000000s ]
[ sql ] [ SQL ] SHOW COLUMNS FROM `tc_news_article` [ RunTime:0.000000s ]
[ sql ] [ SQL ] SELECT * FROM `tc_news_article` WHERE  `cate_id` = 24 ORDER BY `update_time`  desc LIMIT 0,5 [ RunTime:0.000000s ]
[ sql ] [ SQL ] SELECT * FROM `tc_news_article` WHERE  `cate_id` = 25 ORDER BY `update_time`  desc LIMIT 0,5 [ RunTime:0.000000s ]

---------------------------------------------------------------
[ 2018-04-26T10:25:40+08:00 ] [ sql ] [ DB ] CONNECT:[ UseTime:0.000000s ] mysql:dbname=yuxin;host=127.0.0.1;port=3306;charset=utf8
[ sql ] [ SQL ] SHOW COLUMNS FROM `tc_config` [ RunTime:0.000000s ]
[ sql ] [ SQL ] SELECT * FROM `tc_config` WHERE  `cate` = 'SEO' [ RunTime:0.015625s ]
[ sql ] [ SQL ] SELECT * FROM `tc_config` WHERE  `cate` = '网站' [ RunTime:0.000000s ]
[ sql ] [ SQL ] SHOW COLUMNS FROM `tc_news_article` [ RunTime:0.000000s ]
[ sql ] [ SQL ] SELECT * FROM `tc_news_article` WHERE  `cate_id` = 24 ORDER BY `update_time`  desc LIMIT 0,11 [ RunTime:0.000000s ]
[ sql ] [ SQL ] SELECT * FROM `tc_news_article` WHERE  `cate_id` = 25 ORDER BY `update_time`  desc LIMIT 0,9 [ RunTime:0.000000s ]

---------------------------------------------------------------
[ 2018-04-26T11:27:52+08:00 ] [ sql ] [ DB ] CONNECT:[ UseTime:0.015630s ] mysql:dbname=yuxin;host=127.0.0.1;port=3306;charset=utf8
[ sql ] [ SQL ] SHOW COLUMNS FROM `tc_config` [ RunTime:0.000000s ]
[ sql ] [ SQL ] SELECT * FROM `tc_config` WHERE  `cate` = 'SEO' [ RunTime:0.015629s ]
[ sql ] [ SQL ] SELECT * FROM `tc_config` WHERE  `cate` = '网站' [ RunTime:0.000000s ]
[ sql ] [ SQL ] SHOW COLUMNS FROM `tc_news_article` [ RunTime:0.000000s ]
[ sql ] [ SQL ] SELECT * FROM `tc_news_article` WHERE  `cate_id` = 24 ORDER BY `update_time`  desc LIMIT 0,5 [ RunTime:0.015630s ]
[ sql ] [ SQL ] SELECT * FROM `tc_news_article` WHERE  `cate_id` = 25 ORDER BY `update_time`  desc LIMIT 0,5 [ RunTime:0.000000s ]

---------------------------------------------------------------
[ 2018-04-26T11:28:50+08:00 ] [ sql ] [ DB ] CONNECT:[ UseTime:0.000000s ] mysql:dbname=yuxin;host=127.0.0.1;port=3306;charset=utf8
[ sql ] [ SQL ] SHOW COLUMNS FROM `tc_config` [ RunTime:0.015629s ]
[ sql ] [ SQL ] SELECT * FROM `tc_config` WHERE  `cate` = 'SEO' [ RunTime:0.000000s ]
[ sql ] [ SQL ] SELECT * FROM `tc_config` WHERE  `cate` = '网站' [ RunTime:0.000000s ]
[ sql ] [ SQL ] SHOW COLUMNS FROM `tc_news_article` [ RunTime:0.015630s ]
[ sql ] [ SQL ] SELECT * FROM `tc_news_article` WHERE  `cate_id` = 24 ORDER BY `update_time`  desc LIMIT 0,11 [ RunTime:0.000000s ]
[ sql ] [ SQL ] SELECT * FROM `tc_news_article` WHERE  `cate_id` = 25 ORDER BY `update_time`  desc LIMIT 0,9 [ RunTime:0.000000s ]

---------------------------------------------------------------
[ 2018-04-26T11:28:57+08:00 ] [ sql ] [ DB ] CONNECT:[ UseTime:0.015630s ] mysql:dbname=yuxin;host=127.0.0.1;port=3306;charset=utf8
[ sql ] [ SQL ] SHOW COLUMNS FROM `tc_config` [ RunTime:0.015629s ]
[ sql ] [ SQL ] SELECT * FROM `tc_config` WHERE  `cate` = 'SEO' [ RunTime:0.000000s ]
[ sql ] [ SQL ] SELECT * FROM `tc_config` WHERE  `cate` = '网站' [ RunTime:0.000000s ]
[ sql ] [ SQL ] SHOW COLUMNS FROM `tc_news_article` [ RunTime:0.015630s ]
[ sql ] [ SQL ] SELECT * FROM `tc_news_article` WHERE  `cate_id` = 24 ORDER BY `update_time`  desc LIMIT 0,5 [ RunTime:0.000000s ]
[ sql ] [ SQL ] SELECT * FROM `tc_news_article` WHERE  `cate_id` = 25 ORDER BY `update_time`  desc LIMIT 0,5 [ RunTime:0.000000s ]

---------------------------------------------------------------
[ 2018-04-26T13:03:33+08:00 ] [ sql ] [ DB ] CONNECT:[ UseTime:0.000000s ] mysql:dbname=yuxin;host=127.0.0.1;port=3306;charset=utf8
[ sql ] [ SQL ] SHOW COLUMNS FROM `tc_config` [ RunTime:0.015627s ]
[ sql ] [ SQL ] SELECT * FROM `tc_config` WHERE  `cate` = 'SEO' [ RunTime:0.000000s ]
[ sql ] [ SQL ] SELECT * FROM `tc_config` WHERE  `cate` = '网站' [ RunTime:0.000000s ]
[ sql ] [ SQL ] SHOW COLUMNS FROM `tc_news_article` [ RunTime:0.015626s ]
[ sql ] [ SQL ] SELECT * FROM `tc_news_article` WHERE  `cate_id` = 24 ORDER BY `update_time`  desc LIMIT 0,5 [ RunTime:0.000000s ]
[ sql ] [ SQL ] SELECT * FROM `tc_news_article` WHERE  `cate_id` = 25 ORDER BY `update_time`  desc LIMIT 0,5 [ RunTime:0.000000s ]

---------------------------------------------------------------
[ 2018-04-26T16:32:08+08:00 ] [ sql ] [ DB ] CONNECT:[ UseTime:0.000000s ] mysql:dbname=yuxin;host=127.0.0.1;port=3306;charset=utf8
[ sql ] [ SQL ] SHOW COLUMNS FROM `tc_config` [ RunTime:0.000000s ]
[ sql ] [ SQL ] SELECT * FROM `tc_config` WHERE  `cate` = 'SEO' [ RunTime:0.000000s ]
[ sql ] [ SQL ] SELECT * FROM `tc_config` WHERE  `cate` = '网站' [ RunTime:0.000000s ]
[ sql ] [ SQL ] SHOW COLUMNS FROM `tc_news_article` [ RunTime:0.000000s ]
[ sql ] [ SQL ] SELECT * FROM `tc_news_article` WHERE  `cate_id` = 24 ORDER BY `update_time`  desc LIMIT 0,11 [ RunTime:0.000000s ]
[ sql ] [ SQL ] SELECT * FROM `tc_news_article` WHERE  `cate_id` = 25 ORDER BY `update_time`  desc LIMIT 0,9 [ RunTime:0.015624s ]

---------------------------------------------------------------
[ 2018-04-26T17:27:48+08:00 ] [ sql ] [ DB ] CONNECT:[ UseTime:0.000000s ] mysql:dbname=yuxin;host=127.0.0.1;port=3306;charset=utf8
[ sql ] [ SQL ] SHOW COLUMNS FROM `tc_config` [ RunTime:0.015624s ]
[ sql ] [ SQL ] SELECT * FROM `tc_config` WHERE  `cate` = 'SEO' [ RunTime:0.000000s ]
[ sql ] [ SQL ] SELECT * FROM `tc_config` WHERE  `cate` = '网站' [ RunTime:0.000000s ]
[ sql ] [ SQL ] SHOW COLUMNS FROM `tc_news_article` [ RunTime:0.015624s ]
[ sql ] [ SQL ] SELECT * FROM `tc_news_article` WHERE  `cate_id` = 24 ORDER BY `update_time`  desc LIMIT 0,5 [ RunTime:0.000000s ]
[ sql ] [ SQL ] SELECT * FROM `tc_news_article` WHERE  `cate_id` = 25 ORDER BY `update_time`  desc LIMIT 0,5 [ RunTime:0.000000s ]

---------------------------------------------------------------
[ 2018-04-26T17:58:27+08:00 ] [ sql ] [ DB ] CONNECT:[ UseTime:0.000000s ] mysql:dbname=yuxin;host=127.0.0.1;port=3306;charset=utf8
[ sql ] [ SQL ] SHOW COLUMNS FROM `tc_config` [ RunTime:0.015625s ]
[ sql ] [ SQL ] SELECT * FROM `tc_config` WHERE  `cate` = 'SEO' [ RunTime:0.000000s ]
[ sql ] [ SQL ] SELECT * FROM `tc_config` WHERE  `cate` = '网站' [ RunTime:0.000000s ]
[ sql ] [ SQL ] SHOW COLUMNS FROM `tc_news_article` [ RunTime:0.015624s ]
[ sql ] [ SQL ] SELECT * FROM `tc_news_article` WHERE  `cate_id` = 24 ORDER BY `update_time`  desc LIMIT 0,11 [ RunTime:0.000000s ]
[ sql ] [ SQL ] SELECT * FROM `tc_news_article` WHERE  `cate_id` = 25 ORDER BY `update_time`  desc LIMIT 0,9 [ RunTime:0.000000s ]

---------------------------------------------------------------
[ 2018-04-26T20:15:37+08:00 ] [ sql ] [ DB ] CONNECT:[ UseTime:0.000000s ] mysql:dbname=yuxin;host=127.0.0.1;port=3306;charset=utf8
[ sql ] [ SQL ] SHOW COLUMNS FROM `tc_config` [ RunTime:0.015624s ]
[ sql ] [ SQL ] SELECT * FROM `tc_config` WHERE  `cate` = 'SEO' [ RunTime:0.000000s ]
[ sql ] [ SQL ] SELECT * FROM `tc_config` WHERE  `cate` = '网站' [ RunTime:0.000000s ]
[ sql ] [ SQL ] SHOW COLUMNS FROM `tc_news_article` [ RunTime:0.015624s ]
[ sql ] [ SQL ] SELECT * FROM `tc_news_article` WHERE  `cate_id` = 24 ORDER BY `update_time`  desc LIMIT 0,5 [ RunTime:0.000000s ]
[ sql ] [ SQL ] SELECT * FROM `tc_news_article` WHERE  `cate_id` = 25 ORDER BY `update_time`  desc LIMIT 0,5 [ RunTime:0.000000s ]

---------------------------------------------------------------
[ 2018-04-26T22:33:20+08:00 ] [ sql ] [ DB ] CONNECT:[ UseTime:0.015625s ] mysql:dbname=yuxin;host=127.0.0.1;port=3306;charset=utf8
[ sql ] [ SQL ] SHOW COLUMNS FROM `tc_config` [ RunTime:0.000000s ]
[ sql ] [ SQL ] SELECT * FROM `tc_config` WHERE  `cate` = 'SEO' [ RunTime:0.000000s ]
[ sql ] [ SQL ] SELECT * FROM `tc_config` WHERE  `cate` = '网站' [ RunTime:0.000000s ]
[ sql ] [ SQL ] SHOW COLUMNS FROM `tc_news_article` [ RunTime:0.015625s ]
[ sql ] [ SQL ] SELECT * FROM `tc_news_article` WHERE  `id` = 0 LIMIT 1 [ RunTime:0.000000s ]

---------------------------------------------------------------
