[ 2018-05-08T01:57:24+08:00 ] [ sql ] [ DB ] CONNECT:[ UseTime:0.000000s ] mysql:dbname=yuxin;host=127.0.0.1;port=3306;charset=utf8
[ sql ] [ SQL ] SHOW COLUMNS FROM `tc_config` [ RunTime:0.000000s ]
[ sql ] [ SQL ] SELECT * FROM `tc_config` WHERE  `cate` = 'SEO' [ RunTime:0.000000s ]
[ sql ] [ SQL ] SELECT * FROM `tc_config` WHERE  `cate` = '网站' [ RunTime:0.000000s ]

---------------------------------------------------------------
[ 2018-05-08T02:01:28+08:00 ] [ sql ] [ DB ] CONNECT:[ UseTime:0.000000s ] mysql:dbname=yuxin;host=127.0.0.1;port=3306;charset=utf8
[ sql ] [ SQL ] SHOW COLUMNS FROM `tc_config` [ RunTime:0.015624s ]
[ sql ] [ SQL ] SELECT * FROM `tc_config` WHERE  `cate` = 'SEO' [ RunTime:0.000000s ]
[ sql ] [ SQL ] SELECT * FROM `tc_config` WHERE  `cate` = '网站' [ RunTime:0.000000s ]

---------------------------------------------------------------
[ 2018-05-08T06:16:21+08:00 ] [ sql ] [ DB ] CONNECT:[ UseTime:0.000000s ] mysql:dbname=yuxin;host=127.0.0.1;port=3306;charset=utf8
[ sql ] [ SQL ] SHOW COLUMNS FROM `tc_config` [ RunTime:0.015624s ]
[ sql ] [ SQL ] SELECT * FROM `tc_config` WHERE  `cate` = 'SEO' [ RunTime:0.000000s ]
[ sql ] [ SQL ] SELECT * FROM `tc_config` WHERE  `cate` = '网站' [ RunTime:0.000000s ]

---------------------------------------------------------------
[ 2018-05-08T07:36:42+08:00 ] [ sql ] [ DB ] CONNECT:[ UseTime:0.000000s ] mysql:dbname=yuxin;host=127.0.0.1;port=3306;charset=utf8
[ sql ] [ SQL ] SHOW COLUMNS FROM `tc_config` [ RunTime:0.015624s ]
[ sql ] [ SQL ] SELECT * FROM `tc_config` WHERE  `cate` = 'SEO' [ RunTime:0.000000s ]
[ sql ] [ SQL ] SELECT * FROM `tc_config` WHERE  `cate` = '网站' [ RunTime:0.000000s ]

---------------------------------------------------------------
[ 2018-05-08T09:23:42+08:00 ] [ sql ] [ DB ] CONNECT:[ UseTime:0.015626s ] mysql:dbname=yuxin;host=127.0.0.1;port=3306;charset=utf8
[ sql ] [ SQL ] SHOW COLUMNS FROM `tc_config` [ RunTime:0.015626s ]
[ sql ] [ SQL ] SELECT * FROM `tc_config` WHERE  `cate` = 'SEO' [ RunTime:0.000000s ]
[ sql ] [ SQL ] SELECT * FROM `tc_config` WHERE  `cate` = '网站' [ RunTime:0.000000s ]

---------------------------------------------------------------
[ 2018-05-08T09:24:07+08:00 ] [ sql ] [ DB ] CONNECT:[ UseTime:0.000000s ] mysql:dbname=yuxin;host=127.0.0.1;port=3306;charset=utf8
[ sql ] [ SQL ] SHOW COLUMNS FROM `tc_config` [ RunTime:0.000000s ]
[ sql ] [ SQL ] SELECT * FROM `tc_config` WHERE  `cate` = 'SEO' [ RunTime:0.000000s ]
[ sql ] [ SQL ] SELECT * FROM `tc_config` WHERE  `cate` = '网站' [ RunTime:0.000000s ]

---------------------------------------------------------------
[ 2018-05-08T09:50:05+08:00 ] [ sql ] [ DB ] CONNECT:[ UseTime:0.000000s ] mysql:dbname=yuxin;host=127.0.0.1;port=3306;charset=utf8
[ sql ] [ SQL ] SHOW COLUMNS FROM `tc_config` [ RunTime:0.000000s ]
[ sql ] [ SQL ] SELECT * FROM `tc_config` WHERE  `cate` = 'SEO' [ RunTime:0.000000s ]
[ sql ] [ SQL ] SELECT * FROM `tc_config` WHERE  `cate` = '网站' [ RunTime:0.000000s ]

---------------------------------------------------------------
[ 2018-05-08T10:12:26+08:00 ] [ sql ] [ DB ] CONNECT:[ UseTime:0.015625s ] mysql:dbname=yuxin;host=127.0.0.1;port=3306;charset=utf8
[ sql ] [ SQL ] SHOW COLUMNS FROM `tc_config` [ RunTime:0.015624s ]
[ sql ] [ SQL ] SELECT * FROM `tc_config` WHERE  `cate` = 'SEO' [ RunTime:0.000000s ]
[ sql ] [ SQL ] SELECT * FROM `tc_config` WHERE  `cate` = '网站' [ RunTime:0.000000s ]

---------------------------------------------------------------
[ 2018-05-08T10:13:44+08:00 ] [ sql ] [ DB ] CONNECT:[ UseTime:0.031249s ] mysql:dbname=yuxin;host=127.0.0.1;port=3306;charset=utf8
[ sql ] [ SQL ] SHOW COLUMNS FROM `tc_config` [ RunTime:0.000000s ]
[ sql ] [ SQL ] SELECT * FROM `tc_config` WHERE  `cate` = 'SEO' [ RunTime:0.000000s ]
[ sql ] [ SQL ] SELECT * FROM `tc_config` WHERE  `cate` = '网站' [ RunTime:0.000000s ]

---------------------------------------------------------------
[ 2018-05-08T11:02:00+08:00 ] [ sql ] [ DB ] CONNECT:[ UseTime:0.000000s ] mysql:dbname=yuxin;host=127.0.0.1;port=3306;charset=utf8
[ sql ] [ SQL ] SHOW COLUMNS FROM `tc_config` [ RunTime:0.000000s ]
[ sql ] [ SQL ] SELECT * FROM `tc_config` WHERE  `cate` = 'SEO' [ RunTime:0.015624s ]
[ sql ] [ SQL ] SELECT * FROM `tc_config` WHERE  `cate` = '网站' [ RunTime:0.000000s ]

---------------------------------------------------------------
[ 2018-05-08T13:43:50+08:00 ] [ sql ] [ DB ] CONNECT:[ UseTime:0.000000s ] mysql:dbname=yuxin;host=127.0.0.1;port=3306;charset=utf8
[ sql ] [ SQL ] SHOW COLUMNS FROM `tc_config` [ RunTime:0.015625s ]
[ sql ] [ SQL ] SELECT * FROM `tc_config` WHERE  `cate` = 'SEO' [ RunTime:0.000000s ]
[ sql ] [ SQL ] SELECT * FROM `tc_config` WHERE  `cate` = '网站' [ RunTime:0.000000s ]

---------------------------------------------------------------
[ 2018-05-08T13:57:36+08:00 ] [ sql ] [ DB ] CONNECT:[ UseTime:0.000000s ] mysql:dbname=yuxin;host=127.0.0.1;port=3306;charset=utf8
[ sql ] [ SQL ] SHOW COLUMNS FROM `tc_config` [ RunTime:0.015626s ]
[ sql ] [ SQL ] SELECT * FROM `tc_config` WHERE  `cate` = 'SEO' [ RunTime:0.000000s ]
[ sql ] [ SQL ] SELECT * FROM `tc_config` WHERE  `cate` = '网站' [ RunTime:0.000000s ]

---------------------------------------------------------------
[ 2018-05-08T14:23:21+08:00 ] [ sql ] [ DB ] CONNECT:[ UseTime:0.015625s ] mysql:dbname=yuxin;host=127.0.0.1;port=3306;charset=utf8
[ sql ] [ SQL ] SHOW COLUMNS FROM `tc_config` [ RunTime:0.000000s ]
[ sql ] [ SQL ] SELECT * FROM `tc_config` WHERE  `cate` = 'SEO' [ RunTime:0.000000s ]
[ sql ] [ SQL ] SELECT * FROM `tc_config` WHERE  `cate` = '网站' [ RunTime:0.000000s ]

---------------------------------------------------------------
[ 2018-05-08T14:23:52+08:00 ] [ sql ] [ DB ] CONNECT:[ UseTime:0.015625s ] mysql:dbname=yuxin;host=127.0.0.1;port=3306;charset=utf8
[ sql ] [ SQL ] SHOW COLUMNS FROM `tc_config` [ RunTime:0.015624s ]
[ sql ] [ SQL ] SELECT * FROM `tc_config` WHERE  `cate` = 'SEO' [ RunTime:0.000000s ]
[ sql ] [ SQL ] SELECT * FROM `tc_config` WHERE  `cate` = '网站' [ RunTime:0.000000s ]
[ error ] [8]未定义数组索引: province3

---------------------------------------------------------------
[ 2018-05-08T14:24:02+08:00 ] [ sql ] [ DB ] CONNECT:[ UseTime:0.000000s ] mysql:dbname=yuxin;host=127.0.0.1;port=3306;charset=utf8
[ sql ] [ SQL ] SHOW COLUMNS FROM `tc_config` [ RunTime:0.000000s ]
[ sql ] [ SQL ] SELECT * FROM `tc_config` WHERE  `cate` = 'SEO' [ RunTime:0.000000s ]
[ sql ] [ SQL ] SELECT * FROM `tc_config` WHERE  `cate` = '网站' [ RunTime:0.000000s ]
[ error ] [8]未定义数组索引: province3

---------------------------------------------------------------
[ 2018-05-08T14:24:06+08:00 ] [ sql ] [ DB ] CONNECT:[ UseTime:0.015625s ] mysql:dbname=yuxin;host=127.0.0.1;port=3306;charset=utf8
[ sql ] [ SQL ] SHOW COLUMNS FROM `tc_config` [ RunTime:0.015624s ]
[ sql ] [ SQL ] SELECT * FROM `tc_config` WHERE  `cate` = 'SEO' [ RunTime:0.000000s ]
[ sql ] [ SQL ] SELECT * FROM `tc_config` WHERE  `cate` = '网站' [ RunTime:0.000000s ]
[ error ] [8]未定义数组索引: province3

---------------------------------------------------------------
[ 2018-05-08T14:24:17+08:00 ] [ sql ] [ DB ] CONNECT:[ UseTime:0.000000s ] mysql:dbname=yuxin;host=127.0.0.1;port=3306;charset=utf8
[ sql ] [ SQL ] SHOW COLUMNS FROM `tc_config` [ RunTime:0.015625s ]
[ sql ] [ SQL ] SELECT * FROM `tc_config` WHERE  `cate` = 'SEO' [ RunTime:0.000000s ]
[ sql ] [ SQL ] SELECT * FROM `tc_config` WHERE  `cate` = '网站' [ RunTime:0.000000s ]

---------------------------------------------------------------
[ 2018-05-08T14:24:38+08:00 ] [ sql ] [ DB ] CONNECT:[ UseTime:0.000000s ] mysql:dbname=yuxin;host=127.0.0.1;port=3306;charset=utf8
[ sql ] [ SQL ] SHOW COLUMNS FROM `tc_config` [ RunTime:0.000000s ]
[ sql ] [ SQL ] SELECT * FROM `tc_config` WHERE  `cate` = 'SEO' [ RunTime:0.000000s ]
[ sql ] [ SQL ] SELECT * FROM `tc_config` WHERE  `cate` = '网站' [ RunTime:0.000000s ]
[ error ] [8]未定义数组索引: province3

---------------------------------------------------------------
[ 2018-05-08T14:24:42+08:00 ] [ sql ] [ DB ] CONNECT:[ UseTime:0.000000s ] mysql:dbname=yuxin;host=127.0.0.1;port=3306;charset=utf8
[ sql ] [ SQL ] SHOW COLUMNS FROM `tc_config` [ RunTime:0.015625s ]
[ sql ] [ SQL ] SELECT * FROM `tc_config` WHERE  `cate` = 'SEO' [ RunTime:0.000000s ]
[ sql ] [ SQL ] SELECT * FROM `tc_config` WHERE  `cate` = '网站' [ RunTime:0.000000s ]
[ error ] [8]未定义数组索引: province3

---------------------------------------------------------------
[ 2018-05-08T14:25:09+08:00 ] [ sql ] [ DB ] CONNECT:[ UseTime:0.015625s ] mysql:dbname=yuxin;host=127.0.0.1;port=3306;charset=utf8
[ sql ] [ SQL ] SHOW COLUMNS FROM `tc_config` [ RunTime:0.015624s ]
[ sql ] [ SQL ] SELECT * FROM `tc_config` WHERE  `cate` = 'SEO' [ RunTime:0.000000s ]
[ sql ] [ SQL ] SELECT * FROM `tc_config` WHERE  `cate` = '网站' [ RunTime:0.000000s ]

---------------------------------------------------------------
[ 2018-05-08T14:25:23+08:00 ] [ sql ] [ DB ] CONNECT:[ UseTime:0.000000s ] mysql:dbname=yuxin;host=127.0.0.1;port=3306;charset=utf8
[ sql ] [ SQL ] SHOW COLUMNS FROM `tc_config` [ RunTime:0.015625s ]
[ sql ] [ SQL ] SELECT * FROM `tc_config` WHERE  `cate` = 'SEO' [ RunTime:0.000000s ]
[ sql ] [ SQL ] SELECT * FROM `tc_config` WHERE  `cate` = '网站' [ RunTime:0.000000s ]

---------------------------------------------------------------
[ 2018-05-08T14:25:42+08:00 ] [ sql ] [ DB ] CONNECT:[ UseTime:0.015625s ] mysql:dbname=yuxin;host=127.0.0.1;port=3306;charset=utf8
[ sql ] [ SQL ] SHOW COLUMNS FROM `tc_config` [ RunTime:0.015625s ]
[ sql ] [ SQL ] SELECT * FROM `tc_config` WHERE  `cate` = 'SEO' [ RunTime:0.000000s ]
[ sql ] [ SQL ] SELECT * FROM `tc_config` WHERE  `cate` = '网站' [ RunTime:0.000000s ]

---------------------------------------------------------------
[ 2018-05-08T14:26:20+08:00 ] [ sql ] [ DB ] CONNECT:[ UseTime:0.000000s ] mysql:dbname=yuxin;host=127.0.0.1;port=3306;charset=utf8
[ sql ] [ SQL ] SHOW COLUMNS FROM `tc_config` [ RunTime:0.000000s ]
[ sql ] [ SQL ] SELECT * FROM `tc_config` WHERE  `cate` = 'SEO' [ RunTime:0.000000s ]
[ sql ] [ SQL ] SELECT * FROM `tc_config` WHERE  `cate` = '网站' [ RunTime:0.000000s ]

---------------------------------------------------------------
[ 2018-05-08T14:26:51+08:00 ] [ sql ] [ DB ] CONNECT:[ UseTime:0.015625s ] mysql:dbname=yuxin;host=127.0.0.1;port=3306;charset=utf8
[ sql ] [ SQL ] SHOW COLUMNS FROM `tc_config` [ RunTime:0.000000s ]
[ sql ] [ SQL ] SELECT * FROM `tc_config` WHERE  `cate` = 'SEO' [ RunTime:0.000000s ]
[ sql ] [ SQL ] SELECT * FROM `tc_config` WHERE  `cate` = '网站' [ RunTime:0.000000s ]

---------------------------------------------------------------
[ 2018-05-08T14:27:05+08:00 ] [ sql ] [ DB ] CONNECT:[ UseTime:0.000000s ] mysql:dbname=yuxin;host=127.0.0.1;port=3306;charset=utf8
[ sql ] [ SQL ] SHOW COLUMNS FROM `tc_config` [ RunTime:0.015624s ]
[ sql ] [ SQL ] SELECT * FROM `tc_config` WHERE  `cate` = 'SEO' [ RunTime:0.000000s ]
[ sql ] [ SQL ] SELECT * FROM `tc_config` WHERE  `cate` = '网站' [ RunTime:0.000000s ]

---------------------------------------------------------------
[ 2018-05-08T14:27:18+08:00 ] [ sql ] [ DB ] CONNECT:[ UseTime:0.015625s ] mysql:dbname=yuxin;host=127.0.0.1;port=3306;charset=utf8
[ sql ] [ SQL ] SHOW COLUMNS FROM `tc_config` [ RunTime:0.015625s ]
[ sql ] [ SQL ] SELECT * FROM `tc_config` WHERE  `cate` = 'SEO' [ RunTime:0.000000s ]
[ sql ] [ SQL ] SELECT * FROM `tc_config` WHERE  `cate` = '网站' [ RunTime:0.000000s ]

---------------------------------------------------------------
[ 2018-05-08T14:27:22+08:00 ] [ sql ] [ DB ] CONNECT:[ UseTime:0.015625s ] mysql:dbname=yuxin;host=127.0.0.1;port=3306;charset=utf8
[ sql ] [ SQL ] SHOW COLUMNS FROM `tc_config` [ RunTime:0.000000s ]
[ sql ] [ SQL ] SELECT * FROM `tc_config` WHERE  `cate` = 'SEO' [ RunTime:0.000000s ]
[ sql ] [ SQL ] SELECT * FROM `tc_config` WHERE  `cate` = '网站' [ RunTime:0.000000s ]

---------------------------------------------------------------
[ 2018-05-08T14:27:32+08:00 ] [ sql ] [ DB ] CONNECT:[ UseTime:0.015625s ] mysql:dbname=yuxin;host=127.0.0.1;port=3306;charset=utf8
[ sql ] [ SQL ] SHOW COLUMNS FROM `tc_config` [ RunTime:0.000000s ]
[ sql ] [ SQL ] SELECT * FROM `tc_config` WHERE  `cate` = 'SEO' [ RunTime:0.000000s ]
[ sql ] [ SQL ] SELECT * FROM `tc_config` WHERE  `cate` = '网站' [ RunTime:0.000000s ]

---------------------------------------------------------------
[ 2018-05-08T14:28:06+08:00 ] [ sql ] [ DB ] CONNECT:[ UseTime:0.015625s ] mysql:dbname=yuxin;host=127.0.0.1;port=3306;charset=utf8
[ sql ] [ SQL ] SHOW COLUMNS FROM `tc_config` [ RunTime:0.015624s ]
[ sql ] [ SQL ] SELECT * FROM `tc_config` WHERE  `cate` = 'SEO' [ RunTime:0.000000s ]
[ sql ] [ SQL ] SELECT * FROM `tc_config` WHERE  `cate` = '网站' [ RunTime:0.000000s ]

---------------------------------------------------------------
[ 2018-05-08T14:28:13+08:00 ] [ sql ] [ DB ] CONNECT:[ UseTime:0.015625s ] mysql:dbname=yuxin;host=127.0.0.1;port=3306;charset=utf8
[ sql ] [ SQL ] SHOW COLUMNS FROM `tc_config` [ RunTime:0.015625s ]
[ sql ] [ SQL ] SELECT * FROM `tc_config` WHERE  `cate` = 'SEO' [ RunTime:0.000000s ]
[ sql ] [ SQL ] SELECT * FROM `tc_config` WHERE  `cate` = '网站' [ RunTime:0.000000s ]

---------------------------------------------------------------
[ 2018-05-08T14:28:38+08:00 ] [ sql ] [ DB ] CONNECT:[ UseTime:0.015625s ] mysql:dbname=yuxin;host=127.0.0.1;port=3306;charset=utf8
[ sql ] [ SQL ] SHOW COLUMNS FROM `tc_config` [ RunTime:0.000000s ]
[ sql ] [ SQL ] SELECT * FROM `tc_config` WHERE  `cate` = 'SEO' [ RunTime:0.000000s ]
[ sql ] [ SQL ] SELECT * FROM `tc_config` WHERE  `cate` = '网站' [ RunTime:0.000000s ]

---------------------------------------------------------------
[ 2018-05-08T14:28:42+08:00 ] [ sql ] [ DB ] CONNECT:[ UseTime:0.000000s ] mysql:dbname=yuxin;host=127.0.0.1;port=3306;charset=utf8
[ sql ] [ SQL ] SHOW COLUMNS FROM `tc_config` [ RunTime:0.015625s ]
[ sql ] [ SQL ] SELECT * FROM `tc_config` WHERE  `cate` = 'SEO' [ RunTime:0.000000s ]
[ sql ] [ SQL ] SELECT * FROM `tc_config` WHERE  `cate` = '网站' [ RunTime:0.000000s ]

---------------------------------------------------------------
[ 2018-05-08T14:28:44+08:00 ] [ sql ] [ DB ] CONNECT:[ UseTime:0.015625s ] mysql:dbname=yuxin;host=127.0.0.1;port=3306;charset=utf8
[ sql ] [ SQL ] SHOW COLUMNS FROM `tc_config` [ RunTime:0.015624s ]
[ sql ] [ SQL ] SELECT * FROM `tc_config` WHERE  `cate` = 'SEO' [ RunTime:0.000000s ]
[ sql ] [ SQL ] SELECT * FROM `tc_config` WHERE  `cate` = '网站' [ RunTime:0.000000s ]

---------------------------------------------------------------
[ 2018-05-08T14:31:13+08:00 ] [ sql ] [ DB ] CONNECT:[ UseTime:0.000000s ] mysql:dbname=yuxin;host=127.0.0.1;port=3306;charset=utf8
[ sql ] [ SQL ] SHOW COLUMNS FROM `tc_config` [ RunTime:0.015625s ]
[ sql ] [ SQL ] SELECT * FROM `tc_config` WHERE  `cate` = 'SEO' [ RunTime:0.000000s ]
[ sql ] [ SQL ] SELECT * FROM `tc_config` WHERE  `cate` = '网站' [ RunTime:0.000000s ]

---------------------------------------------------------------
[ 2018-05-08T14:31:15+08:00 ] [ sql ] [ DB ] CONNECT:[ UseTime:0.000000s ] mysql:dbname=yuxin;host=127.0.0.1;port=3306;charset=utf8
[ sql ] [ SQL ] SHOW COLUMNS FROM `tc_config` [ RunTime:0.015625s ]
[ sql ] [ SQL ] SELECT * FROM `tc_config` WHERE  `cate` = 'SEO' [ RunTime:0.000000s ]
[ sql ] [ SQL ] SELECT * FROM `tc_config` WHERE  `cate` = '网站' [ RunTime:0.000000s ]

---------------------------------------------------------------
[ 2018-05-08T14:31:38+08:00 ] [ sql ] [ DB ] CONNECT:[ UseTime:0.000000s ] mysql:dbname=yuxin;host=127.0.0.1;port=3306;charset=utf8
[ sql ] [ SQL ] SHOW COLUMNS FROM `tc_config` [ RunTime:0.015625s ]
[ sql ] [ SQL ] SELECT * FROM `tc_config` WHERE  `cate` = 'SEO' [ RunTime:0.000000s ]
[ sql ] [ SQL ] SELECT * FROM `tc_config` WHERE  `cate` = '网站' [ RunTime:0.000000s ]

---------------------------------------------------------------
[ 2018-05-08T14:32:08+08:00 ] [ sql ] [ DB ] CONNECT:[ UseTime:0.015624s ] mysql:dbname=yuxin;host=127.0.0.1;port=3306;charset=utf8
[ sql ] [ SQL ] SHOW COLUMNS FROM `tc_config` [ RunTime:0.000000s ]
[ sql ] [ SQL ] SELECT * FROM `tc_config` WHERE  `cate` = 'SEO' [ RunTime:0.000000s ]
[ sql ] [ SQL ] SELECT * FROM `tc_config` WHERE  `cate` = '网站' [ RunTime:0.000000s ]
[ error ] [8]未定义变量: db

---------------------------------------------------------------
[ 2018-05-08T14:32:13+08:00 ] [ sql ] [ DB ] CONNECT:[ UseTime:0.015624s ] mysql:dbname=yuxin;host=127.0.0.1;port=3306;charset=utf8
[ sql ] [ SQL ] SHOW COLUMNS FROM `tc_config` [ RunTime:0.000000s ]
[ sql ] [ SQL ] SELECT * FROM `tc_config` WHERE  `cate` = 'SEO' [ RunTime:0.000000s ]
[ sql ] [ SQL ] SELECT * FROM `tc_config` WHERE  `cate` = '网站' [ RunTime:0.000000s ]

---------------------------------------------------------------
[ 2018-05-08T14:32:22+08:00 ] [ sql ] [ DB ] CONNECT:[ UseTime:0.000000s ] mysql:dbname=yuxin;host=127.0.0.1;port=3306;charset=utf8
[ sql ] [ SQL ] SHOW COLUMNS FROM `tc_config` [ RunTime:0.015624s ]
[ sql ] [ SQL ] SELECT * FROM `tc_config` WHERE  `cate` = 'SEO' [ RunTime:0.000000s ]
[ sql ] [ SQL ] SELECT * FROM `tc_config` WHERE  `cate` = '网站' [ RunTime:0.000000s ]

---------------------------------------------------------------
[ 2018-05-08T14:32:27+08:00 ] [ sql ] [ DB ] CONNECT:[ UseTime:0.000000s ] mysql:dbname=yuxin;host=127.0.0.1;port=3306;charset=utf8
[ sql ] [ SQL ] SHOW COLUMNS FROM `tc_config` [ RunTime:0.015624s ]
[ sql ] [ SQL ] SELECT * FROM `tc_config` WHERE  `cate` = 'SEO' [ RunTime:0.000000s ]
[ sql ] [ SQL ] SELECT * FROM `tc_config` WHERE  `cate` = '网站' [ RunTime:0.000000s ]
[ error ] [8]未定义变量: db

---------------------------------------------------------------
[ 2018-05-08T14:32:33+08:00 ] [ sql ] [ DB ] CONNECT:[ UseTime:0.000000s ] mysql:dbname=yuxin;host=127.0.0.1;port=3306;charset=utf8
[ sql ] [ SQL ] SHOW COLUMNS FROM `tc_config` [ RunTime:0.015625s ]
[ sql ] [ SQL ] SELECT * FROM `tc_config` WHERE  `cate` = 'SEO' [ RunTime:0.000000s ]
[ sql ] [ SQL ] SELECT * FROM `tc_config` WHERE  `cate` = '网站' [ RunTime:0.000000s ]

---------------------------------------------------------------
[ 2018-05-08T14:33:30+08:00 ] [ sql ] [ DB ] CONNECT:[ UseTime:0.015625s ] mysql:dbname=yuxin;host=127.0.0.1;port=3306;charset=utf8
[ sql ] [ SQL ] SHOW COLUMNS FROM `tc_config` [ RunTime:0.000000s ]
[ sql ] [ SQL ] SELECT * FROM `tc_config` WHERE  `cate` = 'SEO' [ RunTime:0.000000s ]
[ sql ] [ SQL ] SELECT * FROM `tc_config` WHERE  `cate` = '网站' [ RunTime:0.000000s ]

---------------------------------------------------------------
[ 2018-05-08T14:33:45+08:00 ] [ sql ] [ DB ] CONNECT:[ UseTime:0.000000s ] mysql:dbname=yuxin;host=127.0.0.1;port=3306;charset=utf8
[ sql ] [ SQL ] SHOW COLUMNS FROM `tc_config` [ RunTime:0.015625s ]
[ sql ] [ SQL ] SELECT * FROM `tc_config` WHERE  `cate` = 'SEO' [ RunTime:0.000000s ]
[ sql ] [ SQL ] SELECT * FROM `tc_config` WHERE  `cate` = '网站' [ RunTime:0.000000s ]

---------------------------------------------------------------
[ 2018-05-08T14:33:51+08:00 ] [ sql ] [ DB ] CONNECT:[ UseTime:0.000000s ] mysql:dbname=yuxin;host=127.0.0.1;port=3306;charset=utf8
[ sql ] [ SQL ] SHOW COLUMNS FROM `tc_config` [ RunTime:0.015625s ]
[ sql ] [ SQL ] SELECT * FROM `tc_config` WHERE  `cate` = 'SEO' [ RunTime:0.000000s ]
[ sql ] [ SQL ] SELECT * FROM `tc_config` WHERE  `cate` = '网站' [ RunTime:0.000000s ]

---------------------------------------------------------------
[ 2018-05-08T14:33:57+08:00 ] [ sql ] [ DB ] CONNECT:[ UseTime:0.000000s ] mysql:dbname=yuxin;host=127.0.0.1;port=3306;charset=utf8
[ sql ] [ SQL ] SHOW COLUMNS FROM `tc_config` [ RunTime:0.000000s ]
[ sql ] [ SQL ] SELECT * FROM `tc_config` WHERE  `cate` = 'SEO' [ RunTime:0.000000s ]
[ sql ] [ SQL ] SELECT * FROM `tc_config` WHERE  `cate` = '网站' [ RunTime:0.000000s ]

---------------------------------------------------------------
[ 2018-05-08T14:34:06+08:00 ] [ sql ] [ DB ] CONNECT:[ UseTime:0.000000s ] mysql:dbname=yuxin;host=127.0.0.1;port=3306;charset=utf8
[ sql ] [ SQL ] SHOW COLUMNS FROM `tc_config` [ RunTime:0.000000s ]
[ sql ] [ SQL ] SELECT * FROM `tc_config` WHERE  `cate` = 'SEO' [ RunTime:0.015625s ]
[ sql ] [ SQL ] SELECT * FROM `tc_config` WHERE  `cate` = '网站' [ RunTime:0.000000s ]

---------------------------------------------------------------
[ 2018-05-08T14:34:11+08:00 ] [ sql ] [ DB ] CONNECT:[ UseTime:0.000000s ] mysql:dbname=yuxin;host=127.0.0.1;port=3306;charset=utf8
[ sql ] [ SQL ] SHOW COLUMNS FROM `tc_config` [ RunTime:0.015624s ]
[ sql ] [ SQL ] SELECT * FROM `tc_config` WHERE  `cate` = 'SEO' [ RunTime:0.000000s ]
[ sql ] [ SQL ] SELECT * FROM `tc_config` WHERE  `cate` = '网站' [ RunTime:0.000000s ]

---------------------------------------------------------------
[ 2018-05-08T14:34:18+08:00 ] [ sql ] [ DB ] CONNECT:[ UseTime:0.000000s ] mysql:dbname=yuxin;host=127.0.0.1;port=3306;charset=utf8
[ sql ] [ SQL ] SHOW COLUMNS FROM `tc_config` [ RunTime:0.000000s ]
[ sql ] [ SQL ] SELECT * FROM `tc_config` WHERE  `cate` = 'SEO' [ RunTime:0.000000s ]
[ sql ] [ SQL ] SELECT * FROM `tc_config` WHERE  `cate` = '网站' [ RunTime:0.000000s ]
[ error ] [8]未定义变量: db

---------------------------------------------------------------
[ 2018-05-08T14:34:22+08:00 ] [ sql ] [ DB ] CONNECT:[ UseTime:0.015625s ] mysql:dbname=yuxin;host=127.0.0.1;port=3306;charset=utf8
[ sql ] [ SQL ] SHOW COLUMNS FROM `tc_config` [ RunTime:0.000000s ]
[ sql ] [ SQL ] SELECT * FROM `tc_config` WHERE  `cate` = 'SEO' [ RunTime:0.000000s ]
[ sql ] [ SQL ] SELECT * FROM `tc_config` WHERE  `cate` = '网站' [ RunTime:0.000000s ]

---------------------------------------------------------------
[ 2018-05-08T14:34:39+08:00 ] [ sql ] [ DB ] CONNECT:[ UseTime:0.015625s ] mysql:dbname=yuxin;host=127.0.0.1;port=3306;charset=utf8
[ sql ] [ SQL ] SHOW COLUMNS FROM `tc_config` [ RunTime:0.015625s ]
[ sql ] [ SQL ] SELECT * FROM `tc_config` WHERE  `cate` = 'SEO' [ RunTime:0.000000s ]
[ sql ] [ SQL ] SELECT * FROM `tc_config` WHERE  `cate` = '网站' [ RunTime:0.000000s ]
[ error ] [8]未定义变量: db

---------------------------------------------------------------
[ 2018-05-08T14:34:54+08:00 ] [ sql ] [ DB ] CONNECT:[ UseTime:0.000000s ] mysql:dbname=yuxin;host=127.0.0.1;port=3306;charset=utf8
[ sql ] [ SQL ] SHOW COLUMNS FROM `tc_config` [ RunTime:0.000000s ]
[ sql ] [ SQL ] SELECT * FROM `tc_config` WHERE  `cate` = 'SEO' [ RunTime:0.000000s ]
[ sql ] [ SQL ] SELECT * FROM `tc_config` WHERE  `cate` = '网站' [ RunTime:0.000000s ]

---------------------------------------------------------------
[ 2018-05-08T14:35:11+08:00 ] [ sql ] [ DB ] CONNECT:[ UseTime:0.000000s ] mysql:dbname=yuxin;host=127.0.0.1;port=3306;charset=utf8
[ sql ] [ SQL ] SHOW COLUMNS FROM `tc_config` [ RunTime:0.000000s ]
[ sql ] [ SQL ] SELECT * FROM `tc_config` WHERE  `cate` = 'SEO' [ RunTime:0.000000s ]
[ sql ] [ SQL ] SELECT * FROM `tc_config` WHERE  `cate` = '网站' [ RunTime:0.000000s ]

---------------------------------------------------------------
[ 2018-05-08T14:35:15+08:00 ] [ sql ] [ DB ] CONNECT:[ UseTime:0.000000s ] mysql:dbname=yuxin;host=127.0.0.1;port=3306;charset=utf8
[ sql ] [ SQL ] SHOW COLUMNS FROM `tc_config` [ RunTime:0.015624s ]
[ sql ] [ SQL ] SELECT * FROM `tc_config` WHERE  `cate` = 'SEO' [ RunTime:0.000000s ]
[ sql ] [ SQL ] SELECT * FROM `tc_config` WHERE  `cate` = '网站' [ RunTime:0.000000s ]

---------------------------------------------------------------
[ 2018-05-08T14:35:38+08:00 ] [ sql ] [ DB ] CONNECT:[ UseTime:0.000000s ] mysql:dbname=yuxin;host=127.0.0.1;port=3306;charset=utf8
[ sql ] [ SQL ] SHOW COLUMNS FROM `tc_config` [ RunTime:0.015625s ]
[ sql ] [ SQL ] SELECT * FROM `tc_config` WHERE  `cate` = 'SEO' [ RunTime:0.000000s ]
[ sql ] [ SQL ] SELECT * FROM `tc_config` WHERE  `cate` = '网站' [ RunTime:0.000000s ]
[ error ] [8]未定义变量: db

---------------------------------------------------------------
[ 2018-05-08T14:35:43+08:00 ] [ sql ] [ DB ] CONNECT:[ UseTime:0.000000s ] mysql:dbname=yuxin;host=127.0.0.1;port=3306;charset=utf8
[ sql ] [ SQL ] SHOW COLUMNS FROM `tc_config` [ RunTime:0.015625s ]
[ sql ] [ SQL ] SELECT * FROM `tc_config` WHERE  `cate` = 'SEO' [ RunTime:0.000000s ]
[ sql ] [ SQL ] SELECT * FROM `tc_config` WHERE  `cate` = '网站' [ RunTime:0.000000s ]

---------------------------------------------------------------
[ 2018-05-08T14:36:05+08:00 ] [ sql ] [ DB ] CONNECT:[ UseTime:0.000000s ] mysql:dbname=yuxin;host=127.0.0.1;port=3306;charset=utf8
[ sql ] [ SQL ] SHOW COLUMNS FROM `tc_config` [ RunTime:0.015624s ]
[ sql ] [ SQL ] SELECT * FROM `tc_config` WHERE  `cate` = 'SEO' [ RunTime:0.000000s ]
[ sql ] [ SQL ] SELECT * FROM `tc_config` WHERE  `cate` = '网站' [ RunTime:0.000000s ]

---------------------------------------------------------------
[ 2018-05-08T14:36:47+08:00 ] [ sql ] [ DB ] CONNECT:[ UseTime:0.000000s ] mysql:dbname=yuxin;host=127.0.0.1;port=3306;charset=utf8
[ sql ] [ SQL ] SHOW COLUMNS FROM `tc_config` [ RunTime:0.015625s ]
[ sql ] [ SQL ] SELECT * FROM `tc_config` WHERE  `cate` = 'SEO' [ RunTime:0.000000s ]
[ sql ] [ SQL ] SELECT * FROM `tc_config` WHERE  `cate` = '网站' [ RunTime:0.000000s ]
[ error ] [8]未定义变量: db

---------------------------------------------------------------
[ 2018-05-08T14:36:50+08:00 ] [ sql ] [ DB ] CONNECT:[ UseTime:0.000000s ] mysql:dbname=yuxin;host=127.0.0.1;port=3306;charset=utf8
[ sql ] [ SQL ] SHOW COLUMNS FROM `tc_config` [ RunTime:0.015625s ]
[ sql ] [ SQL ] SELECT * FROM `tc_config` WHERE  `cate` = 'SEO' [ RunTime:0.000000s ]
[ sql ] [ SQL ] SELECT * FROM `tc_config` WHERE  `cate` = '网站' [ RunTime:0.000000s ]

---------------------------------------------------------------
[ 2018-05-08T14:36:54+08:00 ] [ sql ] [ DB ] CONNECT:[ UseTime:0.015625s ] mysql:dbname=yuxin;host=127.0.0.1;port=3306;charset=utf8
[ sql ] [ SQL ] SHOW COLUMNS FROM `tc_config` [ RunTime:0.000000s ]
[ sql ] [ SQL ] SELECT * FROM `tc_config` WHERE  `cate` = 'SEO' [ RunTime:0.000000s ]
[ sql ] [ SQL ] SELECT * FROM `tc_config` WHERE  `cate` = '网站' [ RunTime:0.000000s ]

---------------------------------------------------------------
[ 2018-05-08T14:36:58+08:00 ] [ sql ] [ DB ] CONNECT:[ UseTime:0.000000s ] mysql:dbname=yuxin;host=127.0.0.1;port=3306;charset=utf8
[ sql ] [ SQL ] SHOW COLUMNS FROM `tc_config` [ RunTime:0.015625s ]
[ sql ] [ SQL ] SELECT * FROM `tc_config` WHERE  `cate` = 'SEO' [ RunTime:0.000000s ]
[ sql ] [ SQL ] SELECT * FROM `tc_config` WHERE  `cate` = '网站' [ RunTime:0.000000s ]

---------------------------------------------------------------
[ 2018-05-08T14:37:57+08:00 ] [ sql ] [ DB ] CONNECT:[ UseTime:0.015625s ] mysql:dbname=yuxin;host=127.0.0.1;port=3306;charset=utf8
[ sql ] [ SQL ] SHOW COLUMNS FROM `tc_config` [ RunTime:0.000000s ]
[ sql ] [ SQL ] SELECT * FROM `tc_config` WHERE  `cate` = 'SEO' [ RunTime:0.000000s ]
[ sql ] [ SQL ] SELECT * FROM `tc_config` WHERE  `cate` = '网站' [ RunTime:0.000000s ]
[ error ] [8]未定义变量: db

---------------------------------------------------------------
[ 2018-05-08T14:38:00+08:00 ] [ sql ] [ DB ] CONNECT:[ UseTime:0.000000s ] mysql:dbname=yuxin;host=127.0.0.1;port=3306;charset=utf8
[ sql ] [ SQL ] SHOW COLUMNS FROM `tc_config` [ RunTime:0.000000s ]
[ sql ] [ SQL ] SELECT * FROM `tc_config` WHERE  `cate` = 'SEO' [ RunTime:0.015625s ]
[ sql ] [ SQL ] SELECT * FROM `tc_config` WHERE  `cate` = '网站' [ RunTime:0.000000s ]

---------------------------------------------------------------
[ 2018-05-08T14:38:34+08:00 ] [ sql ] [ DB ] CONNECT:[ UseTime:0.000000s ] mysql:dbname=yuxin;host=127.0.0.1;port=3306;charset=utf8
[ sql ] [ SQL ] SHOW COLUMNS FROM `tc_config` [ RunTime:0.015624s ]
[ sql ] [ SQL ] SELECT * FROM `tc_config` WHERE  `cate` = 'SEO' [ RunTime:0.000000s ]
[ sql ] [ SQL ] SELECT * FROM `tc_config` WHERE  `cate` = '网站' [ RunTime:0.000000s ]

---------------------------------------------------------------
[ 2018-05-08T14:39:33+08:00 ] [ sql ] [ DB ] CONNECT:[ UseTime:0.031250s ] mysql:dbname=yuxin;host=127.0.0.1;port=3306;charset=utf8
[ sql ] [ SQL ] SHOW COLUMNS FROM `tc_config` [ RunTime:0.015625s ]
[ sql ] [ SQL ] SELECT * FROM `tc_config` WHERE  `cate` = 'SEO' [ RunTime:0.000000s ]
[ sql ] [ SQL ] SELECT * FROM `tc_config` WHERE  `cate` = '网站' [ RunTime:0.000000s ]

---------------------------------------------------------------
[ 2018-05-08T14:39:41+08:00 ] [ sql ] [ DB ] CONNECT:[ UseTime:0.000000s ] mysql:dbname=yuxin;host=127.0.0.1;port=3306;charset=utf8
[ sql ] [ SQL ] SHOW COLUMNS FROM `tc_config` [ RunTime:0.000000s ]
[ sql ] [ SQL ] SELECT * FROM `tc_config` WHERE  `cate` = 'SEO' [ RunTime:0.015625s ]
[ sql ] [ SQL ] SELECT * FROM `tc_config` WHERE  `cate` = '网站' [ RunTime:0.000000s ]
[ sql ] [ SQL ] SHOW COLUMNS FROM `tc_user` [ RunTime:0.000000s ]
[ sql ] [ SQL ] INSERT INTO `tc_user` (`truename` , `sex` , `cardcode` , `bankname` , `email` , `bankcode` , `bankaddr` , `refcode` , `adtime` , `uptime`) VALUES ('均' , 1 , '3522345345345' , '卢均32234234' , '178034435@qq.com' , '卢均' , '山西省 太原市 市辖区' , '123123' , '2018-05-08 14:39:40' , '2018-05-08 14:39:40') [ RunTime:0.000000s ]

---------------------------------------------------------------
[ 2018-05-08T14:39:43+08:00 ] [ sql ] [ DB ] CONNECT:[ UseTime:0.000000s ] mysql:dbname=yuxin;host=127.0.0.1;port=3306;charset=utf8
[ sql ] [ SQL ] SHOW COLUMNS FROM `tc_config` [ RunTime:0.015625s ]
[ sql ] [ SQL ] SELECT * FROM `tc_config` WHERE  `cate` = 'SEO' [ RunTime:0.000000s ]
[ sql ] [ SQL ] SELECT * FROM `tc_config` WHERE  `cate` = '网站' [ RunTime:0.000000s ]

---------------------------------------------------------------
[ 2018-05-08T14:40:21+08:00 ] [ sql ] [ DB ] CONNECT:[ UseTime:0.015624s ] mysql:dbname=yuxin;host=127.0.0.1;port=3306;charset=utf8
[ sql ] [ SQL ] SHOW COLUMNS FROM `tc_admin` [ RunTime:0.015625s ]
[ sql ] [ SQL ] SELECT * FROM `tc_admin` WHERE  `name` = 'ldjun'  AND `password` = '123123' LIMIT 1 [ RunTime:0.000000s ]
[ sql ] [ SQL ] UPDATE `tc_admin`  SET `login_time`=1525761621  WHERE  `id` = 1 [ RunTime:0.000000s ]
[ sql ] [ SQL ] SHOW COLUMNS FROM `tc_perm_group` [ RunTime:0.015625s ]
[ sql ] [ SQL ] SELECT `perm_ids` FROM `tc_perm_group` WHERE  `id` = 1 LIMIT 1 [ RunTime:0.000000s ]

---------------------------------------------------------------
[ 2018-05-08T14:40:22+08:00 ] [ sql ] [ DB ] CONNECT:[ UseTime:0.015625s ] mysql:dbname=yuxin;host=127.0.0.1;port=3306;charset=utf8
[ sql ] [ SQL ] SHOW COLUMNS FROM `tc_permission` [ RunTime:0.015624s ]
[ sql ] [ SQL ] SELECT `id` FROM `tc_permission` WHERE  `url` = '/admin/index/index' LIMIT 1 [ RunTime:0.000000s ]
[ sql ] [ SQL ] SELECT * FROM `tc_permission` WHERE  `id` IN (1,2,3,4,5,6,7,8,9,10,11,12,13,14,15,16,17,18,19,20,21,22,23,24,25,26,27,28,29,30,31,32,33,34,35,36,37,38,39,40,41,42,43,44,45,46,47,48,49,50,51,52,53) [ RunTime:0.000000s ]

---------------------------------------------------------------
[ 2018-05-08T14:40:28+08:00 ] [ sql ] [ DB ] CONNECT:[ UseTime:0.000000s ] mysql:dbname=yuxin;host=127.0.0.1;port=3306;charset=utf8
[ sql ] [ SQL ] SHOW COLUMNS FROM `tc_permission` [ RunTime:0.000000s ]
[ sql ] [ SQL ] SELECT `id` FROM `tc_permission` WHERE  `url` = '/admin/user/show_user_list' LIMIT 1 [ RunTime:0.000000s ]
[ sql ] [ SQL ] SHOW COLUMNS FROM `tc_user` [ RunTime:0.015625s ]
[ sql ] [ SQL ] SELECT COUNT(*) AS tp_count FROM `tc_user` LIMIT 1 [ RunTime:0.015625s ]
[ sql ] [ SQL ] SELECT * FROM `tc_user` LIMIT 0,10 [ RunTime:0.000000s ]

---------------------------------------------------------------
[ 2018-05-08T14:40:30+08:00 ] [ sql ] [ DB ] CONNECT:[ UseTime:0.000000s ] mysql:dbname=yuxin;host=127.0.0.1;port=3306;charset=utf8
[ sql ] [ SQL ] SHOW COLUMNS FROM `tc_permission` [ RunTime:0.015625s ]
[ sql ] [ SQL ] SELECT `id` FROM `tc_permission` WHERE  `url` = '/admin/user/see_user' LIMIT 1 [ RunTime:0.000000s ]
[ sql ] [ SQL ] SHOW COLUMNS FROM `tc_user` [ RunTime:0.000000s ]
[ sql ] [ SQL ] SELECT * FROM `tc_user` WHERE  `id` = 50 LIMIT 1 [ RunTime:0.000000s ]

---------------------------------------------------------------
[ 2018-05-08T14:40:58+08:00 ] [ sql ] [ DB ] CONNECT:[ UseTime:0.000000s ] mysql:dbname=yuxin;host=127.0.0.1;port=3306;charset=utf8
[ sql ] [ SQL ] SHOW COLUMNS FROM `tc_config` [ RunTime:0.015625s ]
[ sql ] [ SQL ] SELECT * FROM `tc_config` WHERE  `cate` = 'SEO' [ RunTime:0.000000s ]
[ sql ] [ SQL ] SELECT * FROM `tc_config` WHERE  `cate` = '网站' [ RunTime:0.000000s ]
[ sql ] [ SQL ] SHOW COLUMNS FROM `tc_user` [ RunTime:0.000000s ]
[ sql ] [ SQL ] INSERT INTO `tc_user` (`truename` , `sex` , `cardcode` , `bankname` , `email` , `bankcode` , `bankaddr` , `refcode` , `adtime` , `uptime`) VALUES ('1111' , 1 , '1111' , '1111' , '111@163.com' , '1111' , '广东省 广州市 市辖区' , '111' , '2018-05-08 14:40:58' , '2018-05-08 14:40:58') [ RunTime:0.000000s ]

---------------------------------------------------------------
[ 2018-05-08T14:41:01+08:00 ] [ sql ] [ DB ] CONNECT:[ UseTime:0.000000s ] mysql:dbname=yuxin;host=127.0.0.1;port=3306;charset=utf8
[ sql ] [ SQL ] SHOW COLUMNS FROM `tc_config` [ RunTime:0.015625s ]
[ sql ] [ SQL ] SELECT * FROM `tc_config` WHERE  `cate` = 'SEO' [ RunTime:0.000000s ]
[ sql ] [ SQL ] SELECT * FROM `tc_config` WHERE  `cate` = '网站' [ RunTime:0.000000s ]

---------------------------------------------------------------
[ 2018-05-08T14:41:26+08:00 ] [ sql ] [ DB ] CONNECT:[ UseTime:0.000000s ] mysql:dbname=yuxin;host=127.0.0.1;port=3306;charset=utf8
[ sql ] [ SQL ] SHOW COLUMNS FROM `tc_config` [ RunTime:0.000000s ]
[ sql ] [ SQL ] SELECT * FROM `tc_config` WHERE  `cate` = 'SEO' [ RunTime:0.015624s ]
[ sql ] [ SQL ] SELECT * FROM `tc_config` WHERE  `cate` = '网站' [ RunTime:0.000000s ]
[ sql ] [ SQL ] SHOW COLUMNS FROM `tc_user` [ RunTime:0.000000s ]
[ sql ] [ SQL ] INSERT INTO `tc_user` (`truename` , `sex` , `cardcode` , `bankname` , `email` , `bankcode` , `bankaddr` , `refcode` , `adtime` , `uptime`) VALUES ('1111' , 1 , '11111' , '111111' , '11111@163.com' , '111111' , '湖南省 长沙市 市辖区' , '1234' , '2018-05-08 14:41:25' , '2018-05-08 14:41:25') [ RunTime:0.000000s ]

---------------------------------------------------------------
[ 2018-05-08T14:41:29+08:00 ] [ sql ] [ DB ] CONNECT:[ UseTime:0.031250s ] mysql:dbname=yuxin;host=127.0.0.1;port=3306;charset=utf8
[ sql ] [ SQL ] SHOW COLUMNS FROM `tc_config` [ RunTime:0.015625s ]
[ sql ] [ SQL ] SELECT * FROM `tc_config` WHERE  `cate` = 'SEO' [ RunTime:0.000000s ]
[ sql ] [ SQL ] SELECT * FROM `tc_config` WHERE  `cate` = '网站' [ RunTime:0.000000s ]

---------------------------------------------------------------
[ 2018-05-08T14:42:10+08:00 ] [ sql ] [ DB ] CONNECT:[ UseTime:0.031250s ] mysql:dbname=yuxin;host=127.0.0.1;port=3306;charset=utf8
[ sql ] [ SQL ] SHOW COLUMNS FROM `tc_config` [ RunTime:0.000000s ]
[ sql ] [ SQL ] SELECT * FROM `tc_config` WHERE  `cate` = 'SEO' [ RunTime:0.000000s ]
[ sql ] [ SQL ] SELECT * FROM `tc_config` WHERE  `cate` = '网站' [ RunTime:0.000000s ]

---------------------------------------------------------------
[ 2018-05-08T14:42:32+08:00 ] [ sql ] [ DB ] CONNECT:[ UseTime:0.015625s ] mysql:dbname=yuxin;host=127.0.0.1;port=3306;charset=utf8
[ sql ] [ SQL ] SHOW COLUMNS FROM `tc_config` [ RunTime:0.015624s ]
[ sql ] [ SQL ] SELECT * FROM `tc_config` WHERE  `cate` = 'SEO' [ RunTime:0.000000s ]
[ sql ] [ SQL ] SELECT * FROM `tc_config` WHERE  `cate` = '网站' [ RunTime:0.000000s ]

---------------------------------------------------------------
[ 2018-05-08T15:03:30+08:00 ] [ sql ] [ DB ] CONNECT:[ UseTime:0.000000s ] mysql:dbname=yuxin;host=127.0.0.1;port=3306;charset=utf8
[ sql ] [ SQL ] SHOW COLUMNS FROM `tc_config` [ RunTime:0.000000s ]
[ sql ] [ SQL ] SELECT * FROM `tc_config` WHERE  `cate` = 'SEO' [ RunTime:0.015625s ]
[ sql ] [ SQL ] SELECT * FROM `tc_config` WHERE  `cate` = '网站' [ RunTime:0.000000s ]

---------------------------------------------------------------
[ 2018-05-08T15:03:53+08:00 ] [ sql ] [ DB ] CONNECT:[ UseTime:0.015625s ] mysql:dbname=yuxin;host=127.0.0.1;port=3306;charset=utf8
[ sql ] [ SQL ] SHOW COLUMNS FROM `tc_config` [ RunTime:0.000000s ]
[ sql ] [ SQL ] SELECT * FROM `tc_config` WHERE  `cate` = 'SEO' [ RunTime:0.000000s ]
[ sql ] [ SQL ] SELECT * FROM `tc_config` WHERE  `cate` = '网站' [ RunTime:0.000000s ]

---------------------------------------------------------------
[ 2018-05-08T15:13:11+08:00 ] [ sql ] [ DB ] CONNECT:[ UseTime:0.015624s ] mysql:dbname=yuxin;host=127.0.0.1;port=3306;charset=utf8
[ sql ] [ SQL ] SHOW COLUMNS FROM `tc_config` [ RunTime:0.000000s ]
[ sql ] [ SQL ] SELECT * FROM `tc_config` WHERE  `cate` = 'SEO' [ RunTime:0.000000s ]
[ sql ] [ SQL ] SELECT * FROM `tc_config` WHERE  `cate` = '网站' [ RunTime:0.000000s ]

---------------------------------------------------------------
[ 2018-05-08T15:13:11+08:00 ] [ sql ] [ DB ] CONNECT:[ UseTime:0.000000s ] mysql:dbname=yuxin;host=127.0.0.1;port=3306;charset=utf8
[ sql ] [ SQL ] SHOW COLUMNS FROM `tc_config` [ RunTime:0.000000s ]
[ sql ] [ SQL ] SELECT * FROM `tc_config` WHERE  `cate` = 'SEO' [ RunTime:0.000000s ]
[ sql ] [ SQL ] SELECT * FROM `tc_config` WHERE  `cate` = '网站' [ RunTime:0.000000s ]
[ sql ] [ SQL ] SHOW COLUMNS FROM `tc_news_article` [ RunTime:0.015624s ]
[ sql ] [ SQL ] SELECT * FROM `tc_news_article` WHERE  `cate_id` = 26 LIMIT 1 [ RunTime:0.000000s ]

---------------------------------------------------------------
[ 2018-05-08T15:13:12+08:00 ] [ sql ] [ DB ] CONNECT:[ UseTime:0.000000s ] mysql:dbname=yuxin;host=127.0.0.1;port=3306;charset=utf8
[ sql ] [ SQL ] SHOW COLUMNS FROM `tc_config` [ RunTime:0.000000s ]
[ sql ] [ SQL ] SELECT * FROM `tc_config` WHERE  `cate` = 'SEO' [ RunTime:0.000000s ]
[ sql ] [ SQL ] SELECT * FROM `tc_config` WHERE  `cate` = '网站' [ RunTime:0.000000s ]
[ sql ] [ SQL ] SHOW COLUMNS FROM `tc_news_article` [ RunTime:0.000000s ]
[ sql ] [ SQL ] SELECT * FROM `tc_news_article` WHERE  `cate_id` = 27 LIMIT 1 [ RunTime:0.000000s ]

---------------------------------------------------------------
[ 2018-05-08T15:13:12+08:00 ] [ sql ] [ DB ] CONNECT:[ UseTime:0.000000s ] mysql:dbname=yuxin;host=127.0.0.1;port=3306;charset=utf8
[ sql ] [ SQL ] SHOW COLUMNS FROM `tc_config` [ RunTime:0.015625s ]
[ sql ] [ SQL ] SELECT * FROM `tc_config` WHERE  `cate` = 'SEO' [ RunTime:0.000000s ]
[ sql ] [ SQL ] SELECT * FROM `tc_config` WHERE  `cate` = '网站' [ RunTime:0.000000s ]
[ sql ] [ SQL ] SHOW COLUMNS FROM `tc_news_article` [ RunTime:0.015624s ]
[ sql ] [ SQL ] SELECT * FROM `tc_news_article` WHERE  `display` = 'Y' ORDER BY `add_time`  desc [ RunTime:0.000000s ]

---------------------------------------------------------------
[ 2018-05-08T15:13:13+08:00 ] [ sql ] [ DB ] CONNECT:[ UseTime:0.000000s ] mysql:dbname=yuxin;host=127.0.0.1;port=3306;charset=utf8
[ sql ] [ SQL ] SHOW COLUMNS FROM `tc_config` [ RunTime:0.000000s ]
[ sql ] [ SQL ] SELECT * FROM `tc_config` WHERE  `cate` = 'SEO' [ RunTime:0.000000s ]
[ sql ] [ SQL ] SELECT * FROM `tc_config` WHERE  `cate` = '网站' [ RunTime:0.000000s ]
[ sql ] [ SQL ] SHOW COLUMNS FROM `tc_news_article` [ RunTime:0.015624s ]
[ sql ] [ SQL ] SELECT * FROM `tc_news_article` WHERE  `cate_id` = 9 LIMIT 1 [ RunTime:0.000000s ]

---------------------------------------------------------------
[ 2018-05-08T15:13:13+08:00 ] [ sql ] [ DB ] CONNECT:[ UseTime:0.000000s ] mysql:dbname=yuxin;host=127.0.0.1;port=3306;charset=utf8
[ sql ] [ SQL ] SHOW COLUMNS FROM `tc_config` [ RunTime:0.015624s ]
[ sql ] [ SQL ] SELECT * FROM `tc_config` WHERE  `cate` = 'SEO' [ RunTime:0.000000s ]
[ sql ] [ SQL ] SELECT * FROM `tc_config` WHERE  `cate` = '网站' [ RunTime:0.000000s ]

---------------------------------------------------------------
[ 2018-05-08T15:30:59+08:00 ] [ sql ] [ DB ] CONNECT:[ UseTime:0.000000s ] mysql:dbname=yuxin;host=127.0.0.1;port=3306;charset=utf8
[ sql ] [ SQL ] SHOW COLUMNS FROM `tc_config` [ RunTime:0.015625s ]
[ sql ] [ SQL ] SELECT * FROM `tc_config` WHERE  `cate` = 'SEO' [ RunTime:0.000000s ]
[ sql ] [ SQL ] SELECT * FROM `tc_config` WHERE  `cate` = '网站' [ RunTime:0.000000s ]

---------------------------------------------------------------
[ 2018-05-08T15:47:38+08:00 ] [ sql ] [ DB ] CONNECT:[ UseTime:0.000000s ] mysql:dbname=yuxin;host=127.0.0.1;port=3306;charset=utf8
[ sql ] [ SQL ] SHOW COLUMNS FROM `tc_config` [ RunTime:0.015624s ]
[ sql ] [ SQL ] SELECT * FROM `tc_config` WHERE  `cate` = 'SEO' [ RunTime:0.000000s ]
[ sql ] [ SQL ] SELECT * FROM `tc_config` WHERE  `cate` = '网站' [ RunTime:0.000000s ]
[ error ] [8]未定义数组索引: province3

---------------------------------------------------------------
[ 2018-05-08T16:00:10+08:00 ] [ sql ] [ DB ] CONNECT:[ UseTime:0.015624s ] mysql:dbname=yuxin;host=127.0.0.1;port=3306;charset=utf8
[ sql ] [ SQL ] SHOW COLUMNS FROM `tc_config` [ RunTime:0.000000s ]
[ sql ] [ SQL ] SELECT * FROM `tc_config` WHERE  `cate` = 'SEO' [ RunTime:0.000000s ]
[ sql ] [ SQL ] SELECT * FROM `tc_config` WHERE  `cate` = '网站' [ RunTime:0.000000s ]

---------------------------------------------------------------
[ 2018-05-08T16:30:00+08:00 ] [ sql ] [ DB ] CONNECT:[ UseTime:0.015625s ] mysql:dbname=yuxin;host=127.0.0.1;port=3306;charset=utf8
[ sql ] [ SQL ] SHOW COLUMNS FROM `tc_config` [ RunTime:0.000000s ]
[ sql ] [ SQL ] SELECT * FROM `tc_config` WHERE  `cate` = 'SEO' [ RunTime:0.000000s ]
[ sql ] [ SQL ] SELECT * FROM `tc_config` WHERE  `cate` = '网站' [ RunTime:0.000000s ]

---------------------------------------------------------------
[ 2018-05-08T16:30:20+08:00 ] [ sql ] [ DB ] CONNECT:[ UseTime:0.015625s ] mysql:dbname=yuxin;host=127.0.0.1;port=3306;charset=utf8
[ sql ] [ SQL ] SHOW COLUMNS FROM `tc_config` [ RunTime:0.000000s ]
[ sql ] [ SQL ] SELECT * FROM `tc_config` WHERE  `cate` = 'SEO' [ RunTime:0.000000s ]
[ sql ] [ SQL ] SELECT * FROM `tc_config` WHERE  `cate` = '网站' [ RunTime:0.000000s ]
[ sql ] [ SQL ] SHOW COLUMNS FROM `tc_user` [ RunTime:0.000000s ]
[ sql ] [ SQL ] INSERT INTO `tc_user` (`truename` , `sex` , `cardcode` , `bankname` , `bankcode` , `bankaddr` , `refcode` , `adtime` , `uptime`) VALUES ('1111' , 1 , '111' , '111' , '111' , '广东省 广州市 市辖区' , '111' , '2018-05-08 16:30:20' , '2018-05-08 16:30:20') [ RunTime:0.000000s ]

---------------------------------------------------------------
[ 2018-05-08T16:30:23+08:00 ] [ sql ] [ DB ] CONNECT:[ UseTime:0.015624s ] mysql:dbname=yuxin;host=127.0.0.1;port=3306;charset=utf8
[ sql ] [ SQL ] SHOW COLUMNS FROM `tc_config` [ RunTime:0.015625s ]
[ sql ] [ SQL ] SELECT * FROM `tc_config` WHERE  `cate` = 'SEO' [ RunTime:0.000000s ]
[ sql ] [ SQL ] SELECT * FROM `tc_config` WHERE  `cate` = '网站' [ RunTime:0.000000s ]

---------------------------------------------------------------
[ 2018-05-08T16:34:01+08:00 ] [ sql ] [ DB ] CONNECT:[ UseTime:0.015624s ] mysql:dbname=yuxin;host=127.0.0.1;port=3306;charset=utf8
[ sql ] [ SQL ] SHOW COLUMNS FROM `tc_config` [ RunTime:0.000000s ]
[ sql ] [ SQL ] SELECT * FROM `tc_config` WHERE  `cate` = 'SEO' [ RunTime:0.000000s ]
[ sql ] [ SQL ] SELECT * FROM `tc_config` WHERE  `cate` = '网站' [ RunTime:0.000000s ]

---------------------------------------------------------------
[ 2018-05-08T16:40:38+08:00 ] [ sql ] [ DB ] CONNECT:[ UseTime:0.015624s ] mysql:dbname=yuxin;host=127.0.0.1;port=3306;charset=utf8
[ sql ] [ SQL ] SHOW COLUMNS FROM `tc_config` [ RunTime:0.000000s ]
[ sql ] [ SQL ] SELECT * FROM `tc_config` WHERE  `cate` = 'SEO' [ RunTime:0.000000s ]
[ sql ] [ SQL ] SELECT * FROM `tc_config` WHERE  `cate` = '网站' [ RunTime:0.000000s ]

---------------------------------------------------------------
[ 2018-05-08T16:48:02+08:00 ] [ sql ] [ DB ] CONNECT:[ UseTime:0.000000s ] mysql:dbname=yuxin;host=127.0.0.1;port=3306;charset=utf8
[ sql ] [ SQL ] SHOW COLUMNS FROM `tc_config` [ RunTime:0.000000s ]
[ sql ] [ SQL ] SELECT * FROM `tc_config` WHERE  `cate` = 'SEO' [ RunTime:0.000000s ]
[ sql ] [ SQL ] SELECT * FROM `tc_config` WHERE  `cate` = '网站' [ RunTime:0.000000s ]
[ error ] [8]未定义数组索引: province3

---------------------------------------------------------------
[ 2018-05-08T16:48:02+08:00 ] [ sql ] [ DB ] CONNECT:[ UseTime:0.000000s ] mysql:dbname=yuxin;host=127.0.0.1;port=3306;charset=utf8
[ sql ] [ SQL ] SHOW COLUMNS FROM `tc_config` [ RunTime:0.015624s ]
[ sql ] [ SQL ] SELECT * FROM `tc_config` WHERE  `cate` = 'SEO' [ RunTime:0.000000s ]
[ sql ] [ SQL ] SELECT * FROM `tc_config` WHERE  `cate` = '网站' [ RunTime:0.000000s ]
[ error ] [8]未定义数组索引: province3

---------------------------------------------------------------
[ 2018-05-08T16:48:26+08:00 ] [ sql ] [ DB ] CONNECT:[ UseTime:0.000000s ] mysql:dbname=yuxin;host=127.0.0.1;port=3306;charset=utf8
[ sql ] [ SQL ] SHOW COLUMNS FROM `tc_config` [ RunTime:0.000000s ]
[ sql ] [ SQL ] SELECT * FROM `tc_config` WHERE  `cate` = 'SEO' [ RunTime:0.000000s ]
[ sql ] [ SQL ] SELECT * FROM `tc_config` WHERE  `cate` = '网站' [ RunTime:0.000000s ]
[ error ] [8]未定义数组索引: province3

---------------------------------------------------------------
[ 2018-05-08T16:48:33+08:00 ] [ sql ] [ DB ] CONNECT:[ UseTime:0.000000s ] mysql:dbname=yuxin;host=127.0.0.1;port=3306;charset=utf8
[ sql ] [ SQL ] SHOW COLUMNS FROM `tc_config` [ RunTime:0.000000s ]
[ sql ] [ SQL ] SELECT * FROM `tc_config` WHERE  `cate` = 'SEO' [ RunTime:0.015625s ]
[ sql ] [ SQL ] SELECT * FROM `tc_config` WHERE  `cate` = '网站' [ RunTime:0.000000s ]
[ error ] [8]未定义数组索引: province3

---------------------------------------------------------------
[ 2018-05-08T17:10:16+08:00 ] [ sql ] [ DB ] CONNECT:[ UseTime:0.015625s ] mysql:dbname=yuxin;host=127.0.0.1;port=3306;charset=utf8
[ sql ] [ SQL ] SHOW COLUMNS FROM `tc_config` [ RunTime:0.000000s ]
[ sql ] [ SQL ] SELECT * FROM `tc_config` WHERE  `cate` = 'SEO' [ RunTime:0.000000s ]
[ sql ] [ SQL ] SELECT * FROM `tc_config` WHERE  `cate` = '网站' [ RunTime:0.000000s ]

---------------------------------------------------------------
[ 2018-05-08T17:33:37+08:00 ] [ sql ] [ DB ] CONNECT:[ UseTime:0.000000s ] mysql:dbname=yuxin;host=127.0.0.1;port=3306;charset=utf8
[ sql ] [ SQL ] SHOW COLUMNS FROM `tc_config` [ RunTime:0.015624s ]
[ sql ] [ SQL ] SELECT * FROM `tc_config` WHERE  `cate` = 'SEO' [ RunTime:0.000000s ]
[ sql ] [ SQL ] SELECT * FROM `tc_config` WHERE  `cate` = '网站' [ RunTime:0.000000s ]

---------------------------------------------------------------
[ 2018-05-08T18:16:33+08:00 ] [ sql ] [ DB ] CONNECT:[ UseTime:0.000000s ] mysql:dbname=yuxin;host=127.0.0.1;port=3306;charset=utf8
[ sql ] [ SQL ] SHOW COLUMNS FROM `tc_config` [ RunTime:0.015625s ]
[ sql ] [ SQL ] SELECT * FROM `tc_config` WHERE  `cate` = 'SEO' [ RunTime:0.000000s ]
[ sql ] [ SQL ] SELECT * FROM `tc_config` WHERE  `cate` = '网站' [ RunTime:0.000000s ]

---------------------------------------------------------------
[ 2018-05-08T18:20:32+08:00 ] [ sql ] [ DB ] CONNECT:[ UseTime:0.000000s ] mysql:dbname=yuxin;host=127.0.0.1;port=3306;charset=utf8
[ sql ] [ SQL ] SHOW COLUMNS FROM `tc_config` [ RunTime:0.000000s ]
[ sql ] [ SQL ] SELECT * FROM `tc_config` WHERE  `cate` = 'SEO' [ RunTime:0.000000s ]
[ sql ] [ SQL ] SELECT * FROM `tc_config` WHERE  `cate` = '网站' [ RunTime:0.000000s ]

---------------------------------------------------------------
[ 2018-05-08T18:22:29+08:00 ] [ sql ] [ DB ] CONNECT:[ UseTime:0.000000s ] mysql:dbname=yuxin;host=127.0.0.1;port=3306;charset=utf8
[ sql ] [ SQL ] SHOW COLUMNS FROM `tc_config` [ RunTime:0.000000s ]
[ sql ] [ SQL ] SELECT * FROM `tc_config` WHERE  `cate` = 'SEO' [ RunTime:0.000000s ]
[ sql ] [ SQL ] SELECT * FROM `tc_config` WHERE  `cate` = '网站' [ RunTime:0.000000s ]

---------------------------------------------------------------
[ 2018-05-08T18:22:45+08:00 ] [ sql ] [ DB ] CONNECT:[ UseTime:0.000000s ] mysql:dbname=yuxin;host=127.0.0.1;port=3306;charset=utf8
[ sql ] [ SQL ] SHOW COLUMNS FROM `tc_config` [ RunTime:0.015625s ]
[ sql ] [ SQL ] SELECT * FROM `tc_config` WHERE  `cate` = 'SEO' [ RunTime:0.000000s ]
[ sql ] [ SQL ] SELECT * FROM `tc_config` WHERE  `cate` = '网站' [ RunTime:0.000000s ]

---------------------------------------------------------------
[ 2018-05-08T18:24:01+08:00 ] [ sql ] [ DB ] CONNECT:[ UseTime:0.000000s ] mysql:dbname=yuxin;host=127.0.0.1;port=3306;charset=utf8
[ sql ] [ SQL ] SHOW COLUMNS FROM `tc_config` [ RunTime:0.015625s ]
[ sql ] [ SQL ] SELECT * FROM `tc_config` WHERE  `cate` = 'SEO' [ RunTime:0.000000s ]
[ sql ] [ SQL ] SELECT * FROM `tc_config` WHERE  `cate` = '网站' [ RunTime:0.000000s ]

---------------------------------------------------------------
[ 2018-05-08T18:26:27+08:00 ] [ sql ] [ DB ] CONNECT:[ UseTime:0.000000s ] mysql:dbname=yuxin;host=127.0.0.1;port=3306;charset=utf8
[ sql ] [ SQL ] SHOW COLUMNS FROM `tc_config` [ RunTime:0.015626s ]
[ sql ] [ SQL ] SELECT * FROM `tc_config` WHERE  `cate` = 'SEO' [ RunTime:0.000000s ]
[ sql ] [ SQL ] SELECT * FROM `tc_config` WHERE  `cate` = '网站' [ RunTime:0.000000s ]
[ sql ] [ SQL ] SHOW COLUMNS FROM `tc_user` [ RunTime:0.000000s ]
[ sql ] [ SQL ] INSERT INTO `tc_user` (`truename` , `sex` , `cardcode` , `bankname` , `bankcode` , `bankaddr` , `refcode` , `adtime` , `uptime`) VALUES ('李增' , 1 , '371523198801072710' , '平安银行' , '6230580000085944903' , '山东省 济南市 市辖区' , '8520' , '2018-05-08 18:26:27' , '2018-05-08 18:26:27') [ RunTime:0.000000s ]

---------------------------------------------------------------
[ 2018-05-08T18:26:31+08:00 ] [ sql ] [ DB ] CONNECT:[ UseTime:0.000000s ] mysql:dbname=yuxin;host=127.0.0.1;port=3306;charset=utf8
[ sql ] [ SQL ] SHOW COLUMNS FROM `tc_config` [ RunTime:0.015625s ]
[ sql ] [ SQL ] SELECT * FROM `tc_config` WHERE  `cate` = 'SEO' [ RunTime:0.000000s ]
[ sql ] [ SQL ] SELECT * FROM `tc_config` WHERE  `cate` = '网站' [ RunTime:0.000000s ]

---------------------------------------------------------------
[ 2018-05-08T18:28:29+08:00 ] [ sql ] [ DB ] CONNECT:[ UseTime:0.000000s ] mysql:dbname=yuxin;host=127.0.0.1;port=3306;charset=utf8
[ sql ] [ SQL ] SHOW COLUMNS FROM `tc_config` [ RunTime:0.015626s ]
[ sql ] [ SQL ] SELECT * FROM `tc_config` WHERE  `cate` = 'SEO' [ RunTime:0.000000s ]
[ sql ] [ SQL ] SELECT * FROM `tc_config` WHERE  `cate` = '网站' [ RunTime:0.000000s ]

---------------------------------------------------------------
[ 2018-05-08T19:11:07+08:00 ] [ sql ] [ DB ] CONNECT:[ UseTime:0.000000s ] mysql:dbname=yuxin;host=127.0.0.1;port=3306;charset=utf8
[ sql ] [ SQL ] SHOW COLUMNS FROM `tc_config` [ RunTime:0.015625s ]
[ sql ] [ SQL ] SELECT * FROM `tc_config` WHERE  `cate` = 'SEO' [ RunTime:0.000000s ]
[ sql ] [ SQL ] SELECT * FROM `tc_config` WHERE  `cate` = '网站' [ RunTime:0.000000s ]

---------------------------------------------------------------
[ 2018-05-08T19:11:26+08:00 ] [ sql ] [ DB ] CONNECT:[ UseTime:0.000000s ] mysql:dbname=yuxin;host=127.0.0.1;port=3306;charset=utf8
[ sql ] [ SQL ] SHOW COLUMNS FROM `tc_config` [ RunTime:0.000000s ]
[ sql ] [ SQL ] SELECT * FROM `tc_config` WHERE  `cate` = 'SEO' [ RunTime:0.000000s ]
[ sql ] [ SQL ] SELECT * FROM `tc_config` WHERE  `cate` = '网站' [ RunTime:0.000000s ]

---------------------------------------------------------------
[ 2018-05-08T19:43:35+08:00 ] [ sql ] [ DB ] CONNECT:[ UseTime:0.000000s ] mysql:dbname=yuxin;host=127.0.0.1;port=3306;charset=utf8
[ sql ] [ SQL ] SHOW COLUMNS FROM `tc_config` [ RunTime:0.015625s ]
[ sql ] [ SQL ] SELECT * FROM `tc_config` WHERE  `cate` = 'SEO' [ RunTime:0.000000s ]
[ sql ] [ SQL ] SELECT * FROM `tc_config` WHERE  `cate` = '网站' [ RunTime:0.000000s ]

---------------------------------------------------------------
[ 2018-05-08T19:43:58+08:00 ] [ sql ] [ DB ] CONNECT:[ UseTime:0.000000s ] mysql:dbname=yuxin;host=127.0.0.1;port=3306;charset=utf8
[ sql ] [ SQL ] SHOW COLUMNS FROM `tc_config` [ RunTime:0.000000s ]
[ sql ] [ SQL ] SELECT * FROM `tc_config` WHERE  `cate` = 'SEO' [ RunTime:0.000000s ]
[ sql ] [ SQL ] SELECT * FROM `tc_config` WHERE  `cate` = '网站' [ RunTime:0.000000s ]

---------------------------------------------------------------
[ 2018-05-08T19:54:56+08:00 ] [ sql ] [ DB ] CONNECT:[ UseTime:0.000000s ] mysql:dbname=yuxin;host=127.0.0.1;port=3306;charset=utf8
[ sql ] [ SQL ] SHOW COLUMNS FROM `tc_config` [ RunTime:0.000000s ]
[ sql ] [ SQL ] SELECT * FROM `tc_config` WHERE  `cate` = 'SEO' [ RunTime:0.000000s ]
[ sql ] [ SQL ] SELECT * FROM `tc_config` WHERE  `cate` = '网站' [ RunTime:0.000000s ]

---------------------------------------------------------------
[ 2018-05-08T20:09:31+08:00 ] [ sql ] [ DB ] CONNECT:[ UseTime:0.015624s ] mysql:dbname=yuxin;host=127.0.0.1;port=3306;charset=utf8
[ sql ] [ SQL ] SHOW COLUMNS FROM `tc_config` [ RunTime:0.000000s ]
[ sql ] [ SQL ] SELECT * FROM `tc_config` WHERE  `cate` = 'SEO' [ RunTime:0.000000s ]
[ sql ] [ SQL ] SELECT * FROM `tc_config` WHERE  `cate` = '网站' [ RunTime:0.000000s ]

---------------------------------------------------------------
[ 2018-05-08T20:10:15+08:00 ] [ sql ] [ DB ] CONNECT:[ UseTime:0.000000s ] mysql:dbname=yuxin;host=127.0.0.1;port=3306;charset=utf8
[ sql ] [ SQL ] SHOW COLUMNS FROM `tc_config` [ RunTime:0.015625s ]
[ sql ] [ SQL ] SELECT * FROM `tc_config` WHERE  `cate` = 'SEO' [ RunTime:0.000000s ]
[ sql ] [ SQL ] SELECT * FROM `tc_config` WHERE  `cate` = '网站' [ RunTime:0.000000s ]

---------------------------------------------------------------
[ 2018-05-08T20:11:19+08:00 ] [ sql ] [ DB ] CONNECT:[ UseTime:0.015624s ] mysql:dbname=yuxin;host=127.0.0.1;port=3306;charset=utf8
[ sql ] [ SQL ] SHOW COLUMNS FROM `tc_config` [ RunTime:0.015625s ]
[ sql ] [ SQL ] SELECT * FROM `tc_config` WHERE  `cate` = 'SEO' [ RunTime:0.000000s ]
[ sql ] [ SQL ] SELECT * FROM `tc_config` WHERE  `cate` = '网站' [ RunTime:0.000000s ]

---------------------------------------------------------------
[ 2018-05-08T22:21:32+08:00 ] [ sql ] [ DB ] CONNECT:[ UseTime:0.000000s ] mysql:dbname=yuxin;host=127.0.0.1;port=3306;charset=utf8
[ sql ] [ SQL ] SHOW COLUMNS FROM `tc_permission` [ RunTime:0.015625s ]
[ sql ] [ SQL ] SELECT `id` FROM `tc_permission` WHERE  `url` = '/admin/index/index' LIMIT 1 [ RunTime:0.000000s ]
[ sql ] [ SQL ] SELECT * FROM `tc_permission` WHERE  `id` IN (1,2,3,4,5,6,7,8,9,10,11,12,13,14,15,16,17,18,19,20,21,22,23,24,25,26,27,28,29,30,31,32,33,34,35,36,37,38,39,40,41,42,43,44,45,46,47,48,49,50,51,52,53) [ RunTime:0.000000s ]

---------------------------------------------------------------
[ 2018-05-08T22:21:39+08:00 ] [ sql ] [ DB ] CONNECT:[ UseTime:0.000000s ] mysql:dbname=yuxin;host=127.0.0.1;port=3306;charset=utf8
[ sql ] [ SQL ] SHOW COLUMNS FROM `tc_config` [ RunTime:0.015625s ]
[ sql ] [ SQL ] SELECT * FROM `tc_config` WHERE  `cate` = 'SEO' [ RunTime:0.000000s ]
[ sql ] [ SQL ] SELECT * FROM `tc_config` WHERE  `cate` = '网站' [ RunTime:0.000000s ]

---------------------------------------------------------------
[ 2018-05-08T22:21:57+08:00 ] [ sql ] [ DB ] CONNECT:[ UseTime:0.000000s ] mysql:dbname=yuxin;host=127.0.0.1;port=3306;charset=utf8
[ sql ] [ SQL ] SHOW COLUMNS FROM `tc_config` [ RunTime:0.015625s ]
[ sql ] [ SQL ] SELECT * FROM `tc_config` WHERE  `cate` = 'SEO' [ RunTime:0.000000s ]
[ sql ] [ SQL ] SELECT * FROM `tc_config` WHERE  `cate` = '网站' [ RunTime:0.000000s ]
[ sql ] [ SQL ] SHOW COLUMNS FROM `tc_user` [ RunTime:0.000000s ]
[ sql ] [ SQL ] INSERT INTO `tc_user` (`truename` , `sex` , `cardcode` , `bankname` , `bankcode` , `bankaddr` , `refcode` , `adtime` , `uptime`) VALUES ('111' , 1 , '11111' , '1111' , '111111' , '天津市 市辖区 和平区' , '11111' , '2018-05-08 22:21:54' , '2018-05-08 22:21:54') [ RunTime:0.000000s ]

---------------------------------------------------------------
