[ 2018-05-19T01:34:07+08:00 ] [ sql ] [ DB ] CONNECT:[ UseTime:0.015624s ] mysql:dbname=yuxin;host=127.0.0.1;port=3306;charset=utf8
[ sql ] [ SQL ] SHOW COLUMNS FROM `tc_config` [ RunTime:0.015625s ]
[ sql ] [ SQL ] SELECT * FROM `tc_config` WHERE  `cate` = 'SEO' [ RunTime:0.000000s ]
[ sql ] [ SQL ] SELECT * FROM `tc_config` WHERE  `cate` = '网站' [ RunTime:0.000000s ]

---------------------------------------------------------------
[ 2018-05-19T06:27:09+08:00 ] [ sql ] [ DB ] CONNECT:[ UseTime:0.000000s ] mysql:dbname=yuxin;host=127.0.0.1;port=3306;charset=utf8
[ sql ] [ SQL ] SHOW COLUMNS FROM `tc_config` [ RunTime:0.015624s ]
[ sql ] [ SQL ] SELECT * FROM `tc_config` WHERE  `cate` = 'SEO' [ RunTime:0.000000s ]
[ sql ] [ SQL ] SELECT * FROM `tc_config` WHERE  `cate` = '网站' [ RunTime:0.000000s ]

---------------------------------------------------------------
[ 2018-05-19T06:27:37+08:00 ] [ sql ] [ DB ] CONNECT:[ UseTime:0.000000s ] mysql:dbname=yuxin;host=127.0.0.1;port=3306;charset=utf8
[ sql ] [ SQL ] SHOW COLUMNS FROM `tc_config` [ RunTime:0.015624s ]
[ sql ] [ SQL ] SELECT * FROM `tc_config` WHERE  `cate` = 'SEO' [ RunTime:0.000000s ]
[ sql ] [ SQL ] SELECT * FROM `tc_config` WHERE  `cate` = '网站' [ RunTime:0.000000s ]

---------------------------------------------------------------
[ 2018-05-19T06:27:44+08:00 ] [ sql ] [ DB ] CONNECT:[ UseTime:0.000000s ] mysql:dbname=yuxin;host=127.0.0.1;port=3306;charset=utf8
[ sql ] [ SQL ] SHOW COLUMNS FROM `tc_config` [ RunTime:0.015625s ]
[ sql ] [ SQL ] SELECT * FROM `tc_config` WHERE  `cate` = 'SEO' [ RunTime:0.000000s ]
[ sql ] [ SQL ] SELECT * FROM `tc_config` WHERE  `cate` = '网站' [ RunTime:0.000000s ]
[ sql ] [ SQL ] SHOW COLUMNS FROM `tc_news_article` [ RunTime:0.015624s ]
[ sql ] [ SQL ] SELECT * FROM `tc_news_article` WHERE  `display` = 'Y' ORDER BY `add_time`  desc [ RunTime:0.000000s ]

---------------------------------------------------------------
[ 2018-05-19T06:27:46+08:00 ] [ sql ] [ DB ] CONNECT:[ UseTime:0.000000s ] mysql:dbname=yuxin;host=127.0.0.1;port=3306;charset=utf8
[ sql ] [ SQL ] SHOW COLUMNS FROM `tc_config` [ RunTime:0.015625s ]
[ sql ] [ SQL ] SELECT * FROM `tc_config` WHERE  `cate` = 'SEO' [ RunTime:0.000000s ]
[ sql ] [ SQL ] SELECT * FROM `tc_config` WHERE  `cate` = '网站' [ RunTime:0.000000s ]
[ sql ] [ SQL ] SHOW COLUMNS FROM `tc_news_article` [ RunTime:0.015624s ]
[ sql ] [ SQL ] SELECT * FROM `tc_news_article` WHERE  `display` = 'Y' ORDER BY `add_time`  desc [ RunTime:0.000000s ]

---------------------------------------------------------------
[ 2018-05-19T06:28:09+08:00 ] [ sql ] [ DB ] CONNECT:[ UseTime:0.000000s ] mysql:dbname=yuxin;host=127.0.0.1;port=3306;charset=utf8
[ sql ] [ SQL ] SHOW COLUMNS FROM `tc_config` [ RunTime:0.015624s ]
[ sql ] [ SQL ] SELECT * FROM `tc_config` WHERE  `cate` = 'SEO' [ RunTime:0.000000s ]
[ sql ] [ SQL ] SELECT * FROM `tc_config` WHERE  `cate` = '网站' [ RunTime:0.000000s ]

---------------------------------------------------------------
[ 2018-05-19T10:16:23+08:00 ] [ sql ] [ DB ] CONNECT:[ UseTime:0.015625s ] mysql:dbname=yuxin;host=127.0.0.1;port=3306;charset=utf8
[ sql ] [ SQL ] SHOW COLUMNS FROM `tc_config` [ RunTime:0.000000s ]
[ sql ] [ SQL ] SELECT * FROM `tc_config` WHERE  `cate` = 'SEO' [ RunTime:0.000000s ]
[ sql ] [ SQL ] SELECT * FROM `tc_config` WHERE  `cate` = '网站' [ RunTime:0.000000s ]

---------------------------------------------------------------
[ 2018-05-19T10:16:34+08:00 ] [ sql ] [ DB ] CONNECT:[ UseTime:0.015625s ] mysql:dbname=yuxin;host=127.0.0.1;port=3306;charset=utf8
[ sql ] [ SQL ] SHOW COLUMNS FROM `tc_config` [ RunTime:0.000000s ]
[ sql ] [ SQL ] SELECT * FROM `tc_config` WHERE  `cate` = 'SEO' [ RunTime:0.000000s ]
[ sql ] [ SQL ] SELECT * FROM `tc_config` WHERE  `cate` = '网站' [ RunTime:0.015626s ]

---------------------------------------------------------------
[ 2018-05-19T10:50:52+08:00 ] [ sql ] [ DB ] CONNECT:[ UseTime:0.015625s ] mysql:dbname=yuxin;host=127.0.0.1;port=3306;charset=utf8
[ sql ] [ SQL ] SHOW COLUMNS FROM `tc_config` [ RunTime:0.015625s ]
[ sql ] [ SQL ] SELECT * FROM `tc_config` WHERE  `cate` = 'SEO' [ RunTime:0.000000s ]
[ sql ] [ SQL ] SELECT * FROM `tc_config` WHERE  `cate` = '网站' [ RunTime:0.000000s ]

---------------------------------------------------------------
[ 2018-05-19T10:59:04+08:00 ] [ sql ] [ DB ] CONNECT:[ UseTime:0.015625s ] mysql:dbname=yuxin;host=127.0.0.1;port=3306;charset=utf8
[ sql ] [ SQL ] SHOW COLUMNS FROM `tc_config` [ RunTime:0.000000s ]
[ sql ] [ SQL ] SELECT * FROM `tc_config` WHERE  `cate` = 'SEO' [ RunTime:0.000000s ]
[ sql ] [ SQL ] SELECT * FROM `tc_config` WHERE  `cate` = '网站' [ RunTime:0.000000s ]

---------------------------------------------------------------
[ 2018-05-19T11:10:09+08:00 ] [ sql ] [ DB ] CONNECT:[ UseTime:0.000000s ] mysql:dbname=yuxin;host=127.0.0.1;port=3306;charset=utf8
[ sql ] [ SQL ] SHOW COLUMNS FROM `tc_config` [ RunTime:0.015625s ]
[ sql ] [ SQL ] SELECT * FROM `tc_config` WHERE  `cate` = 'SEO' [ RunTime:0.000000s ]
[ sql ] [ SQL ] SELECT * FROM `tc_config` WHERE  `cate` = '网站' [ RunTime:0.000000s ]

---------------------------------------------------------------
[ 2018-05-19T11:28:40+08:00 ] [ sql ] [ DB ] CONNECT:[ UseTime:0.015625s ] mysql:dbname=yuxin;host=127.0.0.1;port=3306;charset=utf8
[ sql ] [ SQL ] SHOW COLUMNS FROM `tc_config` [ RunTime:0.015624s ]
[ sql ] [ SQL ] SELECT * FROM `tc_config` WHERE  `cate` = 'SEO' [ RunTime:0.000000s ]
[ sql ] [ SQL ] SELECT * FROM `tc_config` WHERE  `cate` = '网站' [ RunTime:0.000000s ]

---------------------------------------------------------------
[ 2018-05-19T11:40:56+08:00 ] [ sql ] [ DB ] CONNECT:[ UseTime:0.000000s ] mysql:dbname=yuxin;host=127.0.0.1;port=3306;charset=utf8
[ sql ] [ SQL ] SHOW COLUMNS FROM `tc_config` [ RunTime:0.015625s ]
[ sql ] [ SQL ] SELECT * FROM `tc_config` WHERE  `cate` = 'SEO' [ RunTime:0.000000s ]
[ sql ] [ SQL ] SELECT * FROM `tc_config` WHERE  `cate` = '网站' [ RunTime:0.000000s ]

---------------------------------------------------------------
[ 2018-05-19T11:42:25+08:00 ] [ sql ] [ DB ] CONNECT:[ UseTime:0.015624s ] mysql:dbname=yuxin;host=127.0.0.1;port=3306;charset=utf8
[ sql ] [ SQL ] SHOW COLUMNS FROM `tc_config` [ RunTime:0.015625s ]
[ sql ] [ SQL ] SELECT * FROM `tc_config` WHERE  `cate` = 'SEO' [ RunTime:0.000000s ]
[ sql ] [ SQL ] SELECT * FROM `tc_config` WHERE  `cate` = '网站' [ RunTime:0.000000s ]

---------------------------------------------------------------
[ 2018-05-19T11:43:20+08:00 ] [ sql ] [ DB ] CONNECT:[ UseTime:0.000000s ] mysql:dbname=yuxin;host=127.0.0.1;port=3306;charset=utf8
[ sql ] [ SQL ] SHOW COLUMNS FROM `tc_config` [ RunTime:0.015624s ]
[ sql ] [ SQL ] SELECT * FROM `tc_config` WHERE  `cate` = 'SEO' [ RunTime:0.000000s ]
[ sql ] [ SQL ] SELECT * FROM `tc_config` WHERE  `cate` = '网站' [ RunTime:0.000000s ]

---------------------------------------------------------------
[ 2018-05-19T11:44:34+08:00 ] [ sql ] [ DB ] CONNECT:[ UseTime:0.015625s ] mysql:dbname=yuxin;host=127.0.0.1;port=3306;charset=utf8
[ sql ] [ SQL ] SHOW COLUMNS FROM `tc_config` [ RunTime:0.000000s ]
[ sql ] [ SQL ] SELECT * FROM `tc_config` WHERE  `cate` = 'SEO' [ RunTime:0.000000s ]
[ sql ] [ SQL ] SELECT * FROM `tc_config` WHERE  `cate` = '网站' [ RunTime:0.000000s ]

---------------------------------------------------------------
[ 2018-05-19T11:45:10+08:00 ] [ sql ] [ DB ] CONNECT:[ UseTime:0.015624s ] mysql:dbname=yuxin;host=127.0.0.1;port=3306;charset=utf8
[ sql ] [ SQL ] SHOW COLUMNS FROM `tc_config` [ RunTime:0.000000s ]
[ sql ] [ SQL ] SELECT * FROM `tc_config` WHERE  `cate` = 'SEO' [ RunTime:0.000000s ]
[ sql ] [ SQL ] SELECT * FROM `tc_config` WHERE  `cate` = '网站' [ RunTime:0.000000s ]

---------------------------------------------------------------
[ 2018-05-19T11:53:35+08:00 ] [ sql ] [ DB ] CONNECT:[ UseTime:0.000000s ] mysql:dbname=yuxin;host=127.0.0.1;port=3306;charset=utf8
[ sql ] [ SQL ] SHOW COLUMNS FROM `tc_config` [ RunTime:0.015625s ]
[ sql ] [ SQL ] SELECT * FROM `tc_config` WHERE  `cate` = 'SEO' [ RunTime:0.000000s ]
[ sql ] [ SQL ] SELECT * FROM `tc_config` WHERE  `cate` = '网站' [ RunTime:0.000000s ]

---------------------------------------------------------------
[ 2018-05-19T12:30:13+08:00 ] [ sql ] [ DB ] CONNECT:[ UseTime:0.015625s ] mysql:dbname=yuxin;host=127.0.0.1;port=3306;charset=utf8
[ sql ] [ SQL ] SHOW COLUMNS FROM `tc_config` [ RunTime:0.015624s ]
[ sql ] [ SQL ] SELECT * FROM `tc_config` WHERE  `cate` = 'SEO' [ RunTime:0.000000s ]
[ sql ] [ SQL ] SELECT * FROM `tc_config` WHERE  `cate` = '网站' [ RunTime:0.000000s ]

---------------------------------------------------------------
[ 2018-05-19T13:46:08+08:00 ] [ sql ] [ DB ] CONNECT:[ UseTime:0.000000s ] mysql:dbname=yuxin;host=127.0.0.1;port=3306;charset=utf8
[ sql ] [ SQL ] SHOW COLUMNS FROM `tc_config` [ RunTime:0.015624s ]
[ sql ] [ SQL ] SELECT * FROM `tc_config` WHERE  `cate` = 'SEO' [ RunTime:0.000000s ]
[ sql ] [ SQL ] SELECT * FROM `tc_config` WHERE  `cate` = '网站' [ RunTime:0.000000s ]

---------------------------------------------------------------
[ 2018-05-19T14:12:51+08:00 ] [ sql ] [ DB ] CONNECT:[ UseTime:0.015625s ] mysql:dbname=yuxin;host=127.0.0.1;port=3306;charset=utf8
[ sql ] [ SQL ] SHOW COLUMNS FROM `tc_config` [ RunTime:0.000000s ]
[ sql ] [ SQL ] SELECT * FROM `tc_config` WHERE  `cate` = 'SEO' [ RunTime:0.000000s ]
[ sql ] [ SQL ] SELECT * FROM `tc_config` WHERE  `cate` = '网站' [ RunTime:0.000000s ]

---------------------------------------------------------------
[ 2018-05-19T14:13:26+08:00 ] [ sql ] [ DB ] CONNECT:[ UseTime:0.000000s ] mysql:dbname=yuxin;host=127.0.0.1;port=3306;charset=utf8
[ sql ] [ SQL ] SHOW COLUMNS FROM `tc_config` [ RunTime:0.015625s ]
[ sql ] [ SQL ] SELECT * FROM `tc_config` WHERE  `cate` = 'SEO' [ RunTime:0.000000s ]
[ sql ] [ SQL ] SELECT * FROM `tc_config` WHERE  `cate` = '网站' [ RunTime:0.000000s ]

---------------------------------------------------------------
[ 2018-05-19T14:14:24+08:00 ] [ sql ] [ DB ] CONNECT:[ UseTime:0.015625s ] mysql:dbname=yuxin;host=127.0.0.1;port=3306;charset=utf8
[ sql ] [ SQL ] SHOW COLUMNS FROM `tc_config` [ RunTime:0.000000s ]
[ sql ] [ SQL ] SELECT * FROM `tc_config` WHERE  `cate` = 'SEO' [ RunTime:0.000000s ]
[ sql ] [ SQL ] SELECT * FROM `tc_config` WHERE  `cate` = '网站' [ RunTime:0.000000s ]

---------------------------------------------------------------
[ 2018-05-19T14:19:20+08:00 ] [ sql ] [ DB ] CONNECT:[ UseTime:0.000000s ] mysql:dbname=yuxin;host=127.0.0.1;port=3306;charset=utf8
[ sql ] [ SQL ] SHOW COLUMNS FROM `tc_config` [ RunTime:0.015625s ]
[ sql ] [ SQL ] SELECT * FROM `tc_config` WHERE  `cate` = 'SEO' [ RunTime:0.000000s ]
[ sql ] [ SQL ] SELECT * FROM `tc_config` WHERE  `cate` = '网站' [ RunTime:0.000000s ]

---------------------------------------------------------------
[ 2018-05-19T15:01:25+08:00 ] [ sql ] [ DB ] CONNECT:[ UseTime:0.000000s ] mysql:dbname=yuxin;host=127.0.0.1;port=3306;charset=utf8
[ sql ] [ SQL ] SHOW COLUMNS FROM `tc_config` [ RunTime:0.015624s ]
[ sql ] [ SQL ] SELECT * FROM `tc_config` WHERE  `cate` = 'SEO' [ RunTime:0.000000s ]
[ sql ] [ SQL ] SELECT * FROM `tc_config` WHERE  `cate` = '网站' [ RunTime:0.000000s ]

---------------------------------------------------------------
[ 2018-05-19T15:02:26+08:00 ] [ sql ] [ DB ] CONNECT:[ UseTime:0.015625s ] mysql:dbname=yuxin;host=127.0.0.1;port=3306;charset=utf8
[ sql ] [ SQL ] SHOW COLUMNS FROM `tc_config` [ RunTime:0.000000s ]
[ sql ] [ SQL ] SELECT * FROM `tc_config` WHERE  `cate` = 'SEO' [ RunTime:0.000000s ]
[ sql ] [ SQL ] SELECT * FROM `tc_config` WHERE  `cate` = '网站' [ RunTime:0.000000s ]

---------------------------------------------------------------
[ 2018-05-19T15:02:50+08:00 ] [ sql ] [ DB ] CONNECT:[ UseTime:0.015625s ] mysql:dbname=yuxin;host=127.0.0.1;port=3306;charset=utf8
[ sql ] [ SQL ] SHOW COLUMNS FROM `tc_config` [ RunTime:0.000000s ]
[ sql ] [ SQL ] SELECT * FROM `tc_config` WHERE  `cate` = 'SEO' [ RunTime:0.000000s ]
[ sql ] [ SQL ] SELECT * FROM `tc_config` WHERE  `cate` = '网站' [ RunTime:0.000000s ]

---------------------------------------------------------------
[ 2018-05-19T15:02:51+08:00 ] [ sql ] [ DB ] CONNECT:[ UseTime:0.015625s ] mysql:dbname=yuxin;host=127.0.0.1;port=3306;charset=utf8
[ sql ] [ SQL ] SHOW COLUMNS FROM `tc_config` [ RunTime:0.015625s ]
[ sql ] [ SQL ] SELECT * FROM `tc_config` WHERE  `cate` = 'SEO' [ RunTime:0.000000s ]
[ sql ] [ SQL ] SELECT * FROM `tc_config` WHERE  `cate` = '网站' [ RunTime:0.000000s ]

---------------------------------------------------------------
[ 2018-05-19T15:06:20+08:00 ] [ sql ] [ DB ] CONNECT:[ UseTime:0.015625s ] mysql:dbname=yuxin;host=127.0.0.1;port=3306;charset=utf8
[ sql ] [ SQL ] SHOW COLUMNS FROM `tc_config` [ RunTime:0.000000s ]
[ sql ] [ SQL ] SELECT * FROM `tc_config` WHERE  `cate` = 'SEO' [ RunTime:0.000000s ]
[ sql ] [ SQL ] SELECT * FROM `tc_config` WHERE  `cate` = '网站' [ RunTime:0.000000s ]
[ sql ] [ SQL ] SHOW COLUMNS FROM `tc_user` [ RunTime:0.000000s ]
[ sql ] [ SQL ] INSERT INTO `tc_user` (`truename` , `sex` , `cardcode` , `bankname` , `bankcode` , `bankaddr` , `refcode` , `adtime` , `uptime`) VALUES ('丁学峰' , 1 , '362202197211100079' , '中国建设银行' , '5240943520045428' , '海南省 临高县 ' , '852015' , '2018-05-19 15:06:19' , '2018-05-19 15:06:19') [ RunTime:0.000000s ]

---------------------------------------------------------------
[ 2018-05-19T15:06:30+08:00 ] [ sql ] [ DB ] CONNECT:[ UseTime:0.015625s ] mysql:dbname=yuxin;host=127.0.0.1;port=3306;charset=utf8
[ sql ] [ SQL ] SHOW COLUMNS FROM `tc_config` [ RunTime:0.000000s ]
[ sql ] [ SQL ] SELECT * FROM `tc_config` WHERE  `cate` = 'SEO' [ RunTime:0.000000s ]
[ sql ] [ SQL ] SELECT * FROM `tc_config` WHERE  `cate` = '网站' [ RunTime:0.000000s ]

---------------------------------------------------------------
[ 2018-05-19T15:06:53+08:00 ] [ sql ] [ DB ] CONNECT:[ UseTime:0.015624s ] mysql:dbname=yuxin;host=127.0.0.1;port=3306;charset=utf8
[ sql ] [ SQL ] SHOW COLUMNS FROM `tc_config` [ RunTime:0.000000s ]
[ sql ] [ SQL ] SELECT * FROM `tc_config` WHERE  `cate` = 'SEO' [ RunTime:0.000000s ]
[ sql ] [ SQL ] SELECT * FROM `tc_config` WHERE  `cate` = '网站' [ RunTime:0.015625s ]

---------------------------------------------------------------
[ 2018-05-19T15:07:01+08:00 ] [ sql ] [ DB ] CONNECT:[ UseTime:0.015624s ] mysql:dbname=yuxin;host=127.0.0.1;port=3306;charset=utf8
[ sql ] [ SQL ] SHOW COLUMNS FROM `tc_config` [ RunTime:0.015625s ]
[ sql ] [ SQL ] SELECT * FROM `tc_config` WHERE  `cate` = 'SEO' [ RunTime:0.000000s ]
[ sql ] [ SQL ] SELECT * FROM `tc_config` WHERE  `cate` = '网站' [ RunTime:0.000000s ]

---------------------------------------------------------------
[ 2018-05-19T15:07:20+08:00 ] [ sql ] [ DB ] CONNECT:[ UseTime:0.015624s ] mysql:dbname=yuxin;host=127.0.0.1;port=3306;charset=utf8
[ sql ] [ SQL ] SHOW COLUMNS FROM `tc_config` [ RunTime:0.000000s ]
[ sql ] [ SQL ] SELECT * FROM `tc_config` WHERE  `cate` = 'SEO' [ RunTime:0.000000s ]
[ sql ] [ SQL ] SELECT * FROM `tc_config` WHERE  `cate` = '网站' [ RunTime:0.000000s ]
[ error ] [8]未定义数组索引: bankaddr

---------------------------------------------------------------
[ 2018-05-19T15:07:30+08:00 ] [ sql ] [ DB ] CONNECT:[ UseTime:0.015625s ] mysql:dbname=yuxin;host=127.0.0.1;port=3306;charset=utf8
[ sql ] [ SQL ] SHOW COLUMNS FROM `tc_config` [ RunTime:0.000000s ]
[ sql ] [ SQL ] SELECT * FROM `tc_config` WHERE  `cate` = 'SEO' [ RunTime:0.000000s ]
[ sql ] [ SQL ] SELECT * FROM `tc_config` WHERE  `cate` = '网站' [ RunTime:0.000000s ]

---------------------------------------------------------------
[ 2018-05-19T15:08:13+08:00 ] [ sql ] [ DB ] CONNECT:[ UseTime:0.015625s ] mysql:dbname=yuxin;host=127.0.0.1;port=3306;charset=utf8
[ sql ] [ SQL ] SHOW COLUMNS FROM `tc_config` [ RunTime:0.000000s ]
[ sql ] [ SQL ] SELECT * FROM `tc_config` WHERE  `cate` = 'SEO' [ RunTime:0.000000s ]
[ sql ] [ SQL ] SELECT * FROM `tc_config` WHERE  `cate` = '网站' [ RunTime:0.000000s ]
[ sql ] [ SQL ] SHOW COLUMNS FROM `tc_user` [ RunTime:0.015625s ]
[ sql ] [ SQL ] INSERT INTO `tc_user` (`truename` , `sex` , `cardcode` , `bankname` , `bankcode` , `bankaddr` , `refcode` , `adtime` , `uptime`) VALUES ('丁学峰' , 1 , '362202197211100079' , '中国建设银行' , '5240943520045428' , '海南省 临高县 ' , '852015' , '2018-05-19 15:08:13' , '2018-05-19 15:08:13') [ RunTime:0.000000s ]

---------------------------------------------------------------
[ 2018-05-19T15:08:54+08:00 ] [ sql ] [ DB ] CONNECT:[ UseTime:0.000000s ] mysql:dbname=yuxin;host=127.0.0.1;port=3306;charset=utf8
[ sql ] [ SQL ] SHOW COLUMNS FROM `tc_config` [ RunTime:0.015624s ]
[ sql ] [ SQL ] SELECT * FROM `tc_config` WHERE  `cate` = 'SEO' [ RunTime:0.000000s ]
[ sql ] [ SQL ] SELECT * FROM `tc_config` WHERE  `cate` = '网站' [ RunTime:0.000000s ]

---------------------------------------------------------------
[ 2018-05-19T15:08:57+08:00 ] [ sql ] [ DB ] CONNECT:[ UseTime:0.015624s ] mysql:dbname=yuxin;host=127.0.0.1;port=3306;charset=utf8
[ sql ] [ SQL ] SHOW COLUMNS FROM `tc_config` [ RunTime:0.000000s ]
[ sql ] [ SQL ] SELECT * FROM `tc_config` WHERE  `cate` = 'SEO' [ RunTime:0.000000s ]
[ sql ] [ SQL ] SELECT * FROM `tc_config` WHERE  `cate` = '网站' [ RunTime:0.000000s ]
[ error ] [8]未定义数组索引: bankaddr

---------------------------------------------------------------
[ 2018-05-19T15:08:59+08:00 ] [ sql ] [ DB ] CONNECT:[ UseTime:0.015625s ] mysql:dbname=yuxin;host=127.0.0.1;port=3306;charset=utf8
[ sql ] [ SQL ] SHOW COLUMNS FROM `tc_config` [ RunTime:0.015625s ]
[ sql ] [ SQL ] SELECT * FROM `tc_config` WHERE  `cate` = 'SEO' [ RunTime:0.000000s ]
[ sql ] [ SQL ] SELECT * FROM `tc_config` WHERE  `cate` = '网站' [ RunTime:0.000000s ]

---------------------------------------------------------------
[ 2018-05-19T15:09:00+08:00 ] [ sql ] [ DB ] CONNECT:[ UseTime:0.015625s ] mysql:dbname=yuxin;host=127.0.0.1;port=3306;charset=utf8
[ sql ] [ SQL ] SHOW COLUMNS FROM `tc_config` [ RunTime:0.000000s ]
[ sql ] [ SQL ] SELECT * FROM `tc_config` WHERE  `cate` = 'SEO' [ RunTime:0.000000s ]
[ sql ] [ SQL ] SELECT * FROM `tc_config` WHERE  `cate` = '网站' [ RunTime:0.000000s ]

---------------------------------------------------------------
[ 2018-05-19T15:09:02+08:00 ] [ sql ] [ DB ] CONNECT:[ UseTime:0.015625s ] mysql:dbname=yuxin;host=127.0.0.1;port=3306;charset=utf8
[ sql ] [ SQL ] SHOW COLUMNS FROM `tc_config` [ RunTime:0.000000s ]
[ sql ] [ SQL ] SELECT * FROM `tc_config` WHERE  `cate` = 'SEO' [ RunTime:0.000000s ]
[ sql ] [ SQL ] SELECT * FROM `tc_config` WHERE  `cate` = '网站' [ RunTime:0.000000s ]
[ error ] [8]未定义数组索引: bankaddr

---------------------------------------------------------------
[ 2018-05-19T15:09:04+08:00 ] [ sql ] [ DB ] CONNECT:[ UseTime:0.015625s ] mysql:dbname=yuxin;host=127.0.0.1;port=3306;charset=utf8
[ sql ] [ SQL ] SHOW COLUMNS FROM `tc_config` [ RunTime:0.015624s ]
[ sql ] [ SQL ] SELECT * FROM `tc_config` WHERE  `cate` = 'SEO' [ RunTime:0.000000s ]
[ sql ] [ SQL ] SELECT * FROM `tc_config` WHERE  `cate` = '网站' [ RunTime:0.000000s ]

---------------------------------------------------------------
[ 2018-05-19T15:10:10+08:00 ] [ sql ] [ DB ] CONNECT:[ UseTime:0.015624s ] mysql:dbname=yuxin;host=127.0.0.1;port=3306;charset=utf8
[ sql ] [ SQL ] SHOW COLUMNS FROM `tc_config` [ RunTime:0.000000s ]
[ sql ] [ SQL ] SELECT * FROM `tc_config` WHERE  `cate` = 'SEO' [ RunTime:0.000000s ]
[ sql ] [ SQL ] SELECT * FROM `tc_config` WHERE  `cate` = '网站' [ RunTime:0.000000s ]

---------------------------------------------------------------
[ 2018-05-19T15:10:23+08:00 ] [ sql ] [ DB ] CONNECT:[ UseTime:0.015625s ] mysql:dbname=yuxin;host=127.0.0.1;port=3306;charset=utf8
[ sql ] [ SQL ] SHOW COLUMNS FROM `tc_config` [ RunTime:0.000000s ]
[ sql ] [ SQL ] SELECT * FROM `tc_config` WHERE  `cate` = 'SEO' [ RunTime:0.000000s ]
[ sql ] [ SQL ] SELECT * FROM `tc_config` WHERE  `cate` = '网站' [ RunTime:0.000000s ]

---------------------------------------------------------------
[ 2018-05-19T15:10:32+08:00 ] [ sql ] [ DB ] CONNECT:[ UseTime:0.015624s ] mysql:dbname=yuxin;host=127.0.0.1;port=3306;charset=utf8
[ sql ] [ SQL ] SHOW COLUMNS FROM `tc_config` [ RunTime:0.000000s ]
[ sql ] [ SQL ] SELECT * FROM `tc_config` WHERE  `cate` = 'SEO' [ RunTime:0.000000s ]
[ sql ] [ SQL ] SELECT * FROM `tc_config` WHERE  `cate` = '网站' [ RunTime:0.015625s ]
[ sql ] [ SQL ] SHOW COLUMNS FROM `tc_news_article` [ RunTime:0.000000s ]
[ sql ] [ SQL ] SELECT * FROM `tc_news_article` WHERE  `display` = 'Y' ORDER BY `add_time`  desc [ RunTime:0.000000s ]

---------------------------------------------------------------
[ 2018-05-19T15:12:37+08:00 ] [ sql ] [ DB ] CONNECT:[ UseTime:0.015625s ] mysql:dbname=yuxin;host=127.0.0.1;port=3306;charset=utf8
[ sql ] [ SQL ] SHOW COLUMNS FROM `tc_admin` [ RunTime:0.000000s ]
[ sql ] [ SQL ] SELECT * FROM `tc_admin` WHERE  `name` = 'ldjun'  AND `password` = '123123' LIMIT 1 [ RunTime:0.000000s ]
[ sql ] [ SQL ] UPDATE `tc_admin`  SET `login_time`=1526713956  WHERE  `id` = 1 [ RunTime:0.000000s ]
[ sql ] [ SQL ] SHOW COLUMNS FROM `tc_perm_group` [ RunTime:0.015625s ]
[ sql ] [ SQL ] SELECT `perm_ids` FROM `tc_perm_group` WHERE  `id` = 1 LIMIT 1 [ RunTime:0.000000s ]

---------------------------------------------------------------
[ 2018-05-19T15:12:38+08:00 ] [ sql ] [ DB ] CONNECT:[ UseTime:0.015625s ] mysql:dbname=yuxin;host=127.0.0.1;port=3306;charset=utf8
[ sql ] [ SQL ] SHOW COLUMNS FROM `tc_permission` [ RunTime:0.000000s ]
[ sql ] [ SQL ] SELECT `id` FROM `tc_permission` WHERE  `url` = '/admin/index/index' LIMIT 1 [ RunTime:0.000000s ]
[ sql ] [ SQL ] SELECT * FROM `tc_permission` WHERE  `id` IN (1,2,3,4,5,6,7,8,9,10,11,12,13,14,15,16,17,18,19,20,21,22,23,24,25,26,27,28,29,30,31,32,33,34,35,36,37,38,39,40,41,42,43,44,45,46,47,48,49,50,51,52,53) [ RunTime:0.000000s ]

---------------------------------------------------------------
[ 2018-05-19T15:12:43+08:00 ] [ sql ] [ DB ] CONNECT:[ UseTime:0.015625s ] mysql:dbname=yuxin;host=127.0.0.1;port=3306;charset=utf8
[ sql ] [ SQL ] SHOW COLUMNS FROM `tc_permission` [ RunTime:0.000000s ]
[ sql ] [ SQL ] SELECT `id` FROM `tc_permission` WHERE  `url` = '/admin/user/show_user_list' LIMIT 1 [ RunTime:0.000000s ]
[ sql ] [ SQL ] SHOW COLUMNS FROM `tc_user` [ RunTime:0.000000s ]
[ sql ] [ SQL ] SELECT COUNT(*) AS tp_count FROM `tc_user` LIMIT 1 [ RunTime:0.000000s ]
[ sql ] [ SQL ] SELECT * FROM `tc_user` LIMIT 0,10 [ RunTime:0.000000s ]

---------------------------------------------------------------
[ 2018-05-19T15:12:49+08:00 ] [ sql ] [ DB ] CONNECT:[ UseTime:0.015624s ] mysql:dbname=yuxin;host=127.0.0.1;port=3306;charset=utf8
[ sql ] [ SQL ] SHOW COLUMNS FROM `tc_permission` [ RunTime:0.015625s ]
[ sql ] [ SQL ] SELECT `id` FROM `tc_permission` WHERE  `url` = '/admin/user/show_user_list' LIMIT 1 [ RunTime:0.000000s ]
[ sql ] [ SQL ] SHOW COLUMNS FROM `tc_user` [ RunTime:0.015625s ]
[ sql ] [ SQL ] SELECT COUNT(*) AS tp_count FROM `tc_user` LIMIT 1 [ RunTime:0.000000s ]
[ sql ] [ SQL ] SELECT * FROM `tc_user` LIMIT 20,10 [ RunTime:0.000000s ]

---------------------------------------------------------------
[ 2018-05-19T15:12:54+08:00 ] [ sql ] [ DB ] CONNECT:[ UseTime:0.015625s ] mysql:dbname=yuxin;host=127.0.0.1;port=3306;charset=utf8
[ sql ] [ SQL ] SHOW COLUMNS FROM `tc_permission` [ RunTime:0.015625s ]
[ sql ] [ SQL ] SELECT `id` FROM `tc_permission` WHERE  `url` = '/admin/user/see_user' LIMIT 1 [ RunTime:0.000000s ]
[ sql ] [ SQL ] SHOW COLUMNS FROM `tc_user` [ RunTime:0.015624s ]
[ sql ] [ SQL ] SELECT * FROM `tc_user` WHERE  `id` = 200 LIMIT 1 [ RunTime:0.000000s ]

---------------------------------------------------------------
[ 2018-05-19T15:12:59+08:00 ] [ sql ] [ DB ] CONNECT:[ UseTime:0.015625s ] mysql:dbname=yuxin;host=127.0.0.1;port=3306;charset=utf8
[ sql ] [ SQL ] SHOW COLUMNS FROM `tc_config` [ RunTime:0.000000s ]
[ sql ] [ SQL ] SELECT * FROM `tc_config` WHERE  `cate` = 'SEO' [ RunTime:0.000000s ]
[ sql ] [ SQL ] SELECT * FROM `tc_config` WHERE  `cate` = '网站' [ RunTime:0.000000s ]
[ sql ] [ SQL ] SHOW COLUMNS FROM `tc_news_article` [ RunTime:0.015624s ]
[ sql ] [ SQL ] SELECT * FROM `tc_news_article` WHERE  `display` = 'Y' ORDER BY `add_time`  desc [ RunTime:0.000000s ]

---------------------------------------------------------------
[ 2018-05-19T15:13:08+08:00 ] [ sql ] [ DB ] CONNECT:[ UseTime:0.000000s ] mysql:dbname=yuxin;host=127.0.0.1;port=3306;charset=utf8
[ sql ] [ SQL ] SHOW COLUMNS FROM `tc_config` [ RunTime:0.015624s ]
[ sql ] [ SQL ] SELECT * FROM `tc_config` WHERE  `cate` = 'SEO' [ RunTime:0.000000s ]
[ sql ] [ SQL ] SELECT * FROM `tc_config` WHERE  `cate` = '网站' [ RunTime:0.000000s ]
[ sql ] [ SQL ] SHOW COLUMNS FROM `tc_news_article` [ RunTime:0.015625s ]
[ sql ] [ SQL ] SELECT * FROM `tc_news_article` WHERE  `cate_id` = 9 LIMIT 1 [ RunTime:0.000000s ]

---------------------------------------------------------------
[ 2018-05-19T15:13:12+08:00 ] [ sql ] [ DB ] CONNECT:[ UseTime:0.015624s ] mysql:dbname=yuxin;host=127.0.0.1;port=3306;charset=utf8
[ sql ] [ SQL ] SHOW COLUMNS FROM `tc_config` [ RunTime:0.000000s ]
[ sql ] [ SQL ] SELECT * FROM `tc_config` WHERE  `cate` = 'SEO' [ RunTime:0.000000s ]
[ sql ] [ SQL ] SELECT * FROM `tc_config` WHERE  `cate` = '网站' [ RunTime:0.000000s ]
[ sql ] [ SQL ] SHOW COLUMNS FROM `tc_news_article` [ RunTime:0.015625s ]
[ sql ] [ SQL ] SELECT * FROM `tc_news_article` WHERE  `display` = 'Y' ORDER BY `add_time`  desc [ RunTime:0.000000s ]

---------------------------------------------------------------
[ 2018-05-19T15:13:16+08:00 ] [ sql ] [ DB ] CONNECT:[ UseTime:0.000000s ] mysql:dbname=yuxin;host=127.0.0.1;port=3306;charset=utf8
[ sql ] [ SQL ] SHOW COLUMNS FROM `tc_config` [ RunTime:0.015624s ]
[ sql ] [ SQL ] SELECT * FROM `tc_config` WHERE  `cate` = 'SEO' [ RunTime:0.000000s ]
[ sql ] [ SQL ] SELECT * FROM `tc_config` WHERE  `cate` = '网站' [ RunTime:0.000000s ]

---------------------------------------------------------------
[ 2018-05-19T15:14:49+08:00 ] [ sql ] [ DB ] CONNECT:[ UseTime:0.015625s ] mysql:dbname=yuxin;host=127.0.0.1;port=3306;charset=utf8
[ sql ] [ SQL ] SHOW COLUMNS FROM `tc_config` [ RunTime:0.015624s ]
[ sql ] [ SQL ] SELECT * FROM `tc_config` WHERE  `cate` = 'SEO' [ RunTime:0.000000s ]
[ sql ] [ SQL ] SELECT * FROM `tc_config` WHERE  `cate` = '网站' [ RunTime:0.000000s ]

---------------------------------------------------------------
[ 2018-05-19T15:14:50+08:00 ] [ sql ] [ DB ] CONNECT:[ UseTime:0.015625s ] mysql:dbname=yuxin;host=127.0.0.1;port=3306;charset=utf8
[ sql ] [ SQL ] SHOW COLUMNS FROM `tc_config` [ RunTime:0.000000s ]
[ sql ] [ SQL ] SELECT * FROM `tc_config` WHERE  `cate` = 'SEO' [ RunTime:0.000000s ]
[ sql ] [ SQL ] SELECT * FROM `tc_config` WHERE  `cate` = '网站' [ RunTime:0.000000s ]

---------------------------------------------------------------
[ 2018-05-19T15:16:05+08:00 ] [ sql ] [ DB ] CONNECT:[ UseTime:0.015625s ] mysql:dbname=yuxin;host=127.0.0.1;port=3306;charset=utf8
[ sql ] [ SQL ] SHOW COLUMNS FROM `tc_config` [ RunTime:0.015625s ]
[ sql ] [ SQL ] SELECT * FROM `tc_config` WHERE  `cate` = 'SEO' [ RunTime:0.000000s ]
[ sql ] [ SQL ] SELECT * FROM `tc_config` WHERE  `cate` = '网站' [ RunTime:0.000000s ]
[ sql ] [ SQL ] SHOW COLUMNS FROM `tc_user` [ RunTime:0.015624s ]
[ sql ] [ SQL ] INSERT INTO `tc_user` (`truename` , `sex` , `cardcode` , `bankname` , `bankcode` , `bankaddr` , `refcode` , `adtime` , `uptime`) VALUES ('丁学峰' , 0 , '362202197211100079' , '中国建设银行' , '5240943520045428' , '海南省 临高县 ' , '852015' , '2018-05-19 15:16:05' , '2018-05-19 15:16:05') [ RunTime:0.000000s ]

---------------------------------------------------------------
[ 2018-05-19T15:16:08+08:00 ] [ sql ] [ DB ] CONNECT:[ UseTime:0.015625s ] mysql:dbname=yuxin;host=127.0.0.1;port=3306;charset=utf8
[ sql ] [ SQL ] SHOW COLUMNS FROM `tc_config` [ RunTime:0.015624s ]
[ sql ] [ SQL ] SELECT * FROM `tc_config` WHERE  `cate` = 'SEO' [ RunTime:0.000000s ]
[ sql ] [ SQL ] SELECT * FROM `tc_config` WHERE  `cate` = '网站' [ RunTime:0.000000s ]

---------------------------------------------------------------
[ 2018-05-19T15:16:16+08:00 ] [ sql ] [ DB ] CONNECT:[ UseTime:0.015625s ] mysql:dbname=yuxin;host=127.0.0.1;port=3306;charset=utf8
[ sql ] [ SQL ] SHOW COLUMNS FROM `tc_config` [ RunTime:0.000000s ]
[ sql ] [ SQL ] SELECT * FROM `tc_config` WHERE  `cate` = 'SEO' [ RunTime:0.000000s ]
[ sql ] [ SQL ] SELECT * FROM `tc_config` WHERE  `cate` = '网站' [ RunTime:0.015625s ]
[ error ] [8]未定义数组索引: bankaddr

---------------------------------------------------------------
[ 2018-05-19T15:16:16+08:00 ] [ sql ] [ DB ] CONNECT:[ UseTime:0.000000s ] mysql:dbname=yuxin;host=127.0.0.1;port=3306;charset=utf8
[ sql ] [ SQL ] SHOW COLUMNS FROM `tc_config` [ RunTime:0.000000s ]
[ sql ] [ SQL ] SELECT * FROM `tc_config` WHERE  `cate` = 'SEO' [ RunTime:0.000000s ]
[ sql ] [ SQL ] SELECT * FROM `tc_config` WHERE  `cate` = '网站' [ RunTime:0.000000s ]

---------------------------------------------------------------
[ 2018-05-19T15:16:26+08:00 ] [ sql ] [ DB ] CONNECT:[ UseTime:0.015624s ] mysql:dbname=yuxin;host=127.0.0.1;port=3306;charset=utf8
[ sql ] [ SQL ] SHOW COLUMNS FROM `tc_config` [ RunTime:0.015625s ]
[ sql ] [ SQL ] SELECT * FROM `tc_config` WHERE  `cate` = 'SEO' [ RunTime:0.000000s ]
[ sql ] [ SQL ] SELECT * FROM `tc_config` WHERE  `cate` = '网站' [ RunTime:0.000000s ]

---------------------------------------------------------------
[ 2018-05-19T15:16:48+08:00 ] [ sql ] [ DB ] CONNECT:[ UseTime:0.015624s ] mysql:dbname=yuxin;host=127.0.0.1;port=3306;charset=utf8
[ sql ] [ SQL ] SHOW COLUMNS FROM `tc_permission` [ RunTime:0.000000s ]
[ sql ] [ SQL ] SELECT `id` FROM `tc_permission` WHERE  `url` = '/admin/user/show_user_list' LIMIT 1 [ RunTime:0.015625s ]
[ sql ] [ SQL ] SHOW COLUMNS FROM `tc_user` [ RunTime:0.000000s ]
[ sql ] [ SQL ] SELECT COUNT(*) AS tp_count FROM `tc_user` LIMIT 1 [ RunTime:0.000000s ]
[ sql ] [ SQL ] SELECT * FROM `tc_user` LIMIT 10,10 [ RunTime:0.000000s ]

---------------------------------------------------------------
[ 2018-05-19T15:16:54+08:00 ] [ sql ] [ DB ] CONNECT:[ UseTime:0.015624s ] mysql:dbname=yuxin;host=127.0.0.1;port=3306;charset=utf8
[ sql ] [ SQL ] SHOW COLUMNS FROM `tc_permission` [ RunTime:0.015625s ]
[ sql ] [ SQL ] SELECT `id` FROM `tc_permission` WHERE  `url` = '/admin/user/show_user_list' LIMIT 1 [ RunTime:0.000000s ]
[ sql ] [ SQL ] SHOW COLUMNS FROM `tc_user` [ RunTime:0.015625s ]
[ sql ] [ SQL ] SELECT COUNT(*) AS tp_count FROM `tc_user` LIMIT 1 [ RunTime:0.000000s ]
[ sql ] [ SQL ] SELECT * FROM `tc_user` LIMIT 20,10 [ RunTime:0.000000s ]

---------------------------------------------------------------
[ 2018-05-19T15:17:05+08:00 ] [ sql ] [ DB ] CONNECT:[ UseTime:0.015625s ] mysql:dbname=yuxin;host=127.0.0.1;port=3306;charset=utf8
[ sql ] [ SQL ] SHOW COLUMNS FROM `tc_permission` [ RunTime:0.000000s ]
[ sql ] [ SQL ] SELECT `id` FROM `tc_permission` WHERE  `url` = '/admin/user/show_user_list' LIMIT 1 [ RunTime:0.000000s ]
[ sql ] [ SQL ] SHOW COLUMNS FROM `tc_user` [ RunTime:0.000000s ]
[ sql ] [ SQL ] SELECT COUNT(*) AS tp_count FROM `tc_user` LIMIT 1 [ RunTime:0.000000s ]
[ sql ] [ SQL ] SELECT * FROM `tc_user` LIMIT 10,10 [ RunTime:0.000000s ]

---------------------------------------------------------------
[ 2018-05-19T15:17:12+08:00 ] [ sql ] [ DB ] CONNECT:[ UseTime:0.000000s ] mysql:dbname=yuxin;host=127.0.0.1;port=3306;charset=utf8
[ sql ] [ SQL ] SHOW COLUMNS FROM `tc_permission` [ RunTime:0.015625s ]
[ sql ] [ SQL ] SELECT `id` FROM `tc_permission` WHERE  `url` = '/admin/user/show_user_list' LIMIT 1 [ RunTime:0.000000s ]
[ sql ] [ SQL ] SHOW COLUMNS FROM `tc_user` [ RunTime:0.015624s ]
[ sql ] [ SQL ] SELECT COUNT(*) AS tp_count FROM `tc_user` LIMIT 1 [ RunTime:0.000000s ]
[ sql ] [ SQL ] SELECT * FROM `tc_user` LIMIT 0,10 [ RunTime:0.000000s ]

---------------------------------------------------------------
[ 2018-05-19T15:27:36+08:00 ] [ sql ] [ DB ] CONNECT:[ UseTime:0.000000s ] mysql:dbname=yuxin;host=127.0.0.1;port=3306;charset=utf8
[ sql ] [ SQL ] SHOW COLUMNS FROM `tc_config` [ RunTime:0.015625s ]
[ sql ] [ SQL ] SELECT * FROM `tc_config` WHERE  `cate` = 'SEO' [ RunTime:0.000000s ]
[ sql ] [ SQL ] SELECT * FROM `tc_config` WHERE  `cate` = '网站' [ RunTime:0.000000s ]
[ sql ] [ SQL ] SHOW COLUMNS FROM `tc_user` [ RunTime:0.015625s ]
[ sql ] [ SQL ] INSERT INTO `tc_user` (`truename` , `sex` , `cardcode` , `bankname` , `bankcode` , `bankaddr` , `refcode` , `adtime` , `uptime`) VALUES ('丁学峰' , 1 , '362202197211100079' , '中国建设银行' , '5428943520045428' , '海南省 临高县 ' , '852015' , '2018-05-19 15:27:36' , '2018-05-19 15:27:36') [ RunTime:0.000000s ]

---------------------------------------------------------------
[ 2018-05-19T15:27:49+08:00 ] [ sql ] [ DB ] CONNECT:[ UseTime:0.000000s ] mysql:dbname=yuxin;host=127.0.0.1;port=3306;charset=utf8
[ sql ] [ SQL ] SHOW COLUMNS FROM `tc_config` [ RunTime:0.015625s ]
[ sql ] [ SQL ] SELECT * FROM `tc_config` WHERE  `cate` = 'SEO' [ RunTime:0.000000s ]
[ sql ] [ SQL ] SELECT * FROM `tc_config` WHERE  `cate` = '网站' [ RunTime:0.000000s ]

---------------------------------------------------------------
[ 2018-05-19T15:27:50+08:00 ] [ sql ] [ DB ] CONNECT:[ UseTime:0.000000s ] mysql:dbname=yuxin;host=127.0.0.1;port=3306;charset=utf8
[ sql ] [ SQL ] SHOW COLUMNS FROM `tc_config` [ RunTime:0.015624s ]
[ sql ] [ SQL ] SELECT * FROM `tc_config` WHERE  `cate` = 'SEO' [ RunTime:0.000000s ]
[ sql ] [ SQL ] SELECT * FROM `tc_config` WHERE  `cate` = '网站' [ RunTime:0.000000s ]
[ sql ] [ SQL ] SHOW COLUMNS FROM `tc_news_article` [ RunTime:0.015625s ]
[ sql ] [ SQL ] SELECT * FROM `tc_news_article` WHERE  `display` = 'Y' ORDER BY `add_time`  desc [ RunTime:0.000000s ]

---------------------------------------------------------------
[ 2018-05-19T15:27:56+08:00 ] [ sql ] [ DB ] CONNECT:[ UseTime:0.000000s ] mysql:dbname=yuxin;host=127.0.0.1;port=3306;charset=utf8
[ sql ] [ SQL ] SHOW COLUMNS FROM `tc_config` [ RunTime:0.015625s ]
[ sql ] [ SQL ] SELECT * FROM `tc_config` WHERE  `cate` = 'SEO' [ RunTime:0.000000s ]
[ sql ] [ SQL ] SELECT * FROM `tc_config` WHERE  `cate` = '网站' [ RunTime:0.000000s ]

---------------------------------------------------------------
[ 2018-05-19T15:35:15+08:00 ] [ sql ] [ DB ] CONNECT:[ UseTime:0.015625s ] mysql:dbname=yuxin;host=127.0.0.1;port=3306;charset=utf8
[ sql ] [ SQL ] SHOW COLUMNS FROM `tc_permission` [ RunTime:0.000000s ]
[ sql ] [ SQL ] SELECT `id` FROM `tc_permission` WHERE  `url` = '/admin/user/show_user_list' LIMIT 1 [ RunTime:0.015625s ]
[ sql ] [ SQL ] SHOW COLUMNS FROM `tc_user` [ RunTime:0.000000s ]
[ sql ] [ SQL ] SELECT COUNT(*) AS tp_count FROM `tc_user` LIMIT 1 [ RunTime:0.000000s ]
[ sql ] [ SQL ] SELECT * FROM `tc_user` LIMIT 0,10 [ RunTime:0.015624s ]

---------------------------------------------------------------
[ 2018-05-19T15:35:24+08:00 ] [ sql ] [ DB ] CONNECT:[ UseTime:0.015624s ] mysql:dbname=yuxin;host=127.0.0.1;port=3306;charset=utf8
[ sql ] [ SQL ] SHOW COLUMNS FROM `tc_permission` [ RunTime:0.000000s ]
[ sql ] [ SQL ] SELECT `id` FROM `tc_permission` WHERE  `url` = '/admin/user/show_user_list' LIMIT 1 [ RunTime:0.000000s ]
[ sql ] [ SQL ] SHOW COLUMNS FROM `tc_user` [ RunTime:0.015625s ]
[ sql ] [ SQL ] SELECT COUNT(*) AS tp_count FROM `tc_user` LIMIT 1 [ RunTime:0.000000s ]
[ sql ] [ SQL ] SELECT * FROM `tc_user` LIMIT 10,10 [ RunTime:0.000000s ]

---------------------------------------------------------------
[ 2018-05-19T15:35:34+08:00 ] [ sql ] [ DB ] CONNECT:[ UseTime:0.000000s ] mysql:dbname=yuxin;host=127.0.0.1;port=3306;charset=utf8
[ sql ] [ SQL ] SHOW COLUMNS FROM `tc_permission` [ RunTime:0.000000s ]
[ sql ] [ SQL ] SELECT `id` FROM `tc_permission` WHERE  `url` = '/admin/user/show_user_list' LIMIT 1 [ RunTime:0.015625s ]
[ sql ] [ SQL ] SHOW COLUMNS FROM `tc_user` [ RunTime:0.000000s ]
[ sql ] [ SQL ] SELECT COUNT(*) AS tp_count FROM `tc_user` LIMIT 1 [ RunTime:0.000000s ]
[ sql ] [ SQL ] SELECT * FROM `tc_user` LIMIT 20,10 [ RunTime:0.000000s ]

---------------------------------------------------------------
[ 2018-05-19T15:43:29+08:00 ] [ sql ] [ DB ] CONNECT:[ UseTime:0.000000s ] mysql:dbname=yuxin;host=127.0.0.1;port=3306;charset=utf8
[ sql ] [ SQL ] SHOW COLUMNS FROM `tc_config` [ RunTime:0.015625s ]
[ sql ] [ SQL ] SELECT * FROM `tc_config` WHERE  `cate` = 'SEO' [ RunTime:0.000000s ]
[ sql ] [ SQL ] SELECT * FROM `tc_config` WHERE  `cate` = '网站' [ RunTime:0.000000s ]

---------------------------------------------------------------
[ 2018-05-19T15:49:17+08:00 ] [ sql ] [ DB ] CONNECT:[ UseTime:0.000000s ] mysql:dbname=yuxin;host=127.0.0.1;port=3306;charset=utf8
[ sql ] [ SQL ] SHOW COLUMNS FROM `tc_config` [ RunTime:0.015624s ]
[ sql ] [ SQL ] SELECT * FROM `tc_config` WHERE  `cate` = 'SEO' [ RunTime:0.000000s ]
[ sql ] [ SQL ] SELECT * FROM `tc_config` WHERE  `cate` = '网站' [ RunTime:0.000000s ]

---------------------------------------------------------------
[ 2018-05-19T15:49:28+08:00 ] [ sql ] [ DB ] CONNECT:[ UseTime:0.000000s ] mysql:dbname=yuxin;host=127.0.0.1;port=3306;charset=utf8
[ sql ] [ SQL ] SHOW COLUMNS FROM `tc_config` [ RunTime:0.000000s ]
[ sql ] [ SQL ] SELECT * FROM `tc_config` WHERE  `cate` = 'SEO' [ RunTime:0.000000s ]
[ sql ] [ SQL ] SELECT * FROM `tc_config` WHERE  `cate` = '网站' [ RunTime:0.000000s ]
[ sql ] [ SQL ] SHOW COLUMNS FROM `tc_news_article` [ RunTime:0.015624s ]
[ sql ] [ SQL ] SELECT * FROM `tc_news_article` WHERE  `display` = 'Y' ORDER BY `add_time`  desc [ RunTime:0.000000s ]

---------------------------------------------------------------
[ 2018-05-19T15:49:32+08:00 ] [ sql ] [ DB ] CONNECT:[ UseTime:0.000000s ] mysql:dbname=yuxin;host=127.0.0.1;port=3306;charset=utf8
[ sql ] [ SQL ] SHOW COLUMNS FROM `tc_config` [ RunTime:0.015624s ]
[ sql ] [ SQL ] SELECT * FROM `tc_config` WHERE  `cate` = 'SEO' [ RunTime:0.000000s ]
[ sql ] [ SQL ] SELECT * FROM `tc_config` WHERE  `cate` = '网站' [ RunTime:0.000000s ]

---------------------------------------------------------------
[ 2018-05-19T16:08:14+08:00 ] [ sql ] [ DB ] CONNECT:[ UseTime:0.000000s ] mysql:dbname=yuxin;host=127.0.0.1;port=3306;charset=utf8
[ sql ] [ SQL ] SHOW COLUMNS FROM `tc_config` [ RunTime:0.015624s ]
[ sql ] [ SQL ] SELECT * FROM `tc_config` WHERE  `cate` = 'SEO' [ RunTime:0.000000s ]
[ sql ] [ SQL ] SELECT * FROM `tc_config` WHERE  `cate` = '网站' [ RunTime:0.000000s ]

---------------------------------------------------------------
[ 2018-05-19T16:08:19+08:00 ] [ sql ] [ DB ] CONNECT:[ UseTime:0.015625s ] mysql:dbname=yuxin;host=127.0.0.1;port=3306;charset=utf8
[ sql ] [ SQL ] SHOW COLUMNS FROM `tc_config` [ RunTime:0.000000s ]
[ sql ] [ SQL ] SELECT * FROM `tc_config` WHERE  `cate` = 'SEO' [ RunTime:0.000000s ]
[ sql ] [ SQL ] SELECT * FROM `tc_config` WHERE  `cate` = '网站' [ RunTime:0.000000s ]

---------------------------------------------------------------
[ 2018-05-19T16:23:31+08:00 ] [ sql ] [ DB ] CONNECT:[ UseTime:0.000000s ] mysql:dbname=yuxin;host=127.0.0.1;port=3306;charset=utf8
[ sql ] [ SQL ] SHOW COLUMNS FROM `tc_config` [ RunTime:0.015625s ]
[ sql ] [ SQL ] SELECT * FROM `tc_config` WHERE  `cate` = 'SEO' [ RunTime:0.000000s ]
[ sql ] [ SQL ] SELECT * FROM `tc_config` WHERE  `cate` = '网站' [ RunTime:0.000000s ]

---------------------------------------------------------------
[ 2018-05-19T19:09:05+08:00 ] [ sql ] [ DB ] CONNECT:[ UseTime:0.015625s ] mysql:dbname=yuxin;host=127.0.0.1;port=3306;charset=utf8
[ sql ] [ SQL ] SHOW COLUMNS FROM `tc_config` [ RunTime:0.015625s ]
[ sql ] [ SQL ] SELECT * FROM `tc_config` WHERE  `cate` = 'SEO' [ RunTime:0.000000s ]
[ sql ] [ SQL ] SELECT * FROM `tc_config` WHERE  `cate` = '网站' [ RunTime:0.000000s ]

---------------------------------------------------------------
[ 2018-05-19T19:10:04+08:00 ] [ sql ] [ DB ] CONNECT:[ UseTime:0.000000s ] mysql:dbname=yuxin;host=127.0.0.1;port=3306;charset=utf8
[ sql ] [ SQL ] SHOW COLUMNS FROM `tc_config` [ RunTime:0.015626s ]
[ sql ] [ SQL ] SELECT * FROM `tc_config` WHERE  `cate` = 'SEO' [ RunTime:0.000000s ]
[ sql ] [ SQL ] SELECT * FROM `tc_config` WHERE  `cate` = '网站' [ RunTime:0.000000s ]

---------------------------------------------------------------
