[ 2018-07-10T01:03:55+08:00 ] [ sql ] [ DB ] CONNECT:[ UseTime:0.000000s ] mysql:dbname=yuxin;host=127.0.0.1;port=3306;charset=utf8
[ sql ] [ SQL ] SHOW COLUMNS FROM `tc_config` [ RunTime:0.015625s ]
[ sql ] [ SQL ] SELECT * FROM `tc_config` WHERE  `cate` = 'SEO' [ RunTime:0.000000s ]
[ sql ] [ SQL ] SELECT * FROM `tc_config` WHERE  `cate` = '网站' [ RunTime:0.000000s ]

---------------------------------------------------------------
[ 2018-07-10T02:25:07+08:00 ] [ sql ] [ DB ] CONNECT:[ UseTime:0.000000s ] mysql:dbname=yuxin;host=127.0.0.1;port=3306;charset=utf8
[ sql ] [ SQL ] SHOW COLUMNS FROM `tc_config` [ RunTime:0.015625s ]
[ sql ] [ SQL ] SELECT * FROM `tc_config` WHERE  `cate` = 'SEO' [ RunTime:0.000000s ]
[ sql ] [ SQL ] SELECT * FROM `tc_config` WHERE  `cate` = '网站' [ RunTime:0.000000s ]

---------------------------------------------------------------
[ 2018-07-10T08:26:53+08:00 ] [ sql ] [ DB ] CONNECT:[ UseTime:0.015625s ] mysql:dbname=yuxin;host=127.0.0.1;port=3306;charset=utf8
[ sql ] [ SQL ] SHOW COLUMNS FROM `tc_config` [ RunTime:0.015625s ]
[ sql ] [ SQL ] SELECT * FROM `tc_config` WHERE  `cate` = 'SEO' [ RunTime:0.000000s ]
[ sql ] [ SQL ] SELECT * FROM `tc_config` WHERE  `cate` = '网站' [ RunTime:0.000000s ]

---------------------------------------------------------------
[ 2018-07-10T08:40:24+08:00 ] [ sql ] [ DB ] CONNECT:[ UseTime:0.000000s ] mysql:dbname=yuxin;host=127.0.0.1;port=3306;charset=utf8
[ sql ] [ SQL ] SHOW COLUMNS FROM `tc_config` [ RunTime:0.015625s ]
[ sql ] [ SQL ] SELECT * FROM `tc_config` WHERE  `cate` = 'SEO' [ RunTime:0.000000s ]
[ sql ] [ SQL ] SELECT * FROM `tc_config` WHERE  `cate` = '网站' [ RunTime:0.000000s ]

---------------------------------------------------------------
[ 2018-07-10T08:51:40+08:00 ] [ sql ] [ DB ] CONNECT:[ UseTime:0.000000s ] mysql:dbname=yuxin;host=127.0.0.1;port=3306;charset=utf8
[ sql ] [ SQL ] SHOW COLUMNS FROM `tc_config` [ RunTime:0.015625s ]
[ sql ] [ SQL ] SELECT * FROM `tc_config` WHERE  `cate` = 'SEO' [ RunTime:0.000000s ]
[ sql ] [ SQL ] SELECT * FROM `tc_config` WHERE  `cate` = '网站' [ RunTime:0.000000s ]

---------------------------------------------------------------
[ 2018-07-10T09:49:59+08:00 ] [ sql ] [ DB ] CONNECT:[ UseTime:0.000000s ] mysql:dbname=yuxin;host=127.0.0.1;port=3306;charset=utf8
[ sql ] [ SQL ] SHOW COLUMNS FROM `tc_config` [ RunTime:0.015625s ]
[ sql ] [ SQL ] SELECT * FROM `tc_config` WHERE  `cate` = 'SEO' [ RunTime:0.000000s ]
[ sql ] [ SQL ] SELECT * FROM `tc_config` WHERE  `cate` = '网站' [ RunTime:0.000000s ]

---------------------------------------------------------------
[ 2018-07-10T10:57:16+08:00 ] [ sql ] [ DB ] CONNECT:[ UseTime:0.015625s ] mysql:dbname=yuxin;host=127.0.0.1;port=3306;charset=utf8
[ sql ] [ SQL ] SHOW COLUMNS FROM `tc_config` [ RunTime:0.015625s ]
[ sql ] [ SQL ] SELECT * FROM `tc_config` WHERE  `cate` = 'SEO' [ RunTime:0.000000s ]
[ sql ] [ SQL ] SELECT * FROM `tc_config` WHERE  `cate` = '网站' [ RunTime:0.000000s ]

---------------------------------------------------------------
[ 2018-07-10T11:37:16+08:00 ] [ sql ] [ DB ] CONNECT:[ UseTime:0.000000s ] mysql:dbname=yuxin;host=127.0.0.1;port=3306;charset=utf8
[ sql ] [ SQL ] SHOW COLUMNS FROM `tc_config` [ RunTime:0.015625s ]
[ sql ] [ SQL ] SELECT * FROM `tc_config` WHERE  `cate` = 'SEO' [ RunTime:0.000000s ]
[ sql ] [ SQL ] SELECT * FROM `tc_config` WHERE  `cate` = '网站' [ RunTime:0.000000s ]

---------------------------------------------------------------
[ 2018-07-10T11:37:30+08:00 ] [ sql ] [ DB ] CONNECT:[ UseTime:0.015625s ] mysql:dbname=yuxin;host=127.0.0.1;port=3306;charset=utf8
[ sql ] [ SQL ] SHOW COLUMNS FROM `tc_config` [ RunTime:0.000000s ]
[ sql ] [ SQL ] SELECT * FROM `tc_config` WHERE  `cate` = 'SEO' [ RunTime:0.000000s ]
[ sql ] [ SQL ] SELECT * FROM `tc_config` WHERE  `cate` = '网站' [ RunTime:0.000000s ]

---------------------------------------------------------------
[ 2018-07-10T11:39:33+08:00 ] [ sql ] [ DB ] CONNECT:[ UseTime:0.000000s ] mysql:dbname=yuxin;host=127.0.0.1;port=3306;charset=utf8
[ sql ] [ SQL ] SHOW COLUMNS FROM `tc_config` [ RunTime:0.015626s ]
[ sql ] [ SQL ] SELECT * FROM `tc_config` WHERE  `cate` = 'SEO' [ RunTime:0.000000s ]
[ sql ] [ SQL ] SELECT * FROM `tc_config` WHERE  `cate` = '网站' [ RunTime:0.000000s ]
[ sql ] [ SQL ] SHOW COLUMNS FROM `tc_user` [ RunTime:0.015625s ]
[ sql ] [ SQL ] INSERT INTO `tc_user` (`truename` , `sex` , `cardcode` , `bankname` , `bankcode` , `bankaddr` , `refcode` , `adtime` , `uptime`) VALUES ('高峰' , 0 , '620321198906091210' , '中国工商银行' , '6222033012000506907' , '新疆维吾尔自治区 喀什地区 喀什市' , 'xSSS' , '2018-07-10 11:39:33' , '2018-07-10 11:39:33') [ RunTime:0.000000s ]

---------------------------------------------------------------
[ 2018-07-10T11:39:39+08:00 ] [ sql ] [ DB ] CONNECT:[ UseTime:0.000000s ] mysql:dbname=yuxin;host=127.0.0.1;port=3306;charset=utf8
[ sql ] [ SQL ] SHOW COLUMNS FROM `tc_config` [ RunTime:0.015626s ]
[ sql ] [ SQL ] SELECT * FROM `tc_config` WHERE  `cate` = 'SEO' [ RunTime:0.000000s ]
[ sql ] [ SQL ] SELECT * FROM `tc_config` WHERE  `cate` = '网站' [ RunTime:0.000000s ]

---------------------------------------------------------------
[ 2018-07-10T11:39:52+08:00 ] [ sql ] [ DB ] CONNECT:[ UseTime:0.015625s ] mysql:dbname=yuxin;host=127.0.0.1;port=3306;charset=utf8
[ sql ] [ SQL ] SHOW COLUMNS FROM `tc_config` [ RunTime:0.000000s ]
[ sql ] [ SQL ] SELECT * FROM `tc_config` WHERE  `cate` = 'SEO' [ RunTime:0.000000s ]
[ sql ] [ SQL ] SELECT * FROM `tc_config` WHERE  `cate` = '网站' [ RunTime:0.000000s ]
[ sql ] [ SQL ] SHOW COLUMNS FROM `tc_news_article` [ RunTime:0.015625s ]
[ sql ] [ SQL ] SELECT * FROM `tc_news_article` WHERE  `display` = 'Y' ORDER BY `add_time`  desc [ RunTime:0.000000s ]

---------------------------------------------------------------
[ 2018-07-10T11:40:33+08:00 ] [ sql ] [ DB ] CONNECT:[ UseTime:0.000000s ] mysql:dbname=yuxin;host=127.0.0.1;port=3306;charset=utf8
[ sql ] [ SQL ] SHOW COLUMNS FROM `tc_config` [ RunTime:0.015625s ]
[ sql ] [ SQL ] SELECT * FROM `tc_config` WHERE  `cate` = 'SEO' [ RunTime:0.000000s ]
[ sql ] [ SQL ] SELECT * FROM `tc_config` WHERE  `cate` = '网站' [ RunTime:0.000000s ]
[ error ] [8]未定义数组索引: bankaddr

---------------------------------------------------------------
[ 2018-07-10T11:40:34+08:00 ] [ sql ] [ DB ] CONNECT:[ UseTime:0.000000s ] mysql:dbname=yuxin;host=127.0.0.1;port=3306;charset=utf8
[ sql ] [ SQL ] SHOW COLUMNS FROM `tc_admin` [ RunTime:0.015625s ]
[ sql ] [ SQL ] SELECT * FROM `tc_admin` WHERE  `name` = 'ldjun'  AND `password` = '123123' LIMIT 1 [ RunTime:0.000000s ]
[ sql ] [ SQL ] UPDATE `tc_admin`  SET `login_time`=1531194034  WHERE  `id` = 1 [ RunTime:0.000000s ]
[ sql ] [ SQL ] SHOW COLUMNS FROM `tc_perm_group` [ RunTime:0.015625s ]
[ sql ] [ SQL ] SELECT `perm_ids` FROM `tc_perm_group` WHERE  `id` = 1 LIMIT 1 [ RunTime:0.000000s ]

---------------------------------------------------------------
[ 2018-07-10T11:40:35+08:00 ] [ sql ] [ DB ] CONNECT:[ UseTime:0.015625s ] mysql:dbname=yuxin;host=127.0.0.1;port=3306;charset=utf8
[ sql ] [ SQL ] SHOW COLUMNS FROM `tc_permission` [ RunTime:0.015626s ]
[ sql ] [ SQL ] SELECT `id` FROM `tc_permission` WHERE  `url` = '/admin/index/index' LIMIT 1 [ RunTime:0.000000s ]
[ sql ] [ SQL ] SELECT * FROM `tc_permission` WHERE  `id` IN (1,2,3,4,5,6,7,8,9,10,11,12,13,14,15,16,17,18,19,20,21,22,23,24,25,26,27,28,29,30,31,32,33,34,35,36,37,38,39,40,41,42,43,44,45,46,47,48,49,50,51,52,53) [ RunTime:0.000000s ]

---------------------------------------------------------------
[ 2018-07-10T11:40:41+08:00 ] [ sql ] [ DB ] CONNECT:[ UseTime:0.000000s ] mysql:dbname=yuxin;host=127.0.0.1;port=3306;charset=utf8
[ sql ] [ SQL ] SHOW COLUMNS FROM `tc_permission` [ RunTime:0.015625s ]
[ sql ] [ SQL ] SELECT `id` FROM `tc_permission` WHERE  `url` = '/admin/user/show_user_list' LIMIT 1 [ RunTime:0.000000s ]
[ sql ] [ SQL ] SHOW COLUMNS FROM `tc_user` [ RunTime:0.015625s ]
[ sql ] [ SQL ] SELECT COUNT(*) AS tp_count FROM `tc_user` LIMIT 1 [ RunTime:0.000000s ]
[ sql ] [ SQL ] SELECT * FROM `tc_user` LIMIT 0,10 [ RunTime:0.000000s ]

---------------------------------------------------------------
[ 2018-07-10T11:40:45+08:00 ] [ sql ] [ DB ] CONNECT:[ UseTime:0.000000s ] mysql:dbname=yuxin;host=127.0.0.1;port=3306;charset=utf8
[ sql ] [ SQL ] SHOW COLUMNS FROM `tc_permission` [ RunTime:0.015625s ]
[ sql ] [ SQL ] SELECT `id` FROM `tc_permission` WHERE  `url` = '/admin/user/show_user_list' LIMIT 1 [ RunTime:0.000000s ]
[ sql ] [ SQL ] SHOW COLUMNS FROM `tc_user` [ RunTime:0.015625s ]
[ sql ] [ SQL ] SELECT COUNT(*) AS tp_count FROM `tc_user` LIMIT 1 [ RunTime:0.000000s ]
[ sql ] [ SQL ] SELECT * FROM `tc_user` LIMIT 20,10 [ RunTime:0.000000s ]

---------------------------------------------------------------
[ 2018-07-10T11:40:47+08:00 ] [ sql ] [ DB ] CONNECT:[ UseTime:0.000000s ] mysql:dbname=yuxin;host=127.0.0.1;port=3306;charset=utf8
[ sql ] [ SQL ] SHOW COLUMNS FROM `tc_permission` [ RunTime:0.015625s ]
[ sql ] [ SQL ] SELECT `id` FROM `tc_permission` WHERE  `url` = '/admin/user/show_user_list' LIMIT 1 [ RunTime:0.000000s ]
[ sql ] [ SQL ] SHOW COLUMNS FROM `tc_user` [ RunTime:0.000000s ]
[ sql ] [ SQL ] SELECT COUNT(*) AS tp_count FROM `tc_user` LIMIT 1 [ RunTime:0.000000s ]
[ sql ] [ SQL ] SELECT * FROM `tc_user` LIMIT 10,10 [ RunTime:0.000000s ]

---------------------------------------------------------------
[ 2018-07-10T11:40:51+08:00 ] [ sql ] [ DB ] CONNECT:[ UseTime:0.015626s ] mysql:dbname=yuxin;host=127.0.0.1;port=3306;charset=utf8
[ sql ] [ SQL ] SHOW COLUMNS FROM `tc_permission` [ RunTime:0.015625s ]
[ sql ] [ SQL ] SELECT `id` FROM `tc_permission` WHERE  `url` = '/admin/user/show_user_list' LIMIT 1 [ RunTime:0.000000s ]
[ sql ] [ SQL ] SHOW COLUMNS FROM `tc_user` [ RunTime:0.015625s ]
[ sql ] [ SQL ] SELECT COUNT(*) AS tp_count FROM `tc_user` LIMIT 1 [ RunTime:0.000000s ]
[ sql ] [ SQL ] SELECT * FROM `tc_user` LIMIT 0,10 [ RunTime:0.000000s ]

---------------------------------------------------------------
[ 2018-07-10T11:40:52+08:00 ] [ sql ] [ DB ] CONNECT:[ UseTime:0.000000s ] mysql:dbname=yuxin;host=127.0.0.1;port=3306;charset=utf8
[ sql ] [ SQL ] SHOW COLUMNS FROM `tc_config` [ RunTime:0.015625s ]
[ sql ] [ SQL ] SELECT * FROM `tc_config` WHERE  `cate` = 'SEO' [ RunTime:0.000000s ]
[ sql ] [ SQL ] SELECT * FROM `tc_config` WHERE  `cate` = '网站' [ RunTime:0.000000s ]
[ sql ] [ SQL ] SHOW COLUMNS FROM `tc_news_article` [ RunTime:0.015625s ]
[ sql ] [ SQL ] SELECT * FROM `tc_news_article` WHERE  `display` = 'Y' ORDER BY `add_time`  desc [ RunTime:0.000000s ]

---------------------------------------------------------------
[ 2018-07-10T11:40:55+08:00 ] [ sql ] [ DB ] CONNECT:[ UseTime:0.015626s ] mysql:dbname=yuxin;host=127.0.0.1;port=3306;charset=utf8
[ sql ] [ SQL ] SHOW COLUMNS FROM `tc_permission` [ RunTime:0.015625s ]
[ sql ] [ SQL ] SELECT `id` FROM `tc_permission` WHERE  `url` = '/admin/user/show_user_list' LIMIT 1 [ RunTime:0.000000s ]
[ sql ] [ SQL ] SHOW COLUMNS FROM `tc_user` [ RunTime:0.015625s ]
[ sql ] [ SQL ] SELECT COUNT(*) AS tp_count FROM `tc_user` LIMIT 1 [ RunTime:0.000000s ]
[ sql ] [ SQL ] SELECT * FROM `tc_user` LIMIT 20,10 [ RunTime:0.000000s ]

---------------------------------------------------------------
[ 2018-07-10T11:41:00+08:00 ] [ sql ] [ DB ] CONNECT:[ UseTime:0.000000s ] mysql:dbname=yuxin;host=127.0.0.1;port=3306;charset=utf8
[ sql ] [ SQL ] SHOW COLUMNS FROM `tc_permission` [ RunTime:0.015625s ]
[ sql ] [ SQL ] SELECT `id` FROM `tc_permission` WHERE  `url` = '/admin/user/show_user_list' LIMIT 1 [ RunTime:0.000000s ]
[ sql ] [ SQL ] SHOW COLUMNS FROM `tc_user` [ RunTime:0.015625s ]
[ sql ] [ SQL ] SELECT COUNT(*) AS tp_count FROM `tc_user` LIMIT 1 [ RunTime:0.000000s ]
[ sql ] [ SQL ] SELECT * FROM `tc_user` LIMIT 10,10 [ RunTime:0.000000s ]

---------------------------------------------------------------
[ 2018-07-10T11:41:07+08:00 ] [ sql ] [ DB ] CONNECT:[ UseTime:0.015626s ] mysql:dbname=yuxin;host=127.0.0.1;port=3306;charset=utf8
[ sql ] [ SQL ] SHOW COLUMNS FROM `tc_permission` [ RunTime:0.015625s ]
[ sql ] [ SQL ] SELECT `id` FROM `tc_permission` WHERE  `url` = '/admin/user/see_user' LIMIT 1 [ RunTime:0.000000s ]
[ sql ] [ SQL ] SHOW COLUMNS FROM `tc_user` [ RunTime:0.000000s ]
[ sql ] [ SQL ] SELECT * FROM `tc_user` WHERE  `id` = 485 LIMIT 1 [ RunTime:0.000000s ]

---------------------------------------------------------------
[ 2018-07-10T11:41:49+08:00 ] [ sql ] [ DB ] CONNECT:[ UseTime:0.015625s ] mysql:dbname=yuxin;host=127.0.0.1;port=3306;charset=utf8
[ sql ] [ SQL ] SHOW COLUMNS FROM `tc_config` [ RunTime:0.000000s ]
[ sql ] [ SQL ] SELECT * FROM `tc_config` WHERE  `cate` = 'SEO' [ RunTime:0.015625s ]
[ sql ] [ SQL ] SELECT * FROM `tc_config` WHERE  `cate` = '网站' [ RunTime:0.000000s ]
[ sql ] [ SQL ] SHOW COLUMNS FROM `tc_news_article` [ RunTime:0.000000s ]
[ sql ] [ SQL ] SELECT * FROM `tc_news_article` WHERE  `cate_id` = 26 LIMIT 1 [ RunTime:0.000000s ]

---------------------------------------------------------------
[ 2018-07-10T11:42:49+08:00 ] [ sql ] [ DB ] CONNECT:[ UseTime:0.000000s ] mysql:dbname=yuxin;host=127.0.0.1;port=3306;charset=utf8
[ sql ] [ SQL ] SHOW COLUMNS FROM `tc_config` [ RunTime:0.015625s ]
[ sql ] [ SQL ] SELECT * FROM `tc_config` WHERE  `cate` = 'SEO' [ RunTime:0.000000s ]
[ sql ] [ SQL ] SELECT * FROM `tc_config` WHERE  `cate` = '网站' [ RunTime:0.000000s ]
[ sql ] [ SQL ] SHOW COLUMNS FROM `tc_news_article` [ RunTime:0.015626s ]
[ sql ] [ SQL ] SELECT * FROM `tc_news_article` WHERE  `cate_id` = 26 LIMIT 1 [ RunTime:0.000000s ]

---------------------------------------------------------------
[ 2018-07-10T12:18:04+08:00 ] [ sql ] [ DB ] CONNECT:[ UseTime:0.000000s ] mysql:dbname=yuxin;host=127.0.0.1;port=3306;charset=utf8
[ sql ] [ SQL ] SHOW COLUMNS FROM `tc_config` [ RunTime:0.015625s ]
[ sql ] [ SQL ] SELECT * FROM `tc_config` WHERE  `cate` = 'SEO' [ RunTime:0.000000s ]
[ sql ] [ SQL ] SELECT * FROM `tc_config` WHERE  `cate` = '网站' [ RunTime:0.000000s ]

---------------------------------------------------------------
[ 2018-07-10T13:35:24+08:00 ] [ sql ] [ DB ] CONNECT:[ UseTime:0.000000s ] mysql:dbname=yuxin;host=127.0.0.1;port=3306;charset=utf8
[ sql ] [ SQL ] SHOW COLUMNS FROM `tc_config` [ RunTime:0.015625s ]
[ sql ] [ SQL ] SELECT * FROM `tc_config` WHERE  `cate` = 'SEO' [ RunTime:0.000000s ]
[ sql ] [ SQL ] SELECT * FROM `tc_config` WHERE  `cate` = '网站' [ RunTime:0.000000s ]

---------------------------------------------------------------
[ 2018-07-10T14:05:16+08:00 ] [ sql ] [ DB ] CONNECT:[ UseTime:0.000000s ] mysql:dbname=yuxin;host=127.0.0.1;port=3306;charset=utf8
[ sql ] [ SQL ] SHOW COLUMNS FROM `tc_config` [ RunTime:0.015625s ]
[ sql ] [ SQL ] SELECT * FROM `tc_config` WHERE  `cate` = 'SEO' [ RunTime:0.000000s ]
[ sql ] [ SQL ] SELECT * FROM `tc_config` WHERE  `cate` = '网站' [ RunTime:0.000000s ]

---------------------------------------------------------------
[ 2018-07-10T16:05:58+08:00 ] [ sql ] [ DB ] CONNECT:[ UseTime:0.000000s ] mysql:dbname=yuxin;host=127.0.0.1;port=3306;charset=utf8
[ sql ] [ SQL ] SHOW COLUMNS FROM `tc_config` [ RunTime:0.015625s ]
[ sql ] [ SQL ] SELECT * FROM `tc_config` WHERE  `cate` = 'SEO' [ RunTime:0.000000s ]
[ sql ] [ SQL ] SELECT * FROM `tc_config` WHERE  `cate` = '网站' [ RunTime:0.000000s ]

---------------------------------------------------------------
[ 2018-07-10T16:07:03+08:00 ] [ sql ] [ DB ] CONNECT:[ UseTime:0.015625s ] mysql:dbname=yuxin;host=127.0.0.1;port=3306;charset=utf8
[ sql ] [ SQL ] SHOW COLUMNS FROM `tc_config` [ RunTime:0.000000s ]
[ sql ] [ SQL ] SELECT * FROM `tc_config` WHERE  `cate` = 'SEO' [ RunTime:0.000000s ]
[ sql ] [ SQL ] SELECT * FROM `tc_config` WHERE  `cate` = '网站' [ RunTime:0.015625s ]

---------------------------------------------------------------
[ 2018-07-10T16:07:44+08:00 ] [ sql ] [ DB ] CONNECT:[ UseTime:0.000000s ] mysql:dbname=yuxin;host=127.0.0.1;port=3306;charset=utf8
[ sql ] [ SQL ] SHOW COLUMNS FROM `tc_config` [ RunTime:0.015625s ]
[ sql ] [ SQL ] SELECT * FROM `tc_config` WHERE  `cate` = 'SEO' [ RunTime:0.000000s ]
[ sql ] [ SQL ] SELECT * FROM `tc_config` WHERE  `cate` = '网站' [ RunTime:0.000000s ]

---------------------------------------------------------------
[ 2018-07-10T16:10:44+08:00 ] [ sql ] [ DB ] CONNECT:[ UseTime:0.000000s ] mysql:dbname=yuxin;host=127.0.0.1;port=3306;charset=utf8
[ sql ] [ SQL ] SHOW COLUMNS FROM `tc_config` [ RunTime:0.015625s ]
[ sql ] [ SQL ] SELECT * FROM `tc_config` WHERE  `cate` = 'SEO' [ RunTime:0.000000s ]
[ sql ] [ SQL ] SELECT * FROM `tc_config` WHERE  `cate` = '网站' [ RunTime:0.000000s ]

---------------------------------------------------------------
[ 2018-07-10T16:11:52+08:00 ] [ sql ] [ DB ] CONNECT:[ UseTime:0.015625s ] mysql:dbname=yuxin;host=127.0.0.1;port=3306;charset=utf8
[ sql ] [ SQL ] SHOW COLUMNS FROM `tc_config` [ RunTime:0.015625s ]
[ sql ] [ SQL ] SELECT * FROM `tc_config` WHERE  `cate` = 'SEO' [ RunTime:0.000000s ]
[ sql ] [ SQL ] SELECT * FROM `tc_config` WHERE  `cate` = '网站' [ RunTime:0.000000s ]
[ sql ] [ SQL ] SHOW COLUMNS FROM `tc_user` [ RunTime:0.015625s ]
[ sql ] [ SQL ] INSERT INTO `tc_user` (`truename` , `sex` , `cardcode` , `bankname` , `bankcode` , `bankaddr` , `refcode` , `adtime` , `uptime`) VALUES ('王鹏飞' , 1 , '152634199010070339' , '贝尔路支行' , '5240940410022442' , '内蒙古自治区 呼和浩特市 回民区' , '852015' , '2018-07-10 16:11:52' , '2018-07-10 16:11:52') [ RunTime:0.000000s ]

---------------------------------------------------------------
[ 2018-07-10T16:11:58+08:00 ] [ sql ] [ DB ] CONNECT:[ UseTime:0.000000s ] mysql:dbname=yuxin;host=127.0.0.1;port=3306;charset=utf8
[ sql ] [ SQL ] SHOW COLUMNS FROM `tc_config` [ RunTime:0.015625s ]
[ sql ] [ SQL ] SELECT * FROM `tc_config` WHERE  `cate` = 'SEO' [ RunTime:0.000000s ]
[ sql ] [ SQL ] SELECT * FROM `tc_config` WHERE  `cate` = '网站' [ RunTime:0.000000s ]

---------------------------------------------------------------
[ 2018-07-10T16:12:45+08:00 ] [ sql ] [ DB ] CONNECT:[ UseTime:0.015625s ] mysql:dbname=yuxin;host=127.0.0.1;port=3306;charset=utf8
[ sql ] [ SQL ] SHOW COLUMNS FROM `tc_admin` [ RunTime:0.015625s ]
[ sql ] [ SQL ] SELECT * FROM `tc_admin` WHERE  `name` = 'ldjun'  AND `password` = '123123' LIMIT 1 [ RunTime:0.000000s ]
[ sql ] [ SQL ] UPDATE `tc_admin`  SET `login_time`=1531210365  WHERE  `id` = 1 [ RunTime:0.000000s ]
[ sql ] [ SQL ] SHOW COLUMNS FROM `tc_perm_group` [ RunTime:0.015625s ]
[ sql ] [ SQL ] SELECT `perm_ids` FROM `tc_perm_group` WHERE  `id` = 1 LIMIT 1 [ RunTime:0.000000s ]

---------------------------------------------------------------
[ 2018-07-10T16:12:46+08:00 ] [ sql ] [ DB ] CONNECT:[ UseTime:0.000000s ] mysql:dbname=yuxin;host=127.0.0.1;port=3306;charset=utf8
[ sql ] [ SQL ] SHOW COLUMNS FROM `tc_permission` [ RunTime:0.015625s ]
[ sql ] [ SQL ] SELECT `id` FROM `tc_permission` WHERE  `url` = '/admin/index/index' LIMIT 1 [ RunTime:0.000000s ]
[ sql ] [ SQL ] SELECT * FROM `tc_permission` WHERE  `id` IN (1,2,3,4,5,6,7,8,9,10,11,12,13,14,15,16,17,18,19,20,21,22,23,24,25,26,27,28,29,30,31,32,33,34,35,36,37,38,39,40,41,42,43,44,45,46,47,48,49,50,51,52,53) [ RunTime:0.000000s ]

---------------------------------------------------------------
[ 2018-07-10T16:12:49+08:00 ] [ sql ] [ DB ] CONNECT:[ UseTime:0.000000s ] mysql:dbname=yuxin;host=127.0.0.1;port=3306;charset=utf8
[ sql ] [ SQL ] SHOW COLUMNS FROM `tc_permission` [ RunTime:0.015625s ]
[ sql ] [ SQL ] SELECT `id` FROM `tc_permission` WHERE  `url` = '/admin/user/show_user_list' LIMIT 1 [ RunTime:0.000000s ]
[ sql ] [ SQL ] SHOW COLUMNS FROM `tc_user` [ RunTime:0.015625s ]
[ sql ] [ SQL ] SELECT COUNT(*) AS tp_count FROM `tc_user` LIMIT 1 [ RunTime:0.000000s ]
[ sql ] [ SQL ] SELECT * FROM `tc_user` LIMIT 0,10 [ RunTime:0.000000s ]

---------------------------------------------------------------
[ 2018-07-10T16:12:55+08:00 ] [ sql ] [ DB ] CONNECT:[ UseTime:0.015625s ] mysql:dbname=yuxin;host=127.0.0.1;port=3306;charset=utf8
[ sql ] [ SQL ] SHOW COLUMNS FROM `tc_permission` [ RunTime:0.015625s ]
[ sql ] [ SQL ] SELECT `id` FROM `tc_permission` WHERE  `url` = '/admin/user/show_user_list' LIMIT 1 [ RunTime:0.000000s ]
[ sql ] [ SQL ] SHOW COLUMNS FROM `tc_user` [ RunTime:0.015625s ]
[ sql ] [ SQL ] SELECT COUNT(*) AS tp_count FROM `tc_user` LIMIT 1 [ RunTime:0.000000s ]
[ sql ] [ SQL ] SELECT * FROM `tc_user` LIMIT 10,10 [ RunTime:0.000000s ]

---------------------------------------------------------------
[ 2018-07-10T16:13:08+08:00 ] [ sql ] [ DB ] CONNECT:[ UseTime:0.000000s ] mysql:dbname=yuxin;host=127.0.0.1;port=3306;charset=utf8
[ sql ] [ SQL ] SHOW COLUMNS FROM `tc_permission` [ RunTime:0.015625s ]
[ sql ] [ SQL ] SELECT `id` FROM `tc_permission` WHERE  `url` = '/admin/user/see_user' LIMIT 1 [ RunTime:0.000000s ]
[ sql ] [ SQL ] SHOW COLUMNS FROM `tc_user` [ RunTime:0.015625s ]
[ sql ] [ SQL ] SELECT * FROM `tc_user` WHERE  `id` = 486 LIMIT 1 [ RunTime:0.000000s ]

---------------------------------------------------------------
[ 2018-07-10T16:21:30+08:00 ] [ error ] [0]MissingPhoneNumbers PhoneNumbers is mandatory for this action. HTTP Status: 400 RequestID: 03C99EA6-10F8-49DB-B4AA-F1CEE85A0915

---------------------------------------------------------------
[ 2018-07-10T16:22:05+08:00 ] [ sql ] [ DB ] CONNECT:[ UseTime:0.015625s ] mysql:dbname=yuxin;host=127.0.0.1;port=3306;charset=utf8
[ sql ] [ SQL ] SHOW COLUMNS FROM `tc_config` [ RunTime:0.000000s ]
[ sql ] [ SQL ] SELECT * FROM `tc_config` WHERE  `cate` = 'SEO' [ RunTime:0.000000s ]
[ sql ] [ SQL ] SELECT * FROM `tc_config` WHERE  `cate` = '网站' [ RunTime:0.000000s ]

---------------------------------------------------------------
[ 2018-07-10T17:25:54+08:00 ] [ sql ] [ DB ] CONNECT:[ UseTime:0.000000s ] mysql:dbname=yuxin;host=127.0.0.1;port=3306;charset=utf8
[ sql ] [ SQL ] SHOW COLUMNS FROM `tc_config` [ RunTime:0.015625s ]
[ sql ] [ SQL ] SELECT * FROM `tc_config` WHERE  `cate` = 'SEO' [ RunTime:0.000000s ]
[ sql ] [ SQL ] SELECT * FROM `tc_config` WHERE  `cate` = '网站' [ RunTime:0.000000s ]

---------------------------------------------------------------
[ 2018-07-10T17:26:46+08:00 ] [ sql ] [ DB ] CONNECT:[ UseTime:0.015625s ] mysql:dbname=yuxin;host=127.0.0.1;port=3306;charset=utf8
[ sql ] [ SQL ] SHOW COLUMNS FROM `tc_config` [ RunTime:0.000000s ]
[ sql ] [ SQL ] SELECT * FROM `tc_config` WHERE  `cate` = 'SEO' [ RunTime:0.000000s ]
[ sql ] [ SQL ] SELECT * FROM `tc_config` WHERE  `cate` = '网站' [ RunTime:0.015625s ]

---------------------------------------------------------------
[ 2018-07-10T17:30:14+08:00 ] [ sql ] [ DB ] CONNECT:[ UseTime:0.000000s ] mysql:dbname=yuxin;host=127.0.0.1;port=3306;charset=utf8
[ sql ] [ SQL ] SHOW COLUMNS FROM `tc_config` [ RunTime:0.015625s ]
[ sql ] [ SQL ] SELECT * FROM `tc_config` WHERE  `cate` = 'SEO' [ RunTime:0.000000s ]
[ sql ] [ SQL ] SELECT * FROM `tc_config` WHERE  `cate` = '网站' [ RunTime:0.000000s ]

---------------------------------------------------------------
[ 2018-07-10T17:35:20+08:00 ] [ sql ] [ DB ] CONNECT:[ UseTime:0.000000s ] mysql:dbname=yuxin;host=127.0.0.1;port=3306;charset=utf8
[ sql ] [ SQL ] SHOW COLUMNS FROM `tc_config` [ RunTime:0.015626s ]
[ sql ] [ SQL ] SELECT * FROM `tc_config` WHERE  `cate` = 'SEO' [ RunTime:0.000000s ]
[ sql ] [ SQL ] SELECT * FROM `tc_config` WHERE  `cate` = '网站' [ RunTime:0.000000s ]

---------------------------------------------------------------
[ 2018-07-10T17:36:20+08:00 ] [ sql ] [ DB ] CONNECT:[ UseTime:0.015625s ] mysql:dbname=yuxin;host=127.0.0.1;port=3306;charset=utf8
[ sql ] [ SQL ] SHOW COLUMNS FROM `tc_config` [ RunTime:0.015625s ]
[ sql ] [ SQL ] SELECT * FROM `tc_config` WHERE  `cate` = 'SEO' [ RunTime:0.000000s ]
[ sql ] [ SQL ] SELECT * FROM `tc_config` WHERE  `cate` = '网站' [ RunTime:0.000000s ]

---------------------------------------------------------------
[ 2018-07-10T17:55:29+08:00 ] [ sql ] [ DB ] CONNECT:[ UseTime:0.000000s ] mysql:dbname=yuxin;host=127.0.0.1;port=3306;charset=utf8
[ sql ] [ SQL ] SHOW COLUMNS FROM `tc_config` [ RunTime:0.015625s ]
[ sql ] [ SQL ] SELECT * FROM `tc_config` WHERE  `cate` = 'SEO' [ RunTime:0.000000s ]
[ sql ] [ SQL ] SELECT * FROM `tc_config` WHERE  `cate` = '网站' [ RunTime:0.000000s ]

---------------------------------------------------------------
[ 2018-07-10T18:51:19+08:00 ] [ sql ] [ DB ] CONNECT:[ UseTime:0.015625s ] mysql:dbname=yuxin;host=127.0.0.1;port=3306;charset=utf8
[ sql ] [ SQL ] SHOW COLUMNS FROM `tc_config` [ RunTime:0.000000s ]
[ sql ] [ SQL ] SELECT * FROM `tc_config` WHERE  `cate` = 'SEO' [ RunTime:0.015625s ]
[ sql ] [ SQL ] SELECT * FROM `tc_config` WHERE  `cate` = '网站' [ RunTime:0.000000s ]

---------------------------------------------------------------
[ 2018-07-10T18:54:45+08:00 ] [ sql ] [ DB ] CONNECT:[ UseTime:0.015625s ] mysql:dbname=yuxin;host=127.0.0.1;port=3306;charset=utf8
[ sql ] [ SQL ] SHOW COLUMNS FROM `tc_config` [ RunTime:0.000000s ]
[ sql ] [ SQL ] SELECT * FROM `tc_config` WHERE  `cate` = 'SEO' [ RunTime:0.015625s ]
[ sql ] [ SQL ] SELECT * FROM `tc_config` WHERE  `cate` = '网站' [ RunTime:0.000000s ]

---------------------------------------------------------------
[ 2018-07-10T19:18:59+08:00 ] [ sql ] [ DB ] CONNECT:[ UseTime:0.000000s ] mysql:dbname=yuxin;host=127.0.0.1;port=3306;charset=utf8
[ sql ] [ SQL ] SHOW COLUMNS FROM `tc_config` [ RunTime:0.015625s ]
[ sql ] [ SQL ] SELECT * FROM `tc_config` WHERE  `cate` = 'SEO' [ RunTime:0.000000s ]
[ sql ] [ SQL ] SELECT * FROM `tc_config` WHERE  `cate` = '网站' [ RunTime:0.000000s ]

---------------------------------------------------------------
[ 2018-07-10T19:56:24+08:00 ] [ sql ] [ DB ] CONNECT:[ UseTime:0.000000s ] mysql:dbname=yuxin;host=127.0.0.1;port=3306;charset=utf8
[ sql ] [ SQL ] SHOW COLUMNS FROM `tc_config` [ RunTime:0.015625s ]
[ sql ] [ SQL ] SELECT * FROM `tc_config` WHERE  `cate` = 'SEO' [ RunTime:0.000000s ]
[ sql ] [ SQL ] SELECT * FROM `tc_config` WHERE  `cate` = '网站' [ RunTime:0.000000s ]

---------------------------------------------------------------
[ 2018-07-10T19:56:42+08:00 ] [ sql ] [ DB ] CONNECT:[ UseTime:0.015626s ] mysql:dbname=yuxin;host=127.0.0.1;port=3306;charset=utf8
[ sql ] [ SQL ] SHOW COLUMNS FROM `tc_config` [ RunTime:0.000000s ]
[ sql ] [ SQL ] SELECT * FROM `tc_config` WHERE  `cate` = 'SEO' [ RunTime:0.000000s ]
[ sql ] [ SQL ] SELECT * FROM `tc_config` WHERE  `cate` = '网站' [ RunTime:0.000000s ]

---------------------------------------------------------------
[ 2018-07-10T19:57:39+08:00 ] [ sql ] [ DB ] CONNECT:[ UseTime:0.015626s ] mysql:dbname=yuxin;host=127.0.0.1;port=3306;charset=utf8
[ sql ] [ SQL ] SHOW COLUMNS FROM `tc_config` [ RunTime:0.015625s ]
[ sql ] [ SQL ] SELECT * FROM `tc_config` WHERE  `cate` = 'SEO' [ RunTime:0.000000s ]
[ sql ] [ SQL ] SELECT * FROM `tc_config` WHERE  `cate` = '网站' [ RunTime:0.000000s ]

---------------------------------------------------------------
[ 2018-07-10T20:01:07+08:00 ] [ sql ] [ DB ] CONNECT:[ UseTime:0.015625s ] mysql:dbname=yuxin;host=127.0.0.1;port=3306;charset=utf8
[ sql ] [ SQL ] SHOW COLUMNS FROM `tc_config` [ RunTime:0.015626s ]
[ sql ] [ SQL ] SELECT * FROM `tc_config` WHERE  `cate` = 'SEO' [ RunTime:0.000000s ]
[ sql ] [ SQL ] SELECT * FROM `tc_config` WHERE  `cate` = '网站' [ RunTime:0.000000s ]
[ sql ] [ SQL ] SHOW COLUMNS FROM `tc_user` [ RunTime:0.015625s ]
[ sql ] [ SQL ] INSERT INTO `tc_user` (`truename` , `sex` , `cardcode` , `bankname` , `bankcode` , `bankaddr` , `refcode` , `adtime` , `uptime`) VALUES ('黄涛' , 1 , '410622197102280517' , '工商银行' , '6212261211006206017' , '浙江省 绍兴市 上虞市' , 'xSSZ' , '2018-07-10 20:01:07' , '2018-07-10 20:01:07') [ RunTime:0.000000s ]

---------------------------------------------------------------
[ 2018-07-10T20:01:24+08:00 ] [ sql ] [ DB ] CONNECT:[ UseTime:0.015626s ] mysql:dbname=yuxin;host=127.0.0.1;port=3306;charset=utf8
[ sql ] [ SQL ] SHOW COLUMNS FROM `tc_config` [ RunTime:0.015625s ]
[ sql ] [ SQL ] SELECT * FROM `tc_config` WHERE  `cate` = 'SEO' [ RunTime:0.000000s ]
[ sql ] [ SQL ] SELECT * FROM `tc_config` WHERE  `cate` = '网站' [ RunTime:0.000000s ]

---------------------------------------------------------------
[ 2018-07-10T20:06:59+08:00 ] [ sql ] [ DB ] CONNECT:[ UseTime:0.000000s ] mysql:dbname=yuxin;host=127.0.0.1;port=3306;charset=utf8
[ sql ] [ SQL ] SHOW COLUMNS FROM `tc_config` [ RunTime:0.015625s ]
[ sql ] [ SQL ] SELECT * FROM `tc_config` WHERE  `cate` = 'SEO' [ RunTime:0.000000s ]
[ sql ] [ SQL ] SELECT * FROM `tc_config` WHERE  `cate` = '网站' [ RunTime:0.000000s ]

---------------------------------------------------------------
[ 2018-07-10T20:10:12+08:00 ] [ sql ] [ DB ] CONNECT:[ UseTime:0.015625s ] mysql:dbname=yuxin;host=127.0.0.1;port=3306;charset=utf8
[ sql ] [ SQL ] SHOW COLUMNS FROM `tc_config` [ RunTime:0.015624s ]
[ sql ] [ SQL ] SELECT * FROM `tc_config` WHERE  `cate` = 'SEO' [ RunTime:0.000000s ]
[ sql ] [ SQL ] SELECT * FROM `tc_config` WHERE  `cate` = '网站' [ RunTime:0.000000s ]
[ sql ] [ SQL ] SHOW COLUMNS FROM `tc_user` [ RunTime:0.015625s ]
[ sql ] [ SQL ] INSERT INTO `tc_user` (`truename` , `sex` , `cardcode` , `bankname` , `bankcode` , `bankaddr` , `refcode` , `adtime` , `uptime`) VALUES ('黄涛' , 1 , '410622197102280517' , '工商银行' , '6212261211006206017' , '浙江省 绍兴市 上虞市' , 'xSSZ' , '2018-07-10 20:10:12' , '2018-07-10 20:10:12') [ RunTime:0.000000s ]

---------------------------------------------------------------
[ 2018-07-10T20:10:16+08:00 ] [ sql ] [ DB ] CONNECT:[ UseTime:0.015625s ] mysql:dbname=yuxin;host=127.0.0.1;port=3306;charset=utf8
[ sql ] [ SQL ] SHOW COLUMNS FROM `tc_config` [ RunTime:0.015625s ]
[ sql ] [ SQL ] SELECT * FROM `tc_config` WHERE  `cate` = 'SEO' [ RunTime:0.000000s ]
[ sql ] [ SQL ] SELECT * FROM `tc_config` WHERE  `cate` = '网站' [ RunTime:0.000000s ]

---------------------------------------------------------------
[ 2018-07-10T20:15:03+08:00 ] [ sql ] [ DB ] CONNECT:[ UseTime:0.015625s ] mysql:dbname=yuxin;host=127.0.0.1;port=3306;charset=utf8
[ sql ] [ SQL ] SHOW COLUMNS FROM `tc_permission` [ RunTime:0.015624s ]
[ sql ] [ SQL ] SELECT `id` FROM `tc_permission` WHERE  `url` = '/admin/user/show_user_list' LIMIT 1 [ RunTime:0.000000s ]
[ sql ] [ SQL ] SHOW COLUMNS FROM `tc_user` [ RunTime:0.015625s ]
[ sql ] [ SQL ] SELECT COUNT(*) AS tp_count FROM `tc_user` LIMIT 1 [ RunTime:0.000000s ]
[ sql ] [ SQL ] SELECT * FROM `tc_user` LIMIT 0,10 [ RunTime:0.000000s ]

---------------------------------------------------------------
[ 2018-07-10T20:15:13+08:00 ] [ sql ] [ DB ] CONNECT:[ UseTime:0.015625s ] mysql:dbname=yuxin;host=127.0.0.1;port=3306;charset=utf8
[ sql ] [ SQL ] SHOW COLUMNS FROM `tc_permission` [ RunTime:0.000000s ]
[ sql ] [ SQL ] SELECT `id` FROM `tc_permission` WHERE  `url` = '/admin/user/see_user' LIMIT 1 [ RunTime:0.000000s ]
[ sql ] [ SQL ] SHOW COLUMNS FROM `tc_user` [ RunTime:0.015625s ]
[ sql ] [ SQL ] SELECT * FROM `tc_user` WHERE  `id` = 487 LIMIT 1 [ RunTime:0.000000s ]

---------------------------------------------------------------
[ 2018-07-10T20:31:41+08:00 ] [ sql ] [ DB ] CONNECT:[ UseTime:0.000000s ] mysql:dbname=yuxin;host=127.0.0.1;port=3306;charset=utf8
[ sql ] [ SQL ] SHOW COLUMNS FROM `tc_config` [ RunTime:0.015625s ]
[ sql ] [ SQL ] SELECT * FROM `tc_config` WHERE  `cate` = 'SEO' [ RunTime:0.000000s ]
[ sql ] [ SQL ] SELECT * FROM `tc_config` WHERE  `cate` = '网站' [ RunTime:0.000000s ]

---------------------------------------------------------------
[ 2018-07-10T21:25:22+08:00 ] [ sql ] [ DB ] CONNECT:[ UseTime:0.000000s ] mysql:dbname=yuxin;host=127.0.0.1;port=3306;charset=utf8
[ sql ] [ SQL ] SHOW COLUMNS FROM `tc_config` [ RunTime:0.015625s ]
[ sql ] [ SQL ] SELECT * FROM `tc_config` WHERE  `cate` = 'SEO' [ RunTime:0.000000s ]
[ sql ] [ SQL ] SELECT * FROM `tc_config` WHERE  `cate` = '网站' [ RunTime:0.000000s ]

---------------------------------------------------------------
[ 2018-07-10T21:50:32+08:00 ] [ sql ] [ DB ] CONNECT:[ UseTime:0.000000s ] mysql:dbname=yuxin;host=127.0.0.1;port=3306;charset=utf8
[ sql ] [ SQL ] SHOW COLUMNS FROM `tc_config` [ RunTime:0.015625s ]
[ sql ] [ SQL ] SELECT * FROM `tc_config` WHERE  `cate` = 'SEO' [ RunTime:0.000000s ]
[ sql ] [ SQL ] SELECT * FROM `tc_config` WHERE  `cate` = '网站' [ RunTime:0.000000s ]

---------------------------------------------------------------
[ 2018-07-10T22:15:29+08:00 ] [ sql ] [ DB ] CONNECT:[ UseTime:0.015625s ] mysql:dbname=yuxin;host=127.0.0.1;port=3306;charset=utf8
[ sql ] [ SQL ] SHOW COLUMNS FROM `tc_config` [ RunTime:0.000000s ]
[ sql ] [ SQL ] SELECT * FROM `tc_config` WHERE  `cate` = 'SEO' [ RunTime:0.000000s ]
[ sql ] [ SQL ] SELECT * FROM `tc_config` WHERE  `cate` = '网站' [ RunTime:0.000000s ]

---------------------------------------------------------------
[ 2018-07-10T22:16:29+08:00 ] [ sql ] [ DB ] CONNECT:[ UseTime:0.015625s ] mysql:dbname=yuxin;host=127.0.0.1;port=3306;charset=utf8
[ sql ] [ SQL ] SHOW COLUMNS FROM `tc_config` [ RunTime:0.000000s ]
[ sql ] [ SQL ] SELECT * FROM `tc_config` WHERE  `cate` = 'SEO' [ RunTime:0.000000s ]
[ sql ] [ SQL ] SELECT * FROM `tc_config` WHERE  `cate` = '网站' [ RunTime:0.000000s ]

---------------------------------------------------------------
[ 2018-07-10T22:17:42+08:00 ] [ sql ] [ DB ] CONNECT:[ UseTime:0.015625s ] mysql:dbname=yuxin;host=127.0.0.1;port=3306;charset=utf8
[ sql ] [ SQL ] SHOW COLUMNS FROM `tc_config` [ RunTime:0.015625s ]
[ sql ] [ SQL ] SELECT * FROM `tc_config` WHERE  `cate` = 'SEO' [ RunTime:0.000000s ]
[ sql ] [ SQL ] SELECT * FROM `tc_config` WHERE  `cate` = '网站' [ RunTime:0.000000s ]

---------------------------------------------------------------
[ 2018-07-10T22:21:02+08:00 ] [ sql ] [ DB ] CONNECT:[ UseTime:0.015625s ] mysql:dbname=yuxin;host=127.0.0.1;port=3306;charset=utf8
[ sql ] [ SQL ] SHOW COLUMNS FROM `tc_config` [ RunTime:0.000000s ]
[ sql ] [ SQL ] SELECT * FROM `tc_config` WHERE  `cate` = 'SEO' [ RunTime:0.000000s ]
[ sql ] [ SQL ] SELECT * FROM `tc_config` WHERE  `cate` = '网站' [ RunTime:0.000000s ]

---------------------------------------------------------------
[ 2018-07-10T22:23:11+08:00 ] [ sql ] [ DB ] CONNECT:[ UseTime:0.015625s ] mysql:dbname=yuxin;host=127.0.0.1;port=3306;charset=utf8
[ sql ] [ SQL ] SHOW COLUMNS FROM `tc_config` [ RunTime:0.015625s ]
[ sql ] [ SQL ] SELECT * FROM `tc_config` WHERE  `cate` = 'SEO' [ RunTime:0.000000s ]
[ sql ] [ SQL ] SELECT * FROM `tc_config` WHERE  `cate` = '网站' [ RunTime:0.000000s ]
[ sql ] [ SQL ] SHOW COLUMNS FROM `tc_user` [ RunTime:0.015625s ]
[ sql ] [ SQL ] INSERT INTO `tc_user` (`truename` , `sex` , `cardcode` , `bankname` , `bankcode` , `bankaddr` , `refcode` , `adtime` , `uptime`) VALUES ('漆杨波' , 1 , '5101111997401044212' , '建设银行成都白果林支行' , '6217003810000962970' , '四川省 成都市 锦江区' , 'xSSZ' , '2018-07-10 22:23:11' , '2018-07-10 22:23:11') [ RunTime:0.000000s ]

---------------------------------------------------------------
[ 2018-07-10T22:23:25+08:00 ] [ sql ] [ DB ] CONNECT:[ UseTime:0.015625s ] mysql:dbname=yuxin;host=127.0.0.1;port=3306;charset=utf8
[ sql ] [ SQL ] SHOW COLUMNS FROM `tc_config` [ RunTime:0.015625s ]
[ sql ] [ SQL ] SELECT * FROM `tc_config` WHERE  `cate` = 'SEO' [ RunTime:0.000000s ]
[ sql ] [ SQL ] SELECT * FROM `tc_config` WHERE  `cate` = '网站' [ RunTime:0.000000s ]

---------------------------------------------------------------
[ 2018-07-10T22:24:00+08:00 ] [ sql ] [ DB ] CONNECT:[ UseTime:0.000000s ] mysql:dbname=yuxin;host=127.0.0.1;port=3306;charset=utf8
[ sql ] [ SQL ] SHOW COLUMNS FROM `tc_config` [ RunTime:0.015625s ]
[ sql ] [ SQL ] SELECT * FROM `tc_config` WHERE  `cate` = 'SEO' [ RunTime:0.000000s ]
[ sql ] [ SQL ] SELECT * FROM `tc_config` WHERE  `cate` = '网站' [ RunTime:0.000000s ]

---------------------------------------------------------------
[ 2018-07-10T22:24:05+08:00 ] [ sql ] [ DB ] CONNECT:[ UseTime:0.015625s ] mysql:dbname=yuxin;host=127.0.0.1;port=3306;charset=utf8
[ sql ] [ SQL ] SHOW COLUMNS FROM `tc_config` [ RunTime:0.000000s ]
[ sql ] [ SQL ] SELECT * FROM `tc_config` WHERE  `cate` = 'SEO' [ RunTime:0.000000s ]
[ sql ] [ SQL ] SELECT * FROM `tc_config` WHERE  `cate` = '网站' [ RunTime:0.000000s ]

---------------------------------------------------------------
[ 2018-07-10T22:24:12+08:00 ] [ sql ] [ DB ] CONNECT:[ UseTime:0.015625s ] mysql:dbname=yuxin;host=127.0.0.1;port=3306;charset=utf8
[ sql ] [ SQL ] SHOW COLUMNS FROM `tc_config` [ RunTime:0.000000s ]
[ sql ] [ SQL ] SELECT * FROM `tc_config` WHERE  `cate` = 'SEO' [ RunTime:0.000000s ]
[ sql ] [ SQL ] SELECT * FROM `tc_config` WHERE  `cate` = '网站' [ RunTime:0.000000s ]
[ sql ] [ SQL ] SHOW COLUMNS FROM `tc_news_article` [ RunTime:0.015625s ]
[ sql ] [ SQL ] SELECT * FROM `tc_news_article` WHERE  `cate_id` = 9 LIMIT 1 [ RunTime:0.000000s ]

---------------------------------------------------------------
[ 2018-07-10T22:24:20+08:00 ] [ sql ] [ DB ] CONNECT:[ UseTime:0.015625s ] mysql:dbname=yuxin;host=127.0.0.1;port=3306;charset=utf8
[ sql ] [ SQL ] SHOW COLUMNS FROM `tc_config` [ RunTime:0.000000s ]
[ sql ] [ SQL ] SELECT * FROM `tc_config` WHERE  `cate` = 'SEO' [ RunTime:0.015624s ]
[ sql ] [ SQL ] SELECT * FROM `tc_config` WHERE  `cate` = '网站' [ RunTime:0.000000s ]

---------------------------------------------------------------
[ 2018-07-10T22:24:24+08:00 ] [ sql ] [ DB ] CONNECT:[ UseTime:0.015625s ] mysql:dbname=yuxin;host=127.0.0.1;port=3306;charset=utf8
[ sql ] [ SQL ] SHOW COLUMNS FROM `tc_config` [ RunTime:0.015625s ]
[ sql ] [ SQL ] SELECT * FROM `tc_config` WHERE  `cate` = 'SEO' [ RunTime:0.000000s ]
[ sql ] [ SQL ] SELECT * FROM `tc_config` WHERE  `cate` = '网站' [ RunTime:0.000000s ]

---------------------------------------------------------------
[ 2018-07-10T22:24:25+08:00 ] [ sql ] [ DB ] CONNECT:[ UseTime:0.015625s ] mysql:dbname=yuxin;host=127.0.0.1;port=3306;charset=utf8
[ sql ] [ SQL ] SHOW COLUMNS FROM `tc_config` [ RunTime:0.000000s ]
[ sql ] [ SQL ] SELECT * FROM `tc_config` WHERE  `cate` = 'SEO' [ RunTime:0.015625s ]
[ sql ] [ SQL ] SELECT * FROM `tc_config` WHERE  `cate` = '网站' [ RunTime:0.000000s ]
[ sql ] [ SQL ] SHOW COLUMNS FROM `tc_news_article` [ RunTime:0.000000s ]
[ sql ] [ SQL ] SELECT * FROM `tc_news_article` WHERE  `cate_id` = 26 LIMIT 1 [ RunTime:0.000000s ]

---------------------------------------------------------------
[ 2018-07-10T22:25:36+08:00 ] [ sql ] [ DB ] CONNECT:[ UseTime:0.015625s ] mysql:dbname=yuxin;host=127.0.0.1;port=3306;charset=utf8
[ sql ] [ SQL ] SHOW COLUMNS FROM `tc_config` [ RunTime:0.000000s ]
[ sql ] [ SQL ] SELECT * FROM `tc_config` WHERE  `cate` = 'SEO' [ RunTime:0.015625s ]
[ sql ] [ SQL ] SELECT * FROM `tc_config` WHERE  `cate` = '网站' [ RunTime:0.000000s ]

---------------------------------------------------------------
[ 2018-07-10T22:27:44+08:00 ] [ sql ] [ DB ] CONNECT:[ UseTime:0.015625s ] mysql:dbname=yuxin;host=127.0.0.1;port=3306;charset=utf8
[ sql ] [ SQL ] SHOW COLUMNS FROM `tc_config` [ RunTime:0.000000s ]
[ sql ] [ SQL ] SELECT * FROM `tc_config` WHERE  `cate` = 'SEO' [ RunTime:0.000000s ]
[ sql ] [ SQL ] SELECT * FROM `tc_config` WHERE  `cate` = '网站' [ RunTime:0.000000s ]
[ sql ] [ SQL ] SHOW COLUMNS FROM `tc_news_article` [ RunTime:0.000000s ]
[ sql ] [ SQL ] SELECT * FROM `tc_news_article` WHERE  `display` = 'Y' ORDER BY `add_time`  desc [ RunTime:0.000000s ]

---------------------------------------------------------------
[ 2018-07-10T22:31:47+08:00 ] [ sql ] [ DB ] CONNECT:[ UseTime:0.015625s ] mysql:dbname=yuxin;host=127.0.0.1;port=3306;charset=utf8
[ sql ] [ SQL ] SHOW COLUMNS FROM `tc_config` [ RunTime:0.015625s ]
[ sql ] [ SQL ] SELECT * FROM `tc_config` WHERE  `cate` = 'SEO' [ RunTime:0.000000s ]
[ sql ] [ SQL ] SELECT * FROM `tc_config` WHERE  `cate` = '网站' [ RunTime:0.000000s ]

---------------------------------------------------------------
[ 2018-07-10T22:31:51+08:00 ] [ sql ] [ DB ] CONNECT:[ UseTime:0.015625s ] mysql:dbname=yuxin;host=127.0.0.1;port=3306;charset=utf8
[ sql ] [ SQL ] SHOW COLUMNS FROM `tc_config` [ RunTime:0.000000s ]
[ sql ] [ SQL ] SELECT * FROM `tc_config` WHERE  `cate` = 'SEO' [ RunTime:0.000000s ]
[ sql ] [ SQL ] SELECT * FROM `tc_config` WHERE  `cate` = '网站' [ RunTime:0.000000s ]
[ sql ] [ SQL ] SHOW COLUMNS FROM `tc_news_article` [ RunTime:0.015625s ]
[ sql ] [ SQL ] SELECT * FROM `tc_news_article` WHERE  `display` = 'Y' ORDER BY `add_time`  desc [ RunTime:0.000000s ]

---------------------------------------------------------------
[ 2018-07-10T22:43:36+08:00 ] [ sql ] [ DB ] CONNECT:[ UseTime:0.000000s ] mysql:dbname=yuxin;host=127.0.0.1;port=3306;charset=utf8
[ sql ] [ SQL ] SHOW COLUMNS FROM `tc_config` [ RunTime:0.015625s ]
[ sql ] [ SQL ] SELECT * FROM `tc_config` WHERE  `cate` = 'SEO' [ RunTime:0.000000s ]
[ sql ] [ SQL ] SELECT * FROM `tc_config` WHERE  `cate` = '网站' [ RunTime:0.000000s ]

---------------------------------------------------------------
[ 2018-07-10T22:46:31+08:00 ] [ sql ] [ DB ] CONNECT:[ UseTime:0.000000s ] mysql:dbname=yuxin;host=127.0.0.1;port=3306;charset=utf8
[ sql ] [ SQL ] SHOW COLUMNS FROM `tc_config` [ RunTime:0.015624s ]
[ sql ] [ SQL ] SELECT * FROM `tc_config` WHERE  `cate` = 'SEO' [ RunTime:0.000000s ]
[ sql ] [ SQL ] SELECT * FROM `tc_config` WHERE  `cate` = '网站' [ RunTime:0.000000s ]
[ sql ] [ SQL ] SHOW COLUMNS FROM `tc_user` [ RunTime:0.015625s ]
[ sql ] [ SQL ] INSERT INTO `tc_user` (`truename` , `sex` , `cardcode` , `bankname` , `bankcode` , `bankaddr` , `refcode` , `adtime` , `uptime`) VALUES ('漆杨波' , 1 , '510111197401044212' , '建设银行成都白果林支行' , '6217003810000962970' , '四川省 成都市 青羊区' , 'xSSZ' , '2018-07-10 22:46:30' , '2018-07-10 22:46:30') [ RunTime:0.000000s ]

---------------------------------------------------------------
[ 2018-07-10T22:46:34+08:00 ] [ sql ] [ DB ] CONNECT:[ UseTime:0.015625s ] mysql:dbname=yuxin;host=127.0.0.1;port=3306;charset=utf8
[ sql ] [ SQL ] SHOW COLUMNS FROM `tc_config` [ RunTime:0.000000s ]
[ sql ] [ SQL ] SELECT * FROM `tc_config` WHERE  `cate` = 'SEO' [ RunTime:0.015625s ]
[ sql ] [ SQL ] SELECT * FROM `tc_config` WHERE  `cate` = '网站' [ RunTime:0.000000s ]

---------------------------------------------------------------
[ 2018-07-10T22:53:36+08:00 ] [ sql ] [ DB ] CONNECT:[ UseTime:0.000000s ] mysql:dbname=yuxin;host=127.0.0.1;port=3306;charset=utf8
[ sql ] [ SQL ] SHOW COLUMNS FROM `tc_permission` [ RunTime:0.015625s ]
[ sql ] [ SQL ] SELECT `id` FROM `tc_permission` WHERE  `url` = '/admin/user/show_user_list' LIMIT 1 [ RunTime:0.000000s ]
[ sql ] [ SQL ] SHOW COLUMNS FROM `tc_user` [ RunTime:0.015625s ]
[ sql ] [ SQL ] SELECT COUNT(*) AS tp_count FROM `tc_user` LIMIT 1 [ RunTime:0.000000s ]
[ sql ] [ SQL ] SELECT * FROM `tc_user` LIMIT 0,10 [ RunTime:0.000000s ]

---------------------------------------------------------------
[ 2018-07-10T22:53:42+08:00 ] [ sql ] [ DB ] CONNECT:[ UseTime:0.015625s ] mysql:dbname=yuxin;host=127.0.0.1;port=3306;charset=utf8
[ sql ] [ SQL ] SHOW COLUMNS FROM `tc_permission` [ RunTime:0.000000s ]
[ sql ] [ SQL ] SELECT `id` FROM `tc_permission` WHERE  `url` = '/admin/user/see_user' LIMIT 1 [ RunTime:0.000000s ]
[ sql ] [ SQL ] SHOW COLUMNS FROM `tc_user` [ RunTime:0.000000s ]
[ sql ] [ SQL ] SELECT * FROM `tc_user` WHERE  `id` = 489 LIMIT 1 [ RunTime:0.015625s ]

---------------------------------------------------------------
[ 2018-07-10T22:59:13+08:00 ] [ sql ] [ DB ] CONNECT:[ UseTime:0.000000s ] mysql:dbname=yuxin;host=127.0.0.1;port=3306;charset=utf8
[ sql ] [ SQL ] SHOW COLUMNS FROM `tc_permission` [ RunTime:0.015625s ]
[ sql ] [ SQL ] SELECT `id` FROM `tc_permission` WHERE  `url` = '/admin/user/show_user_list' LIMIT 1 [ RunTime:0.000000s ]
[ sql ] [ SQL ] SHOW COLUMNS FROM `tc_user` [ RunTime:0.015625s ]
[ sql ] [ SQL ] SELECT COUNT(*) AS tp_count FROM `tc_user` LIMIT 1 [ RunTime:0.000000s ]
[ sql ] [ SQL ] SELECT * FROM `tc_user` LIMIT 0,10 [ RunTime:0.000000s ]

---------------------------------------------------------------
[ 2018-07-10T22:59:28+08:00 ] [ sql ] [ DB ] CONNECT:[ UseTime:0.000000s ] mysql:dbname=yuxin;host=127.0.0.1;port=3306;charset=utf8
[ sql ] [ SQL ] SHOW COLUMNS FROM `tc_permission` [ RunTime:0.015625s ]
[ sql ] [ SQL ] SELECT `id` FROM `tc_permission` WHERE  `url` = '/admin/user/show_user_list' LIMIT 1 [ RunTime:0.000000s ]
[ sql ] [ SQL ] SHOW COLUMNS FROM `tc_user` [ RunTime:0.015625s ]
[ sql ] [ SQL ] SELECT COUNT(*) AS tp_count FROM `tc_user` LIMIT 1 [ RunTime:0.000000s ]
[ sql ] [ SQL ] SELECT * FROM `tc_user` LIMIT 10,10 [ RunTime:0.000000s ]

---------------------------------------------------------------
[ 2018-07-10T22:59:42+08:00 ] [ sql ] [ DB ] CONNECT:[ UseTime:0.000000s ] mysql:dbname=yuxin;host=127.0.0.1;port=3306;charset=utf8
[ sql ] [ SQL ] SHOW COLUMNS FROM `tc_permission` [ RunTime:0.015625s ]
[ sql ] [ SQL ] SELECT `id` FROM `tc_permission` WHERE  `url` = '/admin/user/show_user_list' LIMIT 1 [ RunTime:0.000000s ]
[ sql ] [ SQL ] SHOW COLUMNS FROM `tc_user` [ RunTime:0.015625s ]
[ sql ] [ SQL ] SELECT COUNT(*) AS tp_count FROM `tc_user` LIMIT 1 [ RunTime:0.000000s ]
[ sql ] [ SQL ] SELECT * FROM `tc_user` LIMIT 20,10 [ RunTime:0.000000s ]

---------------------------------------------------------------
[ 2018-07-10T23:02:47+08:00 ] [ sql ] [ DB ] CONNECT:[ UseTime:0.015625s ] mysql:dbname=yuxin;host=127.0.0.1;port=3306;charset=utf8
[ sql ] [ SQL ] SHOW COLUMNS FROM `tc_config` [ RunTime:0.015625s ]
[ sql ] [ SQL ] SELECT * FROM `tc_config` WHERE  `cate` = 'SEO' [ RunTime:0.000000s ]
[ sql ] [ SQL ] SELECT * FROM `tc_config` WHERE  `cate` = '网站' [ RunTime:0.000000s ]

---------------------------------------------------------------
[ 2018-07-10T23:11:14+08:00 ] [ error ] [0]MissingPhoneNumbers PhoneNumbers is mandatory for this action. HTTP Status: 400 RequestID: A93AA995-41FE-4841-851F-5718EFEA1D4F

---------------------------------------------------------------
[ 2018-07-10T23:21:51+08:00 ] [ sql ] [ DB ] CONNECT:[ UseTime:0.000000s ] mysql:dbname=yuxin;host=127.0.0.1;port=3306;charset=utf8
[ sql ] [ SQL ] SHOW COLUMNS FROM `tc_config` [ RunTime:0.015625s ]
[ sql ] [ SQL ] SELECT * FROM `tc_config` WHERE  `cate` = 'SEO' [ RunTime:0.000000s ]
[ sql ] [ SQL ] SELECT * FROM `tc_config` WHERE  `cate` = '网站' [ RunTime:0.000000s ]

---------------------------------------------------------------
[ 2018-07-10T23:22:16+08:00 ] [ sql ] [ DB ] CONNECT:[ UseTime:0.015625s ] mysql:dbname=yuxin;host=127.0.0.1;port=3306;charset=utf8
[ sql ] [ SQL ] SHOW COLUMNS FROM `tc_config` [ RunTime:0.000000s ]
[ sql ] [ SQL ] SELECT * FROM `tc_config` WHERE  `cate` = 'SEO' [ RunTime:0.015625s ]
[ sql ] [ SQL ] SELECT * FROM `tc_config` WHERE  `cate` = '网站' [ RunTime:0.000000s ]

---------------------------------------------------------------
